#
# There is insufficient memory for the Java Runtime Environment to continue.
# Native memory allocation (malloc) failed to allocate 32744 bytes for ChunkPool::allocate
# Possible reasons:
#   The system is out of physical RAM or swap space
#   The process is running with CompressedOops enabled, and the Java Heap may be blocking the growth of the native heap
# Possible solutions:
#   Reduce memory load on the system
#   Increase physical memory or swap space
#   Check if swap backing store is full
#   Decrease Java heap size (-Xmx/-Xms)
#   Decrease number of Java threads
#   Decrease Java thread stack sizes (-Xss)
#   Set larger code cache with -XX:ReservedCodeCacheSize=
#   JVM is running with Unscaled Compressed Oops mode in which the Java heap is
#     placed in the first 4GB address space. The Java Heap base address is the
#     maximum limit for the native heap growth. Please use -XX:HeapBaseMinAddress
#     to set the Java Heap base and to place the Java Heap above 4GB virtual address.
# This output file may be truncated or incomplete.
#
#  Out of Memory Error (allocation.cpp:272), pid=2968, tid=0x0000000000000f78
#
# JRE version: OpenJDK Runtime Environment (8.0_242-b01) (build 1.8.0_242-release-1644-b01)
# Java VM: OpenJDK 64-Bit Server VM (25.242-b01 mixed mode windows-amd64 compressed oops)
# Failed to write core dump. Minidumps are not enabled by default on client versions of Windows
#

---------------  T H R E A D  ---------------

Current thread (0x0000000058aee800):  JavaThread "C2 CompilerThread1" daemon [_thread_in_native, id=3960, stack(0x0000000058650000,0x0000000058750000)]

Stack: [0x0000000058650000,0x0000000058750000]
[error occurred during error reporting (printing stack bounds), id 0xc0000005]

Native frames: (J=compiled Java code, j=interpreted, Vv=VM code, C=native code)


Current CompileTask:
C2:  71396 14709       4       com.android.utils.XmlUtils::append (639 bytes)


---------------  P R O C E S S  ---------------

Java Threads: ( => current thread )
  0x000000005a5d1800 JavaThread "Cache worker for execution history cache (C:\Users\Ogiw\Documents\GitHub\Signal-Android\.gradle\6.5\executionHistory)" [_thread_blocked, id=3088, stack(0x0000000071af0000,0x0000000071bf0000)]
  0x000000005a5d1000 JavaThread "Execution worker for ':' Thread 3" [_thread_in_native, id=3996, stack(0x0000000071920000,0x0000000071a20000)]
  0x000000005a5d0000 JavaThread "Execution worker for ':' Thread 2" [_thread_blocked, id=2940, stack(0x0000000070640000,0x0000000070740000)]
  0x000000005a5ce800 JavaThread "Execution worker for ':'" [_thread_blocked, id=3720, stack(0x00000000716f0000,0x00000000717f0000)]
  0x000000005b58e000 JavaThread "Cache worker for file content cache (C:\Users\Ogiw\Documents\GitHub\Signal-Android\.gradle\6.5\fileContent)" [_thread_blocked, id=664, stack(0x0000000070df0000,0x0000000070ef0000)]
  0x000000005a5cd000 JavaThread "Exec process Thread 3" [_thread_blocked, id=3016, stack(0x000000006d230000,0x000000006d330000)]
  0x000000005a5cc800 JavaThread "Exec process Thread 2" [_thread_blocked, id=3464, stack(0x00000000702f0000,0x00000000703f0000)]
  0x000000005a5cb800 JavaThread "Exec process" [_thread_blocked, id=3968, stack(0x000000006db10000,0x000000006dc10000)]
  0x000000005b9c1000 JavaThread "Cache worker for Build Output Cleanup Cache (C:\Users\Ogiw\Documents\GitHub\Signal-Android\.gradle\buildOutputCleanup)" [_thread_blocked, id=1184, stack(0x000000006dff0000,0x000000006e0f0000)]
  0x000000005b9bf800 JavaThread "jar transforms Thread 126" [_thread_blocked, id=3444, stack(0x000000006dc70000,0x000000006dd70000)]
  0x000000005b9be800 JavaThread "jar transforms Thread 125" [_thread_blocked, id=1656, stack(0x000000006d9e0000,0x000000006dae0000)]
  0x000000005b9be000 JavaThread "jar transforms Thread 124" [_thread_blocked, id=3212, stack(0x000000006d030000,0x000000006d130000)]
  0x000000005b9bd000 JavaThread "jar transforms Thread 123" [_thread_blocked, id=3080, stack(0x000000006d7e0000,0x000000006d8e0000)]
  0x000000005b9bc800 JavaThread "jar transforms Thread 122" [_thread_blocked, id=2576, stack(0x000000006d660000,0x000000006d760000)]
  0x000000005b9bb800 JavaThread "jar transforms Thread 121" [_thread_blocked, id=3764, stack(0x000000006d480000,0x000000006d580000)]
  0x000000005e501000 JavaThread "jar transforms Thread 120" [_thread_blocked, id=3976, stack(0x000000006c430000,0x000000006c530000)]
  0x000000005e500800 JavaThread "jar transforms Thread 119" [_thread_blocked, id=3548, stack(0x000000006d360000,0x000000006d460000)]
  0x000000005e4ff800 JavaThread "jar transforms Thread 118" [_thread_blocked, id=3624, stack(0x000000006d130000,0x000000006d230000)]
  0x000000005e4ff000 JavaThread "jar transforms Thread 117" [_thread_blocked, id=3604, stack(0x000000006cec0000,0x000000006cfc0000)]
  0x000000005e4fe000 JavaThread "jar transforms Thread 116" [_thread_blocked, id=2224, stack(0x000000006cd50000,0x000000006ce50000)]
  0x000000005e4fd000 JavaThread "jar transforms Thread 115" [_thread_blocked, id=3480, stack(0x000000006cc10000,0x000000006cd10000)]
  0x000000005e4fc800 JavaThread "jar transforms Thread 114" [_thread_blocked, id=3312, stack(0x000000006c9c0000,0x000000006cac0000)]
  0x000000005e4fb800 JavaThread "jar transforms Thread 113" [_thread_blocked, id=1092, stack(0x000000006cac0000,0x000000006cbc0000)]
  0x000000005e4fb000 JavaThread "jar transforms Thread 112" [_thread_blocked, id=3636, stack(0x000000006c850000,0x000000006c950000)]
  0x000000005e4fa000 JavaThread "jar transforms Thread 111" [_thread_blocked, id=3008, stack(0x000000006c730000,0x000000006c830000)]
  0x000000005e4f9000 JavaThread "jar transforms Thread 110" [_thread_blocked, id=1676, stack(0x000000006bd00000,0x000000006be00000)]
  0x000000005e4f8800 JavaThread "jar transforms Thread 109" [_thread_blocked, id=2984, stack(0x000000006c530000,0x000000006c630000)]
  0x000000005e4f7800 JavaThread "jar transforms Thread 108" [_thread_blocked, id=2088, stack(0x000000006c320000,0x000000006c420000)]
  0x000000005e4f7000 JavaThread "jar transforms Thread 107" [_thread_blocked, id=3848, stack(0x000000006ad40000,0x000000006ae40000)]
  0x000000005e4f6000 JavaThread "jar transforms Thread 106" [_thread_blocked, id=3792, stack(0x000000006c1b0000,0x000000006c2b0000)]
  0x000000005e4f5000 JavaThread "jar transforms Thread 105" [_thread_blocked, id=3732, stack(0x000000006b820000,0x000000006b920000)]
  0x000000005e4f4800 JavaThread "jar transforms Thread 104" [_thread_blocked, id=3776, stack(0x000000006bfd0000,0x000000006c0d0000)]
  0x000000005e4f3800 JavaThread "jar transforms Thread 103" [_thread_blocked, id=3816, stack(0x000000006be20000,0x000000006bf20000)]
  0x000000005e4f3000 JavaThread "jar transforms Thread 102" [_thread_blocked, id=1260, stack(0x0000000069390000,0x0000000069490000)]
  0x000000005e4f2000 JavaThread "jar transforms Thread 101" [_thread_blocked, id=1508, stack(0x000000006bbf0000,0x000000006bcf0000)]
  0x000000005f2fb800 JavaThread "jar transforms Thread 100" [_thread_blocked, id=3492, stack(0x000000006b5d0000,0x000000006b6d0000)]
  0x000000005f2fa800 JavaThread "jar transforms Thread 99" [_thread_blocked, id=3124, stack(0x000000006bae0000,0x000000006bbe0000)]
  0x000000005f2fa000 JavaThread "jar transforms Thread 98" [_thread_blocked, id=3484, stack(0x000000006b920000,0x000000006ba20000)]
  0x000000005f2f9000 JavaThread "jar transforms Thread 97" [_thread_blocked, id=1192, stack(0x000000006b270000,0x000000006b370000)]
  0x000000005f2f8800 JavaThread "jar transforms Thread 96" [_thread_blocked, id=3588, stack(0x000000006b6f0000,0x000000006b7f0000)]
  0x000000005f2f7800 JavaThread "jar transforms Thread 95" [_thread_blocked, id=404, stack(0x000000006b4c0000,0x000000006b5c0000)]
  0x000000005f2f7000 JavaThread "jar transforms Thread 94" [_thread_blocked, id=1272, stack(0x000000006b3c0000,0x000000006b4c0000)]
  0x000000005f2f6000 JavaThread "jar transforms Thread 93" [_thread_blocked, id=932, stack(0x000000006b150000,0x000000006b250000)]
  0x000000005f2f5800 JavaThread "jar transforms Thread 92" [_thread_blocked, id=1732, stack(0x000000006b020000,0x000000006b120000)]
  0x000000005f2f4800 JavaThread "jar transforms Thread 91" [_thread_blocked, id=2916, stack(0x000000006ae60000,0x000000006af60000)]
  0x000000005be37000 JavaThread "jar transforms Thread 90" [_thread_blocked, id=1868, stack(0x000000006ac40000,0x000000006ad40000)]
  0x000000005be36800 JavaThread "jar transforms Thread 89" [_thread_blocked, id=3544, stack(0x00000000676c0000,0x00000000677c0000)]
  0x000000005be35800 JavaThread "jar transforms Thread 88" [_thread_blocked, id=2448, stack(0x0000000068d00000,0x0000000068e00000)]
  0x000000005be35000 JavaThread "jar transforms Thread 87" [_thread_blocked, id=2996, stack(0x000000006a990000,0x000000006aa90000)]
  0x000000005be34000 JavaThread "jar transforms Thread 86" [_thread_blocked, id=4012, stack(0x000000006aad0000,0x000000006abd0000)]
  0x000000005be33800 JavaThread "jar transforms Thread 85" [_thread_blocked, id=1492, stack(0x000000006a840000,0x000000006a940000)]
  0x000000005be32800 JavaThread "jar transforms Thread 84" [_thread_blocked, id=3884, stack(0x000000006a4e0000,0x000000006a5e0000)]
  0x000000005be32000 JavaThread "jar transforms Thread 83" [_thread_blocked, id=3844, stack(0x000000006a650000,0x000000006a750000)]
  0x000000005be31000 JavaThread "jar transforms Thread 82" [_thread_blocked, id=3780, stack(0x0000000069d50000,0x0000000069e50000)]
  0x000000005be30800 JavaThread "jar transforms Thread 81" [_thread_blocked, id=3112, stack(0x000000006a3b0000,0x000000006a4b0000)]
  0x000000005be2f000 JavaThread "jar transforms Thread 80" [_thread_blocked, id=3168, stack(0x000000006a1d0000,0x000000006a2d0000)]
  0x000000005be2e800 JavaThread "jar transforms Thread 79" [_thread_blocked, id=2364, stack(0x000000006a030000,0x000000006a130000)]
  0x000000005be2d800 JavaThread "jar transforms Thread 78" [_thread_blocked, id=1540, stack(0x0000000069e50000,0x0000000069f50000)]
  0x000000005be2d000 JavaThread "jar transforms Thread 77" [_thread_blocked, id=3056, stack(0x0000000069c20000,0x0000000069d20000)]
  0x000000005be2c000 JavaThread "jar transforms Thread 76" [_thread_blocked, id=2848, stack(0x0000000069ad0000,0x0000000069bd0000)]
  0x000000005be2b800 JavaThread "jar transforms Thread 75" [_thread_blocked, id=3100, stack(0x00000000699b0000,0x0000000069ab0000)]
  0x000000005be2a800 JavaThread "jar transforms Thread 74" [_thread_blocked, id=3468, stack(0x00000000697c0000,0x00000000698c0000)]
  0x000000005be2a000 JavaThread "jar transforms Thread 73" [_thread_blocked, id=3768, stack(0x0000000067e00000,0x0000000067f00000)]
  0x000000005be29000 JavaThread "jar transforms Thread 72" [_thread_blocked, id=2468, stack(0x0000000069620000,0x0000000069720000)]
  0x000000005be28800 JavaThread "jar transforms Thread 71" [_thread_blocked, id=3308, stack(0x0000000069190000,0x0000000069290000)]
  0x0000000059b6f000 JavaThread "jar transforms Thread 70" [_thread_blocked, id=3304, stack(0x0000000069490000,0x0000000069590000)]
  0x0000000059b6e000 JavaThread "jar transforms Thread 69" [_thread_blocked, id=524, stack(0x0000000069290000,0x0000000069390000)]
  0x0000000059b6d800 JavaThread "jar transforms Thread 68" [_thread_blocked, id=3448, stack(0x0000000069080000,0x0000000069180000)]
  0x0000000059b6c800 JavaThread "jar transforms Thread 67" [_thread_blocked, id=2020, stack(0x0000000068f50000,0x0000000069050000)]
  0x0000000059b6c000 JavaThread "jar transforms Thread 66" [_thread_blocked, id=2372, stack(0x0000000068e00000,0x0000000068f00000)]
  0x0000000059b6b000 JavaThread "jar transforms Thread 65" [_thread_blocked, id=1816, stack(0x0000000068bf0000,0x0000000068cf0000)]
  0x0000000059b6a800 JavaThread "jar transforms Thread 64" [_thread_blocked, id=3472, stack(0x0000000068ae0000,0x0000000068be0000)]
  0x0000000059b69800 JavaThread "jar transforms Thread 63" [_thread_blocked, id=2928, stack(0x0000000068970000,0x0000000068a70000)]
  0x0000000059b69000 JavaThread "jar transforms Thread 62" [_thread_blocked, id=1044, stack(0x00000000687d0000,0x00000000688d0000)]
  0x0000000059b68000 JavaThread "jar transforms Thread 61" [_thread_blocked, id=1600, stack(0x0000000068670000,0x0000000068770000)]
  0x0000000059b77000 JavaThread "jar transforms Thread 60" [_thread_blocked, id=3216, stack(0x0000000067240000,0x0000000067340000)]
  0x0000000059b76000 JavaThread "jar transforms Thread 59" [_thread_blocked, id=2864, stack(0x0000000068500000,0x0000000068600000)]
  0x0000000059b75800 JavaThread "jar transforms Thread 58" [_thread_blocked, id=2376, stack(0x00000000683a0000,0x00000000684a0000)]
  0x0000000059b74800 JavaThread "jar transforms Thread 57" [_thread_blocked, id=3508, stack(0x0000000068290000,0x0000000068390000)]
  0x0000000059b74000 JavaThread "jar transforms Thread 56" [_thread_blocked, id=1176, stack(0x0000000068150000,0x0000000068250000)]
  0x0000000059b73000 JavaThread "jar transforms Thread 55" [_thread_blocked, id=1220, stack(0x0000000068020000,0x0000000068120000)]
  0x0000000059b72800 JavaThread "jar transforms Thread 54" [_thread_blocked, id=2668, stack(0x0000000067490000,0x0000000067590000)]
  0x0000000059b71800 JavaThread "jar transforms Thread 53" [_thread_blocked, id=1560, stack(0x0000000067f00000,0x0000000068000000)]
  0x0000000059b71000 JavaThread "jar transforms Thread 52" [_thread_blocked, id=2444, stack(0x0000000067cf0000,0x0000000067df0000)]
  0x0000000059b70000 JavaThread "jar transforms Thread 51" [_thread_blocked, id=3988, stack(0x0000000067b30000,0x0000000067c30000)]
  0x000000005ba32800 JavaThread "jar transforms Thread 50" [_thread_blocked, id=1332, stack(0x0000000067950000,0x0000000067a50000)]
  0x000000005ba31800 JavaThread "jar transforms Thread 49" [_thread_blocked, id=3760, stack(0x00000000677c0000,0x00000000678c0000)]
  0x000000005ba31000 JavaThread "jar transforms Thread 48" [_thread_blocked, id=2720, stack(0x00000000675c0000,0x00000000676c0000)]
  0x000000005ba30000 JavaThread "jar transforms Thread 47" [_thread_blocked, id=3820, stack(0x0000000067370000,0x0000000067470000)]
  0x000000005ba2f800 JavaThread "jar transforms Thread 46" [_thread_blocked, id=2156, stack(0x0000000066ad0000,0x0000000066bd0000)]
  0x000000005ba2e800 JavaThread "jar transforms Thread 45" [_thread_blocked, id=1108, stack(0x0000000067110000,0x0000000067210000)]
  0x000000005ba2e000 JavaThread "jar transforms Thread 44" [_thread_blocked, id=1612, stack(0x0000000066d30000,0x0000000066e30000)]
  0x000000005ba2d000 JavaThread "jar transforms Thread 43" [_thread_blocked, id=3236, stack(0x0000000066fb0000,0x00000000670b0000)]
  0x000000005ba2c800 JavaThread "jar transforms Thread 42" [_thread_blocked, id=2960, stack(0x0000000066e50000,0x0000000066f50000)]
  0x000000005ba2b800 JavaThread "jar transforms Thread 41" [_thread_blocked, id=2520, stack(0x0000000066c20000,0x0000000066d20000)]
  0x000000005e32f800 JavaThread "jar transforms Thread 40" [_thread_blocked, id=3432, stack(0x00000000666e0000,0x00000000667e0000)]
  0x000000005e32f000 JavaThread "jar transforms Thread 39" [_thread_blocked, id=768, stack(0x0000000066990000,0x0000000066a90000)]
  0x000000005e32e000 JavaThread "jar transforms Thread 38" [_thread_blocked, id=828, stack(0x00000000667f0000,0x00000000668f0000)]
  0x000000005e32d800 JavaThread "jar transforms Thread 37" [_thread_blocked, id=2252, stack(0x0000000066590000,0x0000000066690000)]
  0x000000005e32c800 JavaThread "jar transforms Thread 36" [_thread_blocked, id=548, stack(0x00000000663b0000,0x00000000664b0000)]
  0x000000005e32c000 JavaThread "jar transforms Thread 35" [_thread_blocked, id=3744, stack(0x0000000066290000,0x0000000066390000)]
  0x000000005e32b000 JavaThread "jar transforms Thread 34" [_thread_blocked, id=3716, stack(0x0000000065e50000,0x0000000065f50000)]
  0x000000005e32a800 JavaThread "jar transforms Thread 33" [_thread_blocked, id=1756, stack(0x00000000660d0000,0x00000000661d0000)]
  0x000000005e329800 JavaThread "jar transforms Thread 32" [_thread_blocked, id=2692, stack(0x0000000065fb0000,0x00000000660b0000)]
  0x000000005e329000 JavaThread "jar transforms Thread 31" [_thread_blocked, id=2472, stack(0x00000000656a0000,0x00000000657a0000)]
  0x000000005bdef000 JavaThread "jar transforms Thread 30" [_thread_blocked, id=3640, stack(0x0000000065d30000,0x0000000065e30000)]
  0x000000005bdee000 JavaThread "jar transforms Thread 29" [_thread_blocked, id=3196, stack(0x0000000065ba0000,0x0000000065ca0000)]
  0x000000005bded800 JavaThread "jar transforms Thread 28" [_thread_blocked, id=920, stack(0x0000000065a40000,0x0000000065b40000)]
  0x000000005bdec800 JavaThread "jar transforms Thread 27" [_thread_blocked, id=1064, stack(0x0000000065930000,0x0000000065a30000)]
  0x000000005bdec000 JavaThread "jar transforms Thread 26" [_thread_blocked, id=3600, stack(0x000000005d4e0000,0x000000005d5e0000)]
  0x000000005bdeb000 JavaThread "jar transforms Thread 25" [_thread_blocked, id=4000, stack(0x00000000657c0000,0x00000000658c0000)]
  0x000000005bdea800 JavaThread "jar transforms Thread 24" [_thread_blocked, id=3452, stack(0x00000000650a0000,0x00000000651a0000)]
  0x000000005bde9800 JavaThread "jar transforms Thread 23" [_thread_blocked, id=3864, stack(0x00000000652c0000,0x00000000653c0000)]
  0x000000005bde9000 JavaThread "jar transforms Thread 22" [_thread_blocked, id=3260, stack(0x00000000654f0000,0x00000000655f0000)]
  0x000000005bde8000 JavaThread "jar transforms Thread 21" [_thread_blocked, id=3576, stack(0x00000000653f0000,0x00000000654f0000)]
  0x0000000059618800 JavaThread "jar transforms Thread 20" [_thread_blocked, id=3724, stack(0x0000000064350000,0x0000000064450000)]
  0x0000000059618000 JavaThread "jar transforms Thread 19" [_thread_blocked, id=2128, stack(0x00000000651c0000,0x00000000652c0000)]
  0x0000000059617000 JavaThread "jar transforms Thread 18" [_thread_blocked, id=2072, stack(0x0000000064fa0000,0x00000000650a0000)]
  0x0000000059616800 JavaThread "jar transforms Thread 17" [_thread_blocked, id=1588, stack(0x0000000064e10000,0x0000000064f10000)]
  0x0000000059615800 JavaThread "jar transforms Thread 16" [_thread_blocked, id=3952, stack(0x0000000064cc0000,0x0000000064dc0000)]
  0x0000000059615000 JavaThread "jar transforms Thread 15" [_thread_blocked, id=3836, stack(0x0000000064bb0000,0x0000000064cb0000)]
  0x0000000059614000 JavaThread "jar transforms Thread 14" [_thread_blocked, id=3928, stack(0x00000000649d0000,0x0000000064ad0000)]
  0x0000000059613800 JavaThread "jar transforms Thread 13" [_thread_blocked, id=3800, stack(0x0000000064810000,0x0000000064910000)]
  0x0000000059612800 JavaThread "jar transforms Thread 12" [_thread_blocked, id=3916, stack(0x0000000064660000,0x0000000064760000)]
  0x0000000059612000 JavaThread "jar transforms Thread 11" [_thread_blocked, id=3176, stack(0x0000000064480000,0x0000000064580000)]
  0x000000005b596000 JavaThread "jar transforms Thread 10" [_thread_blocked, id=1080, stack(0x0000000064250000,0x0000000064350000)]
  0x000000005b594800 JavaThread "jar transforms Thread 9" [_thread_blocked, id=2188, stack(0x00000000640e0000,0x00000000641e0000)]
  0x000000005b592800 JavaThread "jar transforms Thread 8" [_thread_blocked, id=3712, stack(0x0000000063fd0000,0x00000000640d0000)]
  0x0000000058de3800 JavaThread "jar transforms Thread 7" [_thread_blocked, id=264, stack(0x0000000063ce0000,0x0000000063de0000)]
  0x0000000058de2800 JavaThread "jar transforms Thread 6" [_thread_blocked, id=3628, stack(0x0000000063e20000,0x0000000063f20000)]
  0x0000000058de2000 JavaThread "jar transforms Thread 5" [_thread_blocked, id=536, stack(0x00000000639d0000,0x0000000063ad0000)]
  0x0000000058de1000 JavaThread "jar transforms Thread 4" [_thread_blocked, id=3224, stack(0x0000000063530000,0x0000000063630000)]
  0x0000000058de0800 JavaThread "jar transforms Thread 3" [_thread_blocked, id=2740, stack(0x0000000062db0000,0x0000000062eb0000)]
  0x0000000058ddf800 JavaThread "Build operations Thread 4" [_thread_blocked, id=3524, stack(0x0000000063360000,0x0000000063460000)]
  0x0000000058ddd800 JavaThread "Build operations Thread 3" [_thread_blocked, id=992, stack(0x0000000060540000,0x0000000060640000)]
  0x0000000058dde000 JavaThread "Build operations Thread 2" [_thread_blocked, id=3500, stack(0x0000000062c40000,0x0000000062d40000)]
  0x000000005b597000 JavaThread "jar transforms Thread 2" [_thread_blocked, id=1112, stack(0x00000000631b0000,0x00000000632b0000)]
  0x0000000058ddf000 JavaThread "Build operations" [_thread_blocked, id=3280, stack(0x0000000063b70000,0x0000000063c70000)]
  0x000000005b594000 JavaThread "Memory manager" [_thread_blocked, id=3908, stack(0x0000000062b20000,0x0000000062c20000)]
  0x000000005b58e800 JavaThread "Cache worker for file content cache (C:\Users\Ogiw\.gradle\caches\6.5\fileContent)" [_thread_blocked, id=3944, stack(0x00000000607d0000,0x00000000608d0000)]
  0x000000005b58d000 JavaThread "jar transforms" [_thread_blocked, id=2948, stack(0x00000000621b0000,0x00000000622b0000)]
  0x000000005b58c800 JavaThread "Cache worker for execution history cache (C:\Users\Ogiw\.gradle\caches\6.5\executionHistory)" [_thread_blocked, id=1252, stack(0x0000000061a70000,0x0000000061b70000)]
  0x000000005b58b800 JavaThread "Cache worker for cache directory md-rule (C:\Users\Ogiw\.gradle\caches\6.5\md-rule)" [_thread_blocked, id=2220, stack(0x00000000618e0000,0x00000000619e0000)]
  0x000000005b58b000 JavaThread "Cache worker for cache directory md-supplier (C:\Users\Ogiw\.gradle\caches\6.5\md-supplier)" [_thread_blocked, id=2732, stack(0x000000005ce10000,0x000000005cf10000)]
  0x000000005b58a000 JavaThread "Cache worker for checksums cache (C:\Users\Ogiw\Documents\GitHub\Signal-Android\.gradle\checksums)" [_thread_blocked, id=3068, stack(0x0000000060650000,0x0000000060750000)]
  0x000000005b589000 JavaThread "Cache worker for file hash cache (C:\Users\Ogiw\Documents\GitHub\Signal-Android\.gradle\6.5\fileHashes)" [_thread_blocked, id=2344, stack(0x000000005dd70000,0x000000005de70000)]
  0x000000005b588800 JavaThread "Cache worker for file hash cache (C:\Users\Ogiw\.gradle\caches\6.5\fileHashes)" [_thread_blocked, id=1584, stack(0x000000005de90000,0x000000005df90000)]
  0x000000005b587800 JavaThread "File lock request listener" [_thread_in_native, id=3000, stack(0x000000005dc70000,0x000000005dd70000)]
  0x000000005b46f800 JavaThread "Cache worker for journal cache (C:\Users\Ogiw\.gradle\caches\journal-1)" [_thread_blocked, id=3180, stack(0x000000005dac0000,0x000000005dbc0000)]
  0x000000005b2b2800 JavaThread "Thread-9" [_thread_blocked, id=2628, stack(0x000000005d720000,0x000000005d820000)]
  0x000000005b24f800 JavaThread "Asynchronous log dispatcher for DefaultDaemonConnection: socket connection from /127.0.0.1:49228 to /127.0.0.1:49229" [_thread_blocked, id=3656, stack(0x000000005d3e0000,0x000000005d4e0000)]
  0x000000005b232000 JavaThread "Daemon worker" [_thread_blocked, id=1504, stack(0x000000005d230000,0x000000005d330000)]
  0x000000005b222800 JavaThread "Cancel handler" [_thread_blocked, id=3460, stack(0x000000005d090000,0x000000005d190000)]
  0x000000005b23a000 JavaThread "Handler for socket connection from /127.0.0.1:49228 to /127.0.0.1:49229" [_thread_in_native, id=4008, stack(0x000000005cf20000,0x000000005d020000)]
  0x000000005b239000 JavaThread "Daemon" [_thread_blocked, id=172, stack(0x000000005c990000,0x000000005ca90000)]
  0x000000005b1c7000 JavaThread "Daemon periodic checks" [_thread_blocked, id=3704, stack(0x000000005caa0000,0x000000005cba0000)]
  0x000000005b1cb800 JavaThread "Incoming local TCP Connector on port 49228" [_thread_in_native, id=2116, stack(0x000000005c7b0000,0x000000005c8b0000)]
  0x000000005b0fe000 JavaThread "Daemon health stats" [_thread_blocked, id=3140, stack(0x000000005c130000,0x000000005c230000)]
  0x0000000058b5c800 JavaThread "Service Thread" daemon [_thread_blocked, id=2440, stack(0x0000000059230000,0x0000000059330000)]
  0x0000000058af0000 JavaThread "C1 CompilerThread2" daemon [_thread_in_vm, id=1808, stack(0x0000000058f20000,0x0000000059020000)]
=>0x0000000058aee800 JavaThread "C2 CompilerThread1" daemon [_thread_in_native, id=3960, stack(0x0000000058650000,0x0000000058750000)]
  0x0000000058ae0800 JavaThread "C2 CompilerThread0" daemon [_thread_in_native, id=3664, stack(0x0000000059050000,0x0000000059150000)]
  0x0000000057596800 JavaThread "Attach Listener" daemon [_thread_blocked, id=3420, stack(0x00000000588c0000,0x00000000589c0000)]
  0x000000005759f800 JavaThread "Signal Dispatcher" daemon [_thread_blocked, id=2980, stack(0x00000000589e0000,0x0000000058ae0000)]
  0x0000000057578800 JavaThread "Finalizer" daemon [_thread_blocked, id=1380, stack(0x0000000058760000,0x0000000058860000)]
  0x0000000057571800 JavaThread "Reference Handler" daemon [_thread_blocked, id=3104, stack(0x0000000058470000,0x0000000058570000)]
  0x000000000206e800 JavaThread "main" [_thread_blocked, id=3096, stack(0x0000000002120000,0x0000000002220000)]

Other Threads:
  0x000000005752a000 VMThread [stack: 0x00000000582c0000,0x00000000583c0000] [id=1948]
  0x0000000058b66000 WatcherThread [stack: 0x00000000593a0000,0x00000000594a0000] [id=948]

VM state:not at safepoint (normal execution)

VM Mutex/Monitor currently owned by a thread: None

heap address: 0x0000000080000000, size: 2048 MB, Compressed Oops mode: 32-bit
Narrow klass base: 0x0000000000000000, Narrow klass shift: 0
Compressed class space size: 1073741824 Address: 0x0000000016ba0000

Heap:
 PSYoungGen      total 364032K, used 341179K [0x00000000d5580000, 0x00000000ed700000, 0x0000000100000000)
  eden space 343552K, 99% used [0x00000000d5580000,0x00000000ea2aed10,0x00000000ea500000)
  from space 20480K, 0% used [0x00000000ebe00000,0x00000000ebe00000,0x00000000ed200000)
  to   space 25600K, 0% used [0x00000000ea500000,0x00000000ea500000,0x00000000ebe00000)
 ParOldGen       total 151040K, used 151027K [0x0000000080000000, 0x0000000089380000, 0x00000000d5580000)
  object space 151040K, 99% used [0x0000000080000000,0x000000008937cdd8,0x0000000089380000)
 Metaspace       used 78977K, capacity 84494K, committed 84632K, reserved 1122304K
  class space    used 10893K, capacity 12152K, committed 12208K, reserved 1048576K

Card table byte_map: [0x00000000118b0000,0x0000000011cc0000] byte_map_base: 0x00000000114b0000

Marking Bits: (ParMarkBitMap*) 0x000000007432f030
 Begin Bits: [0x00000000127a0000, 0x00000000147a0000)
 End Bits:   [0x00000000147a0000, 0x00000000167a0000)

Polling page: 0x0000000002050000

CodeCache: size=245760Kb used=40428Kb max_used=40428Kb free=205331Kb
 bounds [0x00000000024f0000, 0x0000000004ce0000, 0x00000000114f0000]
 total_blobs=13167 nmethods=12347 adapters=731
 compilation: enabled

Compilation events (10 events):
Event: 71.360 Thread 0x0000000058af0000 nmethod 14728 0x000000000363c750 code [0x000000000363c8c0, 0x000000000363cb48]
Event: 71.360 Thread 0x0000000058af0000 14729       2       com.google.common.base.Splitter$5::<init> (15 bytes)
Event: 71.360 Thread 0x0000000058af0000 nmethod 14729 0x00000000036e8810 code [0x00000000036e8960, 0x00000000036e8ad0]
Event: 71.360 Thread 0x0000000058af0000 14730       2       com.google.common.base.Splitter$5::iterator (12 bytes)
Event: 71.361 Thread 0x0000000058af0000 nmethod 14730 0x00000000036e81d0 code [0x00000000036e8340, 0x00000000036e8588]
Event: 71.361 Thread 0x0000000058af0000 14731       2       com.google.common.base.Splitter::access$000 (6 bytes)
Event: 71.361 Thread 0x0000000058af0000 nmethod 14731 0x0000000003524910 code [0x0000000003524a80, 0x0000000003524ca8]
Event: 71.363 Thread 0x0000000058af0000 14732       2       com.google.gson.stream.JsonReader::fillBuffer (168 bytes)
Event: 71.364 Thread 0x0000000058af0000 nmethod 14732 0x0000000003524250 code [0x00000000035243e0, 0x00000000035247b8]
Event: 71.381 Thread 0x0000000058af0000 14735       2       com.google.gson.stream.JsonReader::push (118 bytes)

GC Heap History (10 events):
Event: 38.679 GC heap before
{Heap before GC invocations=18 (full 3):
 PSYoungGen      total 364032K, used 364000K [0x00000000d5580000, 0x00000000ed700000, 0x0000000100000000)
  eden space 343552K, 100% used [0x00000000d5580000,0x00000000ea500000,0x00000000ea500000)
  from space 20480K, 99% used [0x00000000ebe00000,0x00000000ed1f8040,0x00000000ed200000)
  to   space 25600K, 0% used [0x00000000ea500000,0x00000000ea500000,0x00000000ebe00000)
 ParOldGen       total 78336K, used 41276K [0x0000000080000000, 0x0000000084c80000, 0x00000000d5580000)
  object space 78336K, 52% used [0x0000000080000000,0x000000008284f208,0x0000000084c80000)
 Metaspace       used 73619K, capacity 78330K, committed 78616K, reserved 1116160K
  class space    used 10358K, capacity 11516K, committed 11568K, reserved 1048576K
Event: 38.766 GC heap after
Heap after GC invocations=18 (full 3):
 PSYoungGen      total 369152K, used 25587K [0x00000000d5580000, 0x00000000ed700000, 0x0000000100000000)
  eden space 343552K, 0% used [0x00000000d5580000,0x00000000d5580000,0x00000000ea500000)
  from space 25600K, 99% used [0x00000000ea500000,0x00000000ebdfcfb8,0x00000000ebe00000)
  to   space 20480K, 0% used [0x00000000ebe00000,0x00000000ebe00000,0x00000000ed200000)
 ParOldGen       total 83968K, used 83725K [0x0000000080000000, 0x0000000085200000, 0x00000000d5580000)
  object space 83968K, 99% used [0x0000000080000000,0x00000000851c37d0,0x0000000085200000)
 Metaspace       used 73619K, capacity 78330K, committed 78616K, reserved 1116160K
  class space    used 10358K, capacity 11516K, committed 11568K, reserved 1048576K
}
Event: 38.766 GC heap before
{Heap before GC invocations=19 (full 4):
 PSYoungGen      total 369152K, used 25587K [0x00000000d5580000, 0x00000000ed700000, 0x0000000100000000)
  eden space 343552K, 0% used [0x00000000d5580000,0x00000000d5580000,0x00000000ea500000)
  from space 25600K, 99% used [0x00000000ea500000,0x00000000ebdfcfb8,0x00000000ebe00000)
  to   space 20480K, 0% used [0x00000000ebe00000,0x00000000ebe00000,0x00000000ed200000)
 ParOldGen       total 83968K, used 83725K [0x0000000080000000, 0x0000000085200000, 0x00000000d5580000)
  object space 83968K, 99% used [0x0000000080000000,0x00000000851c37d0,0x0000000085200000)
 Metaspace       used 73619K, capacity 78330K, committed 78616K, reserved 1116160K
  class space    used 10358K, capacity 11516K, committed 11568K, reserved 1048576K
Event: 39.657 GC heap after
Heap after GC invocations=19 (full 4):
 PSYoungGen      total 369152K, used 18868K [0x00000000d5580000, 0x00000000ed700000, 0x0000000100000000)
  eden space 343552K, 0% used [0x00000000d5580000,0x00000000d5580000,0x00000000ea500000)
  from space 25600K, 73% used [0x00000000ea500000,0x00000000eb76d100,0x00000000ebe00000)
  to   space 20480K, 0% used [0x00000000ebe00000,0x00000000ebe00000,0x00000000ed200000)
 ParOldGen       total 151040K, used 83685K [0x0000000080000000, 0x0000000089380000, 0x00000000d5580000)
  object space 151040K, 55% used [0x0000000080000000,0x00000000851b9670,0x0000000089380000)
 Metaspace       used 73619K, capacity 78330K, committed 78616K, reserved 1116160K
  class space    used 10358K, capacity 11516K, committed 11568K, reserved 1048576K
}
Event: 58.789 GC heap before
{Heap before GC invocations=20 (full 4):
 PSYoungGen      total 369152K, used 362420K [0x00000000d5580000, 0x00000000ed700000, 0x0000000100000000)
  eden space 343552K, 100% used [0x00000000d5580000,0x00000000ea500000,0x00000000ea500000)
  from space 25600K, 73% used [0x00000000ea500000,0x00000000eb76d100,0x00000000ebe00000)
  to   space 20480K, 0% used [0x00000000ebe00000,0x00000000ebe00000,0x00000000ed200000)
 ParOldGen       total 151040K, used 83685K [0x0000000080000000, 0x0000000089380000, 0x00000000d5580000)
  object space 151040K, 55% used [0x0000000080000000,0x00000000851b9670,0x0000000089380000)
 Metaspace       used 77134K, capacity 82604K, committed 82712K, reserved 1120256K
  class space    used 10720K, capacity 12009K, committed 12080K, reserved 1048576K
Event: 58.900 GC heap after
Heap after GC invocations=20 (full 4):
 PSYoungGen      total 364032K, used 20464K [0x00000000d5580000, 0x00000000ed700000, 0x0000000100000000)
  eden space 343552K, 0% used [0x00000000d5580000,0x00000000d5580000,0x00000000ea500000)
  from space 20480K, 99% used [0x00000000ebe00000,0x00000000ed1fc280,0x00000000ed200000)
  to   space 25600K, 0% used [0x00000000ea500000,0x00000000ea500000,0x00000000ebe00000)
 ParOldGen       total 151040K, used 127363K [0x0000000080000000, 0x0000000089380000, 0x00000000d5580000)
  object space 151040K, 84% used [0x0000000080000000,0x0000000087c60ff8,0x0000000089380000)
 Metaspace       used 77134K, capacity 82604K, committed 82712K, reserved 1120256K
  class space    used 10720K, capacity 12009K, committed 12080K, reserved 1048576K
}
Event: 58.900 GC heap before
{Heap before GC invocations=21 (full 5):
 PSYoungGen      total 364032K, used 20464K [0x00000000d5580000, 0x00000000ed700000, 0x0000000100000000)
  eden space 343552K, 0% used [0x00000000d5580000,0x00000000d5580000,0x00000000ea500000)
  from space 20480K, 99% used [0x00000000ebe00000,0x00000000ed1fc280,0x00000000ed200000)
  to   space 25600K, 0% used [0x00000000ea500000,0x00000000ea500000,0x00000000ebe00000)
 ParOldGen       total 151040K, used 127363K [0x0000000080000000, 0x0000000089380000, 0x00000000d5580000)
  object space 151040K, 84% used [0x0000000080000000,0x0000000087c60ff8,0x0000000089380000)
 Metaspace       used 77134K, capacity 82604K, committed 82712K, reserved 1120256K
  class space    used 10720K, capacity 12009K, committed 12080K, reserved 1048576K
Event: 59.494 GC heap after
Heap after GC invocations=21 (full 5):
 PSYoungGen      total 364032K, used 0K [0x00000000d5580000, 0x00000000ed700000, 0x0000000100000000)
  eden space 343552K, 0% used [0x00000000d5580000,0x00000000d5580000,0x00000000ea500000)
  from space 20480K, 0% used [0x00000000ebe00000,0x00000000ebe00000,0x00000000ed200000)
  to   space 25600K, 0% used [0x00000000ea500000,0x00000000ea500000,0x00000000ebe00000)
 ParOldGen       total 151040K, used 139487K [0x0000000080000000, 0x0000000089380000, 0x00000000d5580000)
  object space 151040K, 92% used [0x0000000080000000,0x0000000088837ee8,0x0000000089380000)
 Metaspace       used 77134K, capacity 82604K, committed 82712K, reserved 1120256K
  class space    used 10720K, capacity 12009K, committed 12080K, reserved 1048576K
}
Event: 66.710 GC heap before
{Heap before GC invocations=22 (full 6):
 PSYoungGen      total 364032K, used 343552K [0x00000000d5580000, 0x00000000ed700000, 0x0000000100000000)
  eden space 343552K, 100% used [0x00000000d5580000,0x00000000ea500000,0x00000000ea500000)
  from space 20480K, 0% used [0x00000000ebe00000,0x00000000ebe00000,0x00000000ed200000)
  to   space 25600K, 0% used [0x00000000ea500000,0x00000000ea500000,0x00000000ebe00000)
 ParOldGen       total 151040K, used 139487K [0x0000000080000000, 0x0000000089380000, 0x00000000d5580000)
  object space 151040K, 92% used [0x0000000080000000,0x0000000088837ee8,0x0000000089380000)
 Metaspace       used 78359K, capacity 83924K, committed 84120K, reserved 1122304K
  class space    used 10831K, capacity 12115K, committed 12208K, reserved 1048576K
Event: 68.387 GC heap after
Heap after GC invocations=22 (full 6):
 PSYoungGen      total 364032K, used 140738K [0x00000000d5580000, 0x00000000ed700000, 0x0000000100000000)
  eden space 343552K, 40% used [0x00000000d5580000,0x00000000ddef0a40,0x00000000ea500000)
  from space 20480K, 0% used [0x00000000ebe00000,0x00000000ebe00000,0x00000000ed200000)
  to   space 25600K, 0% used [0x00000000ea500000,0x00000000ea500000,0x00000000ebe00000)
 ParOldGen       total 151040K, used 151027K [0x0000000080000000, 0x0000000089380000, 0x00000000d5580000)
  object space 151040K, 99% used [0x0000000080000000,0x000000008937cdd8,0x0000000089380000)
 Metaspace       used 78359K, capacity 83924K, committed 84120K, reserved 1122304K
  class space    used 10831K, capacity 12115K, committed 12208K, reserved 1048576K
}

Deoptimization events (10 events):
Event: 71.078 Thread 0x000000005a5d1000 Uncommon trap: reason=bimorphic action=maybe_recompile pc=0x0000000003d334e4 method=com.sun.org.apache.xerces.internal.dom.NodeImpl.changed()V @ 1
Event: 71.078 Thread 0x000000005a5d1000 Uncommon trap: reason=bimorphic action=maybe_recompile pc=0x0000000003d334e4 method=com.sun.org.apache.xerces.internal.dom.NodeImpl.changed()V @ 1
Event: 71.079 Thread 0x000000005a5d1000 Uncommon trap: reason=unstable_if action=reinterpret pc=0x0000000003a0b614 method=com.sun.org.apache.xerces.internal.dom.ChildNode.parentNode()Lcom/sun/org/apache/xerces/internal/dom/NodeImpl; @ 4
Event: 71.083 Thread 0x000000005a5d1000 Uncommon trap: reason=unstable_if action=reinterpret pc=0x0000000004acd7c4 method=com.sun.org.apache.xerces.internal.dom.ElementImpl.getAttributes()Lorg/w3c/dom/NamedNodeMap; @ 4
Event: 71.111 Thread 0x000000005a5d1000 Uncommon trap: reason=unstable_if action=reinterpret pc=0x0000000004b4ef58 method=com.sun.org.apache.xerces.internal.dom.ParentNode.nodeListItem(I)Lorg/w3c/dom/Node; @ 76
Event: 71.111 Thread 0x000000005a5d1000 Uncommon trap: reason=unstable_if action=reinterpret pc=0x0000000004b344bc method=com.sun.org.apache.xerces.internal.dom.ParentNode.nodeListItem(I)Lorg/w3c/dom/Node; @ 139
Event: 71.113 Thread 0x000000005a5d1000 Uncommon trap: reason=unstable_if action=reinterpret pc=0x0000000004b5291c method=com.sun.org.apache.xerces.internal.dom.DeferredElementNSImpl.synchronizeData()V @ 46
Event: 71.131 Thread 0x000000005a5d1000 Uncommon trap: reason=null_check action=make_not_entrant pc=0x000000000321bd38 method=com.android.ide.common.resources.NodeUtils.processSingleNodeNamespace(Lorg/w3c/dom/Node;Lorg/w3c/dom/Document;)Z @ 8
Event: 71.144 Thread 0x000000005a5d1000 Uncommon trap: reason=unstable_if action=reinterpret pc=0x0000000003db0eb8 method=com.sun.org.apache.xerces.internal.dom.CoreDocumentImpl.undeferChildren(Lorg/w3c/dom/Node;)V @ 130
Event: 71.328 Thread 0x000000005a5d1000 Uncommon trap: reason=unstable_if action=reinterpret pc=0x00000000034dda14 method=com.google.gson.stream.JsonReader.nextQuotedValue(C)Ljava/lang/String; @ 96

Classes redefined (0 events):
No events

Internal exceptions (10 events):
Event: 58.788 Thread 0x000000005a5d1000 Exception <a 'java/lang/ClassNotFoundException': groovy/util/slurpersupport/AttributeBeanInfo> (0x00000000ea4f98d8) thrown at [C:\src\AOSP-openjdk-git\hotspot\src\share\vm\classfile\systemDictionary.cpp, line 210]
Event: 59.495 Thread 0x000000005a5d1000 Exception <a 'java/lang/ClassNotFoundException': groovy/util/slurpersupport/AttributeCustomizer> (0x00000000d558e160) thrown at [C:\src\AOSP-openjdk-git\hotspot\src\share\vm\classfile\systemDictionary.cpp, line 210]
Event: 59.568 Thread 0x000000005a5d1000 Implicit null exception at 0x0000000003aa2229 to 0x0000000003aa2869
Event: 66.033 Thread 0x000000005a5d1000 Implicit null exception at 0x0000000003593b0e to 0x0000000003593c91
Event: 66.257 Thread 0x000000005a5d1000 Implicit null exception at 0x0000000004ab012f to 0x0000000004ab034d
Event: 66.258 Thread 0x000000005a5d1000 Implicit null exception at 0x000000000355230a to 0x000000000355235d
Event: 66.291 Thread 0x000000005a5d1000 Exception <a 'java/lang/NoSuchMethodError': java.lang.Object.lambda$codePoints$1()Ljava/util/Spliterator$OfInt;> (0x00000000e5043a38) thrown at [C:\src\AOSP-openjdk-git\hotspot\src\share\vm\interpreter\linkResolver.cpp, line 620]
Event: 66.369 Thread 0x000000005a5d1000 Implicit null exception at 0x0000000004acda65 to 0x0000000004acdae9
Event: 68.501 Thread 0x000000005a5d1000 Implicit null exception at 0x0000000004b69fd0 to 0x0000000004b6dda5
Event: 71.131 Thread 0x000000005a5d1000 Implicit null exception at 0x000000000321b9d7 to 0x000000000321bd29

Events (10 events):
Event: 71.271 loading class com/android/builder/internal/aapt/v2/Aapt2RenamingConventions done
Event: 71.271 loading class com/android/builder/internal/aapt/v2/Aapt2Exception
Event: 71.272 loading class com/android/builder/internal/aapt/v2/Aapt2Exception done
Event: 71.272 loading class com/android/ide/common/blame/MergingLogPersistUtil
Event: 71.272 loading class com/android/ide/common/blame/MergingLogPersistUtil done
Event: 71.275 loading class com/android/ide/common/blame/MergingLogPersistUtil$SourcePositionsSerializer$JsonTypeAdapter
Event: 71.275 loading class com/android/ide/common/blame/MergingLogPersistUtil$SourcePositionsSerializer$JsonTypeAdapter done
Event: 71.328 Thread 0x000000005a5d1000 Uncommon trap: trap_request=0xffffff65 fr.pc=0x00000000034dda14
Event: 71.328 Thread 0x000000005a5d1000 DEOPT PACKING pc=0x00000000034dda14 sp=0x0000000071a1b190
Event: 71.328 Thread 0x000000005a5d1000 DEOPT UNPACKING pc=0x000000000253557b sp=0x0000000071a1b180 mode 2


Dynamic libraries:
0x000000013f180000 - 0x000000013f1b1000 	C:\Program Files\Android\Android Studio\jre\bin\java.exe
0x00000000772b0000 - 0x000000007744f000 	C:\Windows\SYSTEM32\ntdll.dll
0x0000000077190000 - 0x00000000772b0000 	C:\Windows\system32\kernel32.dll
0x000007fefcec0000 - 0x000007fefcf27000 	C:\Windows\system32\KERNELBASE.dll
0x000007fefee40000 - 0x000007fefef1b000 	C:\Windows\system32\ADVAPI32.dll
0x000007fefd380000 - 0x000007fefd41f000 	C:\Windows\system32\msvcrt.dll
0x000007fefd1d0000 - 0x000007fefd1ef000 	C:\Windows\SYSTEM32\sechost.dll
0x000007fefde90000 - 0x000007fefdfbd000 	C:\Windows\system32\RPCRT4.dll
0x0000000077090000 - 0x000000007718b000 	C:\Windows\system32\USER32.dll
0x000007fefdd40000 - 0x000007fefdda8000 	C:\Windows\system32\GDI32.dll
0x000007fefdd30000 - 0x000007fefdd3e000 	C:\Windows\system32\LPK.dll
0x000007fefef20000 - 0x000007fefefeb000 	C:\Windows\system32\USP10.dll
0x000007fefb6f0000 - 0x000007fefb8e5000 	C:\Windows\WinSxS\amd64_microsoft.windows.common-controls_6595b64144ccf1df_6.0.7601.24483_none_e372d88f30fbb845\COMCTL32.dll
0x000007fefd1f0000 - 0x000007fefd261000 	C:\Windows\system32\SHLWAPI.dll
0x000007fefed50000 - 0x000007fefed7e000 	C:\Windows\system32\IMM32.DLL
0x000007fefd270000 - 0x000007fefd37b000 	C:\Windows\system32\MSCTF.dll
0x00000000735f0000 - 0x00000000736c2000 	C:\Program Files\Android\Android Studio\jre\jre\bin\msvcr100.dll
0x0000000073b60000 - 0x00000000743ab000 	C:\Program Files\Android\Android Studio\jre\jre\bin\server\jvm.dll
0x000007fef4370000 - 0x000007fef4379000 	C:\Windows\system32\WSOCK32.dll
0x000007fefd6a0000 - 0x000007fefd6ed000 	C:\Windows\system32\WS2_32.dll
0x000007fefd1c0000 - 0x000007fefd1c8000 	C:\Windows\system32\NSI.dll
0x000007fef8ff0000 - 0x000007fef902b000 	C:\Windows\system32\WINMM.dll
0x000007fefbec0000 - 0x000007fefbecc000 	C:\Windows\system32\VERSION.dll
0x0000000077450000 - 0x0000000077457000 	C:\Windows\system32\PSAPI.DLL
0x000007fefa7a0000 - 0x000007fefa7af000 	C:\Program Files\Android\Android Studio\jre\jre\bin\verify.dll
0x000007fef4310000 - 0x000007fef4339000 	C:\Program Files\Android\Android Studio\jre\jre\bin\java.dll
0x000007fef3640000 - 0x000007fef3656000 	C:\Program Files\Android\Android Studio\jre\jre\bin\zip.dll
0x000007fefdfc0000 - 0x000007fefed4b000 	C:\Windows\system32\SHELL32.dll
0x000007feff0d0000 - 0x000007feff2d0000 	C:\Windows\system32\ole32.dll
0x000007fefce00000 - 0x000007fefce0f000 	C:\Windows\system32\profapi.dll
0x000007fef5cc0000 - 0x000007fef5cda000 	C:\Program Files\Android\Android Studio\jre\jre\bin\net.dll
0x000007fefc570000 - 0x000007fefc5c5000 	C:\Windows\system32\mswsock.dll
0x000007fefc740000 - 0x000007fefc747000 	C:\Windows\System32\wship6.dll
0x000007fef5ca0000 - 0x000007fef5cb3000 	C:\Program Files\Android\Android Studio\jre\jre\bin\nio.dll
0x000007fef3e70000 - 0x000007fef3e97000 	C:\Users\Ogiw\.gradle\native\f6784746aeab05261644944871eae4fe03e0ef1612fff0a4a95f87b438bc6780\windows-amd64\native-platform.dll
0x000007fef88a0000 - 0x000007fef88a3000 	C:\Windows\system32\api-ms-win-core-synch-l1-2-0.DLL
0x000007fefa790000 - 0x000007fefa79d000 	C:\Program Files\Android\Android Studio\jre\jre\bin\management.dll
0x000007fefc5d0000 - 0x000007fefc5e8000 	C:\Windows\system32\CRYPTSP.dll
0x000007fefc280000 - 0x000007fefc2c7000 	C:\Windows\system32\rsaenh.dll
0x000007fefcf50000 - 0x000007fefcf6f000 	C:\Windows\system32\USERENV.dll
0x000007fefcda0000 - 0x000007fefcdaf000 	C:\Windows\system32\CRYPTBASE.dll
0x000007fefa580000 - 0x000007fefa5a7000 	C:\Windows\system32\IPHLPAPI.DLL
0x000007fefa5f0000 - 0x000007fefa5fb000 	C:\Windows\system32\WINNSI.DLL
0x000007fefa440000 - 0x000007fefa458000 	C:\Windows\system32\dhcpcsvc.DLL
0x000007fefa420000 - 0x000007fefa431000 	C:\Windows\system32\dhcpcsvc6.DLL
0x000007fefcc20000 - 0x000007fefcc77000 	C:\Windows\system32\apphelp.dll

VM Arguments:
jvm_args: -Xmx2048m -Dfile.encoding=windows-1252 -Duser.country=US -Duser.language=en -Duser.variant 
java_command: org.gradle.launcher.daemon.bootstrap.GradleDaemon 6.5
java_class_path (initial): C:\Users\Ogiw\.gradle\wrapper\dists\gradle-6.5-all\2oz4ud9k3tuxjg84bbf55q0tn\gradle-6.5\lib\gradle-launcher-6.5.jar
Launcher Type: SUN_STANDARD

Environment Variables:
JAVA_HOME=C:\Program Files\Java\jdk1.8.0_281
PATH=C:\Program Files\Common Files\Oracle\Java\javapath;C:\Program Files (x86)\Common Files\Oracle\Java\javapath;C:\Program Files (x86)\Common Files\Intel\Shared Files\cpp\bin\Intel64;C:\Program Files\WinRAR;C:\Windows\system32;C:\Windows;C:\Windows\System32\Wbem;C:\Windows\System32\WindowsPowerShell\v1.0\;C:\adb;C:\Program Files\WIDCOMM\Bluetooth Software\;C:\Program Files\WIDCOMM\Bluetooth Software\syswow64;C:\Program Files\Gradle\gradle-6.5\bin;C:\Program Files\Java\jdk1.8.0_281\bin;C:\Program Files\Java\jre1.8.0_281\bin;C:\Users\Ogiw\AppData\Local\Android\Sdk\platform-tools;C:\Program Files\Git\cmd
USERNAME=Ogiw
OS=Windows_NT
PROCESSOR_IDENTIFIER=Intel64 Family 6 Model 42 Stepping 7, GenuineIntel



---------------  S Y S T E M  ---------------

OS: Windows 7 , 64 bit Build 7601 (6.1.7601.24560)

CPU:total 4 (initial active 4) (2 cores per cpu, 2 threads per core) family 6 model 42 stepping 7, cmov, cx8, fxsr, mmx, sse, sse2, sse3, ssse3, sse4.1, sse4.2, popcnt, avx, clmul, ht, tsc, tscinvbit

Memory: 4k page, physical 4103372k(186844k free), swap 4101472k(4820k free)

vm_info: OpenJDK 64-Bit Server VM (25.242-b01) for windows-amd64 JRE (1.8.0_242-release-1644-b01), built by "builder" with MS VC++ 10.0 (VS2010)

time: Mon Apr 19 12:05:45 2021
timezone: SE Asia Standard Time
elapsed time: 71 seconds (0d 0h 1m 11s)

