#
# There is insufficient memory for the Java Runtime Environment to continue.
# Native memory allocation (malloc) failed to allocate 599136 bytes for Chunk::new
# Possible reasons:
#   The system is out of physical RAM or swap space
#   The process is running with CompressedOops enabled, and the Java Heap may be blocking the growth of the native heap
# Possible solutions:
#   Reduce memory load on the system
#   Increase physical memory or swap space
#   Check if swap backing store is full
#   Decrease Java heap size (-Xmx/-Xms)
#   Decrease number of Java threads
#   Decrease Java thread stack sizes (-Xss)
#   Set larger code cache with -XX:ReservedCodeCacheSize=
#   JVM is running with Unscaled Compressed Oops mode in which the Java heap is
#     placed in the first 4GB address space. The Java Heap base address is the
#     maximum limit for the native heap growth. Please use -XX:HeapBaseMinAddress
#     to set the Java Heap base and to place the Java Heap above 4GB virtual address.
# This output file may be truncated or incomplete.
#
#  Out of Memory Error (allocation.cpp:389), pid=12136, tid=0x000000000000323c
#
# JRE version: OpenJDK Runtime Environment (8.0_242-b01) (build 1.8.0_242-release-1644-b01)
# Java VM: OpenJDK 64-Bit Server VM (25.242-b01 mixed mode windows-amd64 compressed oops)
# Failed to write core dump. Minidumps are not enabled by default on client versions of Windows
#

---------------  T H R E A D  ---------------

Current thread (0x0000000057636000):  JavaThread "C2 CompilerThread0" daemon [_thread_in_native, id=12860, stack(0x0000000059160000,0x0000000059260000)]

Stack: [0x0000000059160000,0x0000000059260000]
[error occurred during error reporting (printing stack bounds), id 0xc0000005]

Native frames: (J=compiled Java code, j=interpreted, Vv=VM code, C=native code)


Current CompileTask:
C2:  55170 15042   !   4       com.sun.org.apache.xerces.internal.impl.XMLDocumentFragmentScannerImpl$FragmentContentDriver::next (2346 bytes)


---------------  P R O C E S S  ---------------

Java Threads: ( => current thread )
  0x00000000609ac800 JavaThread "Cache worker for execution history cache (C:\Users\Ogiw\Documents\GitHub\Signal-Android\.gradle\6.5\executionHistory)" [_thread_blocked, id=3028, stack(0x0000000071a00000,0x0000000071b00000)]
  0x00000000609ab800 JavaThread "Execution worker for ':' Thread 3" [_thread_blocked, id=9136, stack(0x0000000071240000,0x0000000071340000)]
  0x00000000609ab000 JavaThread "Execution worker for ':' Thread 2" [_thread_blocked, id=9180, stack(0x0000000072e80000,0x0000000072f80000)]
  0x00000000609aa000 JavaThread "Execution worker for ':'" [_thread_in_native, id=9196, stack(0x0000000070cd0000,0x0000000070dd0000)]
  0x00000000609a9800 JavaThread "Cache worker for file content cache (C:\Users\Ogiw\Documents\GitHub\Signal-Android\.gradle\6.5\fileContent)" [_thread_blocked, id=9084, stack(0x0000000071900000,0x0000000071a00000)]
  0x0000000060d02000 JavaThread "Exec process Thread 3" [_thread_blocked, id=9076, stack(0x000000006d3c0000,0x000000006d4c0000)]
  0x0000000060d01000 JavaThread "Exec process Thread 2" [_thread_blocked, id=9292, stack(0x0000000071380000,0x0000000071480000)]
  0x0000000060d00800 JavaThread "Exec process" [_thread_blocked, id=8536, stack(0x000000006f510000,0x000000006f610000)]
  0x0000000060cfd800 JavaThread "Cache worker for Build Output Cleanup Cache (C:\Users\Ogiw\Documents\GitHub\Signal-Android\.gradle\buildOutputCleanup)" [_thread_blocked, id=880, stack(0x000000006e4a0000,0x000000006e5a0000)]
  0x0000000060cfc000 JavaThread "jar transforms Thread 126" [_thread_blocked, id=4788, stack(0x000000006e600000,0x000000006e700000)]
  0x0000000060cfb000 JavaThread "jar transforms Thread 125" [_thread_blocked, id=8572, stack(0x000000006e260000,0x000000006e360000)]
  0x000000005fd1d000 JavaThread "jar transforms Thread 124" [_thread_blocked, id=9272, stack(0x000000006e370000,0x000000006e470000)]
  0x000000005fd1c800 JavaThread "jar transforms Thread 123" [_thread_blocked, id=11044, stack(0x000000006dee0000,0x000000006dfe0000)]
  0x000000005fd1b800 JavaThread "jar transforms Thread 122" [_thread_blocked, id=8972, stack(0x000000006e110000,0x000000006e210000)]
  0x000000005fd1b000 JavaThread "jar transforms Thread 121" [_thread_blocked, id=8976, stack(0x000000006dfe0000,0x000000006e0e0000)]
  0x000000005fd1a000 JavaThread "jar transforms Thread 120" [_thread_blocked, id=8940, stack(0x000000006dab0000,0x000000006dbb0000)]
  0x000000005fd19800 JavaThread "jar transforms Thread 119" [_thread_blocked, id=8500, stack(0x000000006dd30000,0x000000006de30000)]
  0x000000005fd18800 JavaThread "jar transforms Thread 118" [_thread_blocked, id=1436, stack(0x000000006dbd0000,0x000000006dcd0000)]
  0x000000005fd17800 JavaThread "jar transforms Thread 117" [_thread_blocked, id=8908, stack(0x000000006d940000,0x000000006da40000)]
  0x000000005fd17000 JavaThread "jar transforms Thread 116" [_thread_blocked, id=8924, stack(0x000000006d820000,0x000000006d920000)]
  0x000000005fd16000 JavaThread "jar transforms Thread 115" [_thread_blocked, id=8416, stack(0x000000006d150000,0x000000006d250000)]
  0x000000005fdee000 JavaThread "jar transforms Thread 114" [_thread_blocked, id=8920, stack(0x000000006d630000,0x000000006d730000)]
  0x000000005fded000 JavaThread "jar transforms Thread 113" [_thread_blocked, id=3980, stack(0x000000006d4c0000,0x000000006d5c0000)]
  0x000000005fdec800 JavaThread "jar transforms Thread 112" [_thread_blocked, id=7032, stack(0x000000006d2b0000,0x000000006d3b0000)]
  0x000000005fdeb800 JavaThread "jar transforms Thread 111" [_thread_blocked, id=6196, stack(0x000000006d010000,0x000000006d110000)]
  0x000000005fdeb000 JavaThread "jar transforms Thread 110" [_thread_blocked, id=5216, stack(0x000000006ce40000,0x000000006cf40000)]
  0x000000005fdea000 JavaThread "jar transforms Thread 109" [_thread_blocked, id=7020, stack(0x000000006ccf0000,0x000000006cdf0000)]
  0x000000005fde9800 JavaThread "jar transforms Thread 108" [_thread_blocked, id=6964, stack(0x000000006cbd0000,0x000000006ccd0000)]
  0x000000005fde8800 JavaThread "jar transforms Thread 107" [_thread_blocked, id=9128, stack(0x000000006cac0000,0x000000006cbc0000)]
  0x000000005fde8000 JavaThread "jar transforms Thread 106" [_thread_blocked, id=8884, stack(0x000000006c8d0000,0x000000006c9d0000)]
  0x000000005fde7000 JavaThread "jar transforms Thread 105" [_thread_blocked, id=5276, stack(0x000000006b3e0000,0x000000006b4e0000)]
  0x0000000059e19800 JavaThread "jar transforms Thread 104" [_thread_blocked, id=8900, stack(0x000000006c210000,0x000000006c310000)]
  0x0000000059e19000 JavaThread "jar transforms Thread 103" [_thread_blocked, id=8896, stack(0x000000006c7c0000,0x000000006c8c0000)]
  0x0000000059e18000 JavaThread "jar transforms Thread 102" [_thread_blocked, id=8860, stack(0x000000006c620000,0x000000006c720000)]
  0x0000000059e17800 JavaThread "jar transforms Thread 101" [_thread_blocked, id=4424, stack(0x000000006a7b0000,0x000000006a8b0000)]
  0x0000000059e16800 JavaThread "jar transforms Thread 100" [_thread_blocked, id=8240, stack(0x000000006c4e0000,0x000000006c5e0000)]
  0x0000000059e16000 JavaThread "jar transforms Thread 99" [_thread_blocked, id=8872, stack(0x000000006c310000,0x000000006c410000)]
  0x0000000059e15000 JavaThread "jar transforms Thread 98" [_thread_blocked, id=8728, stack(0x000000006a560000,0x000000006a660000)]
  0x0000000059e14800 JavaThread "jar transforms Thread 97" [_thread_blocked, id=11244, stack(0x000000006c0d0000,0x000000006c1d0000)]
  0x0000000059e13800 JavaThread "jar transforms Thread 96" [_thread_blocked, id=4568, stack(0x000000006bf30000,0x000000006c030000)]
  0x0000000059e13000 JavaThread "jar transforms Thread 95" [_thread_blocked, id=3996, stack(0x000000006bd70000,0x000000006be70000)]
  0x000000005df0f000 JavaThread "jar transforms Thread 94" [_thread_blocked, id=4576, stack(0x000000006b2b0000,0x000000006b3b0000)]
  0x000000005df0e800 JavaThread "jar transforms Thread 93" [_thread_blocked, id=9108, stack(0x000000006b0d0000,0x000000006b1d0000)]
  0x000000005df0d800 JavaThread "jar transforms Thread 92" [_thread_blocked, id=8828, stack(0x000000006aef0000,0x000000006aff0000)]
  0x000000005df0d000 JavaThread "jar transforms Thread 91" [_thread_blocked, id=7268, stack(0x000000006ad10000,0x000000006ae10000)]
  0x000000005df0c000 JavaThread "jar transforms Thread 90" [_thread_blocked, id=1512, stack(0x0000000069df0000,0x0000000069ef0000)]
  0x000000005df0b800 JavaThread "jar transforms Thread 89" [_thread_blocked, id=3600, stack(0x000000006abd0000,0x000000006acd0000)]
  0x000000005df0a800 JavaThread "jar transforms Thread 88" [_thread_blocked, id=10736, stack(0x000000006aa20000,0x000000006ab20000)]
  0x000000005df0a000 JavaThread "jar transforms Thread 87" [_thread_blocked, id=8196, stack(0x000000006a8e0000,0x000000006a9e0000)]
  0x000000005df09000 JavaThread "jar transforms Thread 86" [_thread_blocked, id=8812, stack(0x000000006a680000,0x000000006a780000)]
  0x000000005df08800 JavaThread "jar transforms Thread 85" [_thread_blocked, id=8824, stack(0x000000006a430000,0x000000006a530000)]
  0x000000005e7c4000 JavaThread "jar transforms Thread 84" [_thread_blocked, id=9096, stack(0x000000006a290000,0x000000006a390000)]
  0x000000005e7c3800 JavaThread "jar transforms Thread 83" [_thread_blocked, id=8788, stack(0x0000000069a00000,0x0000000069b00000)]
  0x000000005e7c2800 JavaThread "jar transforms Thread 82" [_thread_blocked, id=8800, stack(0x000000006a110000,0x000000006a210000)]
  0x000000005e7c2000 JavaThread "jar transforms Thread 81" [_thread_blocked, id=8808, stack(0x000000006a010000,0x000000006a110000)]
  0x000000005e7c1000 JavaThread "jar transforms Thread 80" [_thread_blocked, id=2672, stack(0x0000000069ef0000,0x0000000069ff0000)]
  0x000000005e7c0800 JavaThread "jar transforms Thread 79" [_thread_blocked, id=1348, stack(0x0000000069ce0000,0x0000000069de0000)]
  0x000000005e7bf800 JavaThread "jar transforms Thread 78" [_thread_blocked, id=4728, stack(0x0000000069b80000,0x0000000069c80000)]
  0x000000005e7bf000 JavaThread "jar transforms Thread 77" [_thread_blocked, id=4720, stack(0x00000000698f0000,0x00000000699f0000)]
  0x000000005e7be000 JavaThread "jar transforms Thread 76" [_thread_blocked, id=8096, stack(0x0000000069760000,0x0000000069860000)]
  0x000000005e7bd800 JavaThread "jar transforms Thread 75" [_thread_blocked, id=5316, stack(0x0000000069500000,0x0000000069600000)]
  0x0000000060d0a000 JavaThread "jar transforms Thread 74" [_thread_blocked, id=9052, stack(0x0000000069630000,0x0000000069730000)]
  0x0000000060d09000 JavaThread "jar transforms Thread 73" [_thread_blocked, id=876, stack(0x0000000068710000,0x0000000068810000)]
  0x0000000060d08800 JavaThread "jar transforms Thread 72" [_thread_blocked, id=8764, stack(0x0000000069370000,0x0000000069470000)]
  0x0000000060d07800 JavaThread "jar transforms Thread 71" [_thread_blocked, id=7224, stack(0x00000000691d0000,0x00000000692d0000)]
  0x0000000060d07000 JavaThread "jar transforms Thread 70" [_thread_blocked, id=8200, stack(0x0000000068ae0000,0x0000000068be0000)]
  0x0000000060d06000 JavaThread "jar transforms Thread 69" [_thread_blocked, id=3440, stack(0x0000000069070000,0x0000000069170000)]
  0x0000000060d05800 JavaThread "jar transforms Thread 68" [_thread_blocked, id=8392, stack(0x0000000068350000,0x0000000068450000)]
  0x0000000060d04800 JavaThread "jar transforms Thread 67" [_thread_blocked, id=12284, stack(0x0000000068e90000,0x0000000068f90000)]
  0x0000000060d04000 JavaThread "jar transforms Thread 66" [_thread_blocked, id=13696, stack(0x0000000068d80000,0x0000000068e80000)]
  0x0000000060d03000 JavaThread "jar transforms Thread 65" [_thread_blocked, id=8780, stack(0x0000000068bf0000,0x0000000068cf0000)]
  0x000000005e7cc000 JavaThread "jar transforms Thread 64" [_thread_blocked, id=9088, stack(0x00000000689d0000,0x0000000068ad0000)]
  0x000000005e7cb800 JavaThread "jar transforms Thread 63" [_thread_blocked, id=9080, stack(0x0000000068860000,0x0000000068960000)]
  0x000000005e7ca800 JavaThread "jar transforms Thread 62" [_thread_blocked, id=9092, stack(0x0000000068610000,0x0000000068710000)]
  0x000000005e7ca000 JavaThread "jar transforms Thread 61" [_thread_blocked, id=1308, stack(0x0000000068480000,0x0000000068580000)]
  0x000000005e7c9000 JavaThread "jar transforms Thread 60" [_thread_blocked, id=8688, stack(0x0000000067e10000,0x0000000067f10000)]
  0x000000005e7c8800 JavaThread "jar transforms Thread 59" [_thread_blocked, id=6192, stack(0x0000000068240000,0x0000000068340000)]
  0x000000005e7c7800 JavaThread "jar transforms Thread 58" [_thread_blocked, id=7276, stack(0x00000000680f0000,0x00000000681f0000)]
  0x000000005e7c7000 JavaThread "jar transforms Thread 57" [_thread_blocked, id=3612, stack(0x0000000067f40000,0x0000000068040000)]
  0x000000005e7c6000 JavaThread "jar transforms Thread 56" [_thread_blocked, id=8328, stack(0x0000000067d10000,0x0000000067e10000)]
  0x000000005e7c5800 JavaThread "jar transforms Thread 55" [_thread_blocked, id=13784, stack(0x0000000067b40000,0x0000000067c40000)]
  0x000000005b624000 JavaThread "jar transforms Thread 54" [_thread_blocked, id=4420, stack(0x0000000067660000,0x0000000067760000)]
  0x000000005b623000 JavaThread "jar transforms Thread 53" [_thread_blocked, id=7284, stack(0x0000000067950000,0x0000000067a50000)]
  0x000000005b622800 JavaThread "jar transforms Thread 52" [_thread_blocked, id=4564, stack(0x0000000067120000,0x0000000067220000)]
  0x000000005b621800 JavaThread "jar transforms Thread 51" [_thread_blocked, id=1492, stack(0x00000000677b0000,0x00000000678b0000)]
  0x000000005b621000 JavaThread "jar transforms Thread 50" [_thread_blocked, id=5680, stack(0x0000000067510000,0x0000000067610000)]
  0x000000005b620000 JavaThread "jar transforms Thread 49" [_thread_blocked, id=7004, stack(0x0000000067360000,0x0000000067460000)]
  0x000000005b61f800 JavaThread "jar transforms Thread 48" [_thread_blocked, id=8776, stack(0x0000000067230000,0x0000000067330000)]
  0x000000005b61e800 JavaThread "jar transforms Thread 47" [_thread_blocked, id=12488, stack(0x00000000669e0000,0x0000000066ae0000)]
  0x000000005b61e000 JavaThread "jar transforms Thread 46" [_thread_blocked, id=8408, stack(0x0000000067000000,0x0000000067100000)]
  0x000000005b61d000 JavaThread "jar transforms Thread 45" [_thread_blocked, id=4024, stack(0x0000000066ed0000,0x0000000066fd0000)]
  0x000000005a0b5800 JavaThread "jar transforms Thread 44" [_thread_blocked, id=8732, stack(0x0000000066c50000,0x0000000066d50000)]
  0x000000005a0b5000 JavaThread "jar transforms Thread 43" [_thread_blocked, id=8744, stack(0x0000000066d60000,0x0000000066e60000)]
  0x000000005a0b4000 JavaThread "jar transforms Thread 42" [_thread_blocked, id=8736, stack(0x0000000066b30000,0x0000000066c30000)]
  0x000000005a0b3800 JavaThread "jar transforms Thread 41" [_thread_blocked, id=9060, stack(0x00000000668c0000,0x00000000669c0000)]
  0x000000005a0b2800 JavaThread "jar transforms Thread 40" [_thread_blocked, id=4672, stack(0x0000000066710000,0x0000000066810000)]
  0x000000005a0b2000 JavaThread "jar transforms Thread 39" [_thread_blocked, id=8716, stack(0x0000000066540000,0x0000000066640000)]
  0x000000005a0b1000 JavaThread "jar transforms Thread 38" [_thread_blocked, id=8756, stack(0x0000000066390000,0x0000000066490000)]
  0x000000005a0b0800 JavaThread "jar transforms Thread 37" [_thread_blocked, id=10412, stack(0x0000000066020000,0x0000000066120000)]
  0x000000005a0af800 JavaThread "jar transforms Thread 36" [_thread_blocked, id=8704, stack(0x00000000661c0000,0x00000000662c0000)]
  0x000000005a0af000 JavaThread "jar transforms Thread 35" [_thread_blocked, id=8696, stack(0x0000000065c40000,0x0000000065d40000)]
  0x0000000058c38800 JavaThread "jar transforms Thread 34" [_thread_blocked, id=6852, stack(0x0000000065f20000,0x0000000066020000)]
  0x0000000058c37800 JavaThread "jar transforms Thread 33" [_thread_blocked, id=8708, stack(0x0000000065d40000,0x0000000065e40000)]
  0x0000000058c37000 JavaThread "jar transforms Thread 32" [_thread_blocked, id=9028, stack(0x0000000065b20000,0x0000000065c20000)]
  0x0000000058c36000 JavaThread "jar transforms Thread 31" [_thread_blocked, id=4572, stack(0x0000000065950000,0x0000000065a50000)]
  0x0000000058c35800 JavaThread "jar transforms Thread 30" [_thread_blocked, id=8656, stack(0x0000000064780000,0x0000000064880000)]
  0x0000000058c34800 JavaThread "jar transforms Thread 29" [_thread_blocked, id=9032, stack(0x0000000064d00000,0x0000000064e00000)]
  0x0000000058c34000 JavaThread "jar transforms Thread 28" [_thread_blocked, id=9056, stack(0x0000000065800000,0x0000000065900000)]
  0x0000000058c33000 JavaThread "jar transforms Thread 27" [_thread_blocked, id=4632, stack(0x0000000065620000,0x0000000065720000)]
  0x0000000058c32800 JavaThread "jar transforms Thread 26" [_thread_blocked, id=8692, stack(0x000000005c8a0000,0x000000005c9a0000)]
  0x0000000058c31800 JavaThread "jar transforms Thread 25" [_thread_blocked, id=8676, stack(0x00000000654e0000,0x00000000655e0000)]
  0x000000005a524800 JavaThread "jar transforms Thread 24" [_thread_blocked, id=9040, stack(0x00000000653e0000,0x00000000654e0000)]
  0x000000005a523800 JavaThread "jar transforms Thread 23" [_thread_blocked, id=8672, stack(0x0000000065220000,0x0000000065320000)]
  0x000000005a523000 JavaThread "jar transforms Thread 22" [_thread_blocked, id=10532, stack(0x0000000065110000,0x0000000065210000)]
  0x000000005a522000 JavaThread "jar transforms Thread 21" [_thread_blocked, id=13728, stack(0x0000000064f20000,0x0000000065020000)]
  0x000000005a521800 JavaThread "jar transforms Thread 20" [_thread_blocked, id=11624, stack(0x0000000064e00000,0x0000000064f00000)]
  0x000000005a520800 JavaThread "jar transforms Thread 19" [_thread_blocked, id=8664, stack(0x0000000064be0000,0x0000000064ce0000)]
  0x000000005a520000 JavaThread "jar transforms Thread 18" [_thread_blocked, id=8636, stack(0x0000000064aa0000,0x0000000064ba0000)]
  0x000000005a51f000 JavaThread "jar transforms Thread 17" [_thread_blocked, id=8620, stack(0x00000000648b0000,0x00000000649b0000)]
  0x000000005a51e800 JavaThread "jar transforms Thread 16" [_thread_blocked, id=8648, stack(0x0000000064680000,0x0000000064780000)]
  0x000000005a51d800 JavaThread "jar transforms Thread 15" [_thread_blocked, id=8608, stack(0x00000000635d0000,0x00000000636d0000)]
  0x0000000060b47000 JavaThread "jar transforms Thread 14" [_thread_blocked, id=8612, stack(0x0000000064280000,0x0000000064380000)]
  0x0000000060b46800 JavaThread "jar transforms Thread 13" [_thread_blocked, id=1828, stack(0x0000000064550000,0x0000000064650000)]
  0x0000000060b45800 JavaThread "jar transforms Thread 12" [_thread_blocked, id=2112, stack(0x00000000643b0000,0x00000000644b0000)]
  0x0000000060b45000 JavaThread "jar transforms Thread 11" [_thread_blocked, id=7504, stack(0x0000000064180000,0x0000000064280000)]
  0x0000000060b44000 JavaThread "jar transforms Thread 10" [_thread_blocked, id=2692, stack(0x0000000063f90000,0x0000000064090000)]
  0x0000000060b43800 JavaThread "jar transforms Thread 9" [_thread_blocked, id=1336, stack(0x0000000063e90000,0x0000000063f90000)]
  0x0000000060b42800 JavaThread "jar transforms Thread 8" [_thread_blocked, id=2092, stack(0x0000000063390000,0x0000000063490000)]
  0x0000000060b42000 JavaThread "jar transforms Thread 7" [_thread_blocked, id=852, stack(0x0000000063ce0000,0x0000000063de0000)]
  0x0000000060b41000 JavaThread "jar transforms Thread 6" [_thread_blocked, id=8604, stack(0x0000000063bc0000,0x0000000063cc0000)]
  0x0000000060b40800 JavaThread "jar transforms Thread 5" [_thread_blocked, id=8560, stack(0x00000000636f0000,0x00000000637f0000)]
  0x000000005b43c800 JavaThread "jar transforms Thread 4" [_thread_blocked, id=3392, stack(0x00000000634c0000,0x00000000635c0000)]
  0x000000005b43b000 JavaThread "jar transforms Thread 3" [_thread_blocked, id=8592, stack(0x00000000601d0000,0x00000000602d0000)]
  0x000000005b43a800 JavaThread "Build operations Thread 4" [_thread_blocked, id=8584, stack(0x0000000063220000,0x0000000063320000)]
  0x000000005b438000 JavaThread "Build operations Thread 3" [_thread_blocked, id=3472, stack(0x0000000063100000,0x0000000063200000)]
  0x000000005b43d800 JavaThread "Build operations Thread 2" [_thread_blocked, id=11404, stack(0x0000000062730000,0x0000000062830000)]
  0x000000005b43c000 JavaThread "jar transforms Thread 2" [_thread_blocked, id=8552, stack(0x00000000639d0000,0x0000000063ad0000)]
  0x000000005b43e000 JavaThread "Build operations" [_thread_blocked, id=2020, stack(0x0000000063870000,0x0000000063970000)]
  0x000000005b439800 JavaThread "Memory manager" [_thread_blocked, id=8520, stack(0x00000000616c0000,0x00000000617c0000)]
  0x000000005b435000 JavaThread "Cache worker for file content cache (C:\Users\Ogiw\.gradle\caches\6.5\fileContent)" [_thread_blocked, id=8980, stack(0x00000000621f0000,0x00000000622f0000)]
  0x000000005b433800 JavaThread "jar transforms" [_thread_blocked, id=8504, stack(0x00000000620b0000,0x00000000621b0000)]
  0x000000005b433000 JavaThread "Cache worker for execution history cache (C:\Users\Ogiw\.gradle\caches\6.5\executionHistory)" [_thread_blocked, id=8476, stack(0x00000000617c0000,0x00000000618c0000)]
  0x000000005b432000 JavaThread "Cache worker for cache directory md-rule (C:\Users\Ogiw\.gradle\caches\6.5\md-rule)" [_thread_blocked, id=8484, stack(0x00000000615c0000,0x00000000616c0000)]
  0x000000005b431800 JavaThread "Cache worker for cache directory md-supplier (C:\Users\Ogiw\.gradle\caches\6.5\md-supplier)" [_thread_blocked, id=8488, stack(0x00000000600a0000,0x00000000601a0000)]
  0x000000005b430800 JavaThread "Cache worker for checksums cache (C:\Users\Ogiw\Documents\GitHub\Signal-Android\.gradle\checksums)" [_thread_blocked, id=3904, stack(0x00000000614c0000,0x00000000615c0000)]
  0x000000005b430000 JavaThread "Cache worker for file hash cache (C:\Users\Ogiw\Documents\GitHub\Signal-Android\.gradle\6.5\fileHashes)" [_thread_blocked, id=12292, stack(0x00000000618d0000,0x00000000619d0000)]
  0x000000005b42f000 JavaThread "Cache worker for file hash cache (C:\Users\Ogiw\.gradle\caches\6.5\fileHashes)" [_thread_blocked, id=8456, stack(0x000000005dbc0000,0x000000005dcc0000)]
  0x000000005b4ed800 JavaThread "File lock request listener" [_thread_in_native, id=12312, stack(0x000000005da20000,0x000000005db20000)]
  0x000000005b28c800 JavaThread "Cache worker for journal cache (C:\Users\Ogiw\.gradle\caches\journal-1)" [_thread_blocked, id=12080, stack(0x000000005d8a0000,0x000000005d9a0000)]
  0x000000005b179000 JavaThread "Thread-9" [_thread_blocked, id=8948, stack(0x000000005d380000,0x000000005d480000)]
  0x000000005b187800 JavaThread "Stdin handler" [_thread_blocked, id=8448, stack(0x000000005d4b0000,0x000000005d5b0000)]
  0x000000005b14a800 JavaThread "Asynchronous log dispatcher for DefaultDaemonConnection: socket connection from /127.0.0.1:63231 to /127.0.0.1:63232" [_thread_blocked, id=8952, stack(0x000000005d0e0000,0x000000005d1e0000)]
  0x000000005b14a000 JavaThread "Daemon worker" [_thread_blocked, id=8428, stack(0x000000005d200000,0x000000005d300000)]
  0x000000005b149000 JavaThread "Cancel handler" [_thread_blocked, id=8404, stack(0x0000000058780000,0x0000000058880000)]
  0x000000005b111000 JavaThread "Handler for socket connection from /127.0.0.1:63231 to /127.0.0.1:63232" [_thread_in_native, id=8384, stack(0x000000005cf60000,0x000000005d060000)]
  0x000000005b0ac800 JavaThread "Daemon" [_thread_blocked, id=6208, stack(0x000000005cb90000,0x000000005cc90000)]
  0x000000005b0a7800 JavaThread "Daemon periodic checks" [_thread_blocked, id=8388, stack(0x000000005c9a0000,0x000000005caa0000)]
  0x000000005b0ae000 JavaThread "Incoming local TCP Connector on port 63231" [_thread_in_native, id=11648, stack(0x000000005c7a0000,0x000000005c8a0000)]
  0x000000005b031800 JavaThread "Daemon health stats" [_thread_blocked, id=8916, stack(0x000000005c1e0000,0x000000005c2e0000)]
  0x0000000058a30000 JavaThread "Service Thread" daemon [_thread_blocked, id=11860, stack(0x00000000593c0000,0x00000000594c0000)]
  0x00000000589bf000 JavaThread "C1 CompilerThread2" daemon [_thread_blocked, id=12844, stack(0x00000000594f0000,0x00000000595f0000)]
  0x000000005763e800 JavaThread "C2 CompilerThread1" daemon [_thread_in_native, id=13700, stack(0x0000000059280000,0x0000000059380000)]
=>0x0000000057636000 JavaThread "C2 CompilerThread0" daemon [_thread_in_native, id=12860, stack(0x0000000059160000,0x0000000059260000)]
  0x0000000057634800 JavaThread "Attach Listener" daemon [_thread_blocked, id=12904, stack(0x0000000058fa0000,0x00000000590a0000)]
  0x0000000057634000 JavaThread "Signal Dispatcher" daemon [_thread_blocked, id=12864, stack(0x0000000058dd0000,0x0000000058ed0000)]
  0x000000005761c000 JavaThread "Finalizer" daemon [_thread_blocked, id=12828, stack(0x00000000588b0000,0x00000000589b0000)]
  0x0000000057615000 JavaThread "Reference Handler" daemon [_thread_blocked, id=12900, stack(0x0000000058680000,0x0000000058780000)]
  0x00000000020fe800 JavaThread "main" [_thread_blocked, id=8340, stack(0x0000000002360000,0x0000000002460000)]

Other Threads:
  0x00000000575cd800 VMThread [stack: 0x00000000584f0000,0x00000000585f0000] [id=12852]
  0x0000000058a50800 WatcherThread [stack: 0x0000000059620000,0x0000000059720000] [id=12856]

VM state:not at safepoint (normal execution)

VM Mutex/Monitor currently owned by a thread: None

heap address: 0x0000000080000000, size: 2048 MB, Compressed Oops mode: 32-bit
Narrow klass base: 0x0000000000000000, Narrow klass shift: 0
Compressed class space size: 1073741824 Address: 0x0000000016c40000

Heap:
 PSYoungGen      total 459264K, used 74143K [0x00000000d5580000, 0x00000000f8580000, 0x0000000100000000)
  eden space 400384K, 14% used [0x00000000d5580000,0x00000000d8dd79f0,0x00000000edc80000)
  from space 58880K, 27% used [0x00000000edc80000,0x00000000eec90210,0x00000000f1600000)
  to   space 60928K, 0% used [0x00000000f4a00000,0x00000000f4a00000,0x00000000f8580000)
 ParOldGen       total 250368K, used 152132K [0x0000000080000000, 0x000000008f480000, 0x00000000d5580000)
  object space 250368K, 60% used [0x0000000080000000,0x00000000894912b8,0x000000008f480000)
 Metaspace       used 78914K, capacity 84428K, committed 84632K, reserved 1122304K
  class space    used 10853K, capacity 12125K, committed 12208K, reserved 1048576K

Card table byte_map: [0x0000000011af0000,0x0000000011f00000] byte_map_base: 0x00000000116f0000

Marking Bits: (ParMarkBitMap*) 0x000000006bcaf030
 Begin Bits: [0x0000000012840000, 0x0000000014840000)
 End Bits:   [0x0000000014840000, 0x0000000016840000)

Polling page: 0x0000000000540000

CodeCache: size=245760Kb used=39106Kb max_used=39108Kb free=206653Kb
 bounds [0x0000000002730000, 0x0000000004da0000, 0x0000000011730000]
 total_blobs=13253 nmethods=12437 adapters=728
 compilation: enabled

Compilation events (10 events):
Event: 55.128 Thread 0x00000000589bf000 15040       3       com.android.utils.PositionXmlParser$DomBuilder::flushText (114 bytes)
Event: 55.128 Thread 0x0000000057636000 15042   !   4       com.sun.org.apache.xerces.internal.impl.XMLDocumentFragmentScannerImpl$FragmentContentDriver::next (2346 bytes)
Event: 55.129 Thread 0x000000005763e800 15043       4       com.sun.org.apache.xerces.internal.dom.TextImpl::<init> (7 bytes)
Event: 55.130 Thread 0x00000000589bf000 nmethod 15040 0x0000000004d7a150 code [0x0000000004d7a3e0, 0x0000000004d7b7e8]
Event: 55.130 Thread 0x00000000589bf000 15041       2       com.sun.org.apache.xerces.internal.dom.CoreDocumentImpl::createTextNode (10 bytes)
Event: 55.130 Thread 0x000000005763e800 nmethod 15043 0x0000000003bb47d0 code [0x0000000003bb4900, 0x0000000003bb4978]
Event: 55.130 Thread 0x00000000589bf000 nmethod 15041 0x0000000004d79d90 code [0x0000000004d79ee0, 0x0000000004d7a0b0]
Event: 55.133 Thread 0x000000005763e800 15044       4       com.android.ide.common.resources.ValueResourceParser2::parseFile (203 bytes)
Event: 55.154 Thread 0x00000000589bf000 15045       3       com.sun.org.apache.xerces.internal.impl.XMLEntityScanner::scanContent (690 bytes)
Event: 55.157 Thread 0x00000000589bf000 nmethod 15045 0x0000000004d8fd50 code [0x0000000004d90000, 0x0000000004d913e8]

GC Heap History (10 events):
Event: 22.546 GC heap before
{Heap before GC invocations=18 (full 3):
 PSYoungGen      total 347648K, used 347639K [0x00000000d5580000, 0x00000000ec780000, 0x0000000100000000)
  eden space 327168K, 100% used [0x00000000d5580000,0x00000000e9500000,0x00000000e9500000)
  from space 20480K, 99% used [0x00000000eae00000,0x00000000ec1fdf08,0x00000000ec200000)
  to   space 25600K, 0% used [0x00000000e9500000,0x00000000e9500000,0x00000000eae00000)
 ParOldGen       total 81920K, used 40084K [0x0000000080000000, 0x0000000085000000, 0x00000000d5580000)
  object space 81920K, 48% used [0x0000000080000000,0x0000000082725128,0x0000000085000000)
 Metaspace       used 72406K, capacity 77110K, committed 77464K, reserved 1116160K
  class space    used 10199K, capacity 11368K, committed 11440K, reserved 1048576K
Event: 22.657 GC heap after
Heap after GC invocations=18 (full 3):
 PSYoungGen      total 352768K, used 25571K [0x00000000d5580000, 0x00000000f4480000, 0x0000000100000000)
  eden space 327168K, 0% used [0x00000000d5580000,0x00000000d5580000,0x00000000e9500000)
  from space 25600K, 99% used [0x00000000e9500000,0x00000000eadf8f88,0x00000000eae00000)
  to   space 44032K, 0% used [0x00000000f1980000,0x00000000f1980000,0x00000000f4480000)
 ParOldGen       total 81920K, used 79326K [0x0000000080000000, 0x0000000085000000, 0x00000000d5580000)
  object space 81920K, 96% used [0x0000000080000000,0x0000000084d77818,0x0000000085000000)
 Metaspace       used 72406K, capacity 77110K, committed 77464K, reserved 1116160K
  class space    used 10199K, capacity 11368K, committed 11440K, reserved 1048576K
}
Event: 22.657 GC heap before
{Heap before GC invocations=19 (full 4):
 PSYoungGen      total 352768K, used 25571K [0x00000000d5580000, 0x00000000f4480000, 0x0000000100000000)
  eden space 327168K, 0% used [0x00000000d5580000,0x00000000d5580000,0x00000000e9500000)
  from space 25600K, 99% used [0x00000000e9500000,0x00000000eadf8f88,0x00000000eae00000)
  to   space 44032K, 0% used [0x00000000f1980000,0x00000000f1980000,0x00000000f4480000)
 ParOldGen       total 81920K, used 79326K [0x0000000080000000, 0x0000000085000000, 0x00000000d5580000)
  object space 81920K, 96% used [0x0000000080000000,0x0000000084d77818,0x0000000085000000)
 Metaspace       used 72406K, capacity 77110K, committed 77464K, reserved 1116160K
  class space    used 10199K, capacity 11368K, committed 11440K, reserved 1048576K
Event: 23.510 GC heap after
Heap after GC invocations=19 (full 4):
 PSYoungGen      total 352768K, used 17348K [0x00000000d5580000, 0x00000000f4480000, 0x0000000100000000)
  eden space 327168K, 0% used [0x00000000d5580000,0x00000000d5580000,0x00000000e9500000)
  from space 25600K, 67% used [0x00000000e9500000,0x00000000ea5f1240,0x00000000eae00000)
  to   space 44032K, 0% used [0x00000000f1980000,0x00000000f1980000,0x00000000f4480000)
 ParOldGen       total 152576K, used 81424K [0x0000000080000000, 0x0000000089500000, 0x00000000d5580000)
  object space 152576K, 53% used [0x0000000080000000,0x0000000084f841b8,0x0000000089500000)
 Metaspace       used 72406K, capacity 77110K, committed 77464K, reserved 1116160K
  class space    used 10199K, capacity 11368K, committed 11440K, reserved 1048576K
}
Event: 34.610 GC heap before
{Heap before GC invocations=20 (full 4):
 PSYoungGen      total 352768K, used 344516K [0x00000000d5580000, 0x00000000f4480000, 0x0000000100000000)
  eden space 327168K, 100% used [0x00000000d5580000,0x00000000e9500000,0x00000000e9500000)
  from space 25600K, 67% used [0x00000000e9500000,0x00000000ea5f1240,0x00000000eae00000)
  to   space 44032K, 0% used [0x00000000f1980000,0x00000000f1980000,0x00000000f4480000)
 ParOldGen       total 152576K, used 81424K [0x0000000080000000, 0x0000000089500000, 0x00000000d5580000)
  object space 152576K, 53% used [0x0000000080000000,0x0000000084f841b8,0x0000000089500000)
 Metaspace       used 76756K, capacity 82204K, committed 82456K, reserved 1120256K
  class space    used 10688K, capacity 11969K, committed 12080K, reserved 1048576K
Event: 34.734 GC heap after
Heap after GC invocations=20 (full 4):
 PSYoungGen      total 444416K, used 44022K [0x00000000d5580000, 0x00000000f4f80000, 0x0000000100000000)
  eden space 400384K, 0% used [0x00000000d5580000,0x00000000d5580000,0x00000000edc80000)
  from space 44032K, 99% used [0x00000000f1980000,0x00000000f447d9e8,0x00000000f4480000)
  to   space 58880K, 0% used [0x00000000edc80000,0x00000000edc80000,0x00000000f1600000)
 ParOldGen       total 152576K, used 100271K [0x0000000080000000, 0x0000000089500000, 0x00000000d5580000)
  object space 152576K, 65% used [0x0000000080000000,0x00000000861ebec8,0x0000000089500000)
 Metaspace       used 76756K, capacity 82204K, committed 82456K, reserved 1120256K
  class space    used 10688K, capacity 11969K, committed 12080K, reserved 1048576K
}
Event: 51.593 GC heap before
{Heap before GC invocations=21 (full 4):
 PSYoungGen      total 444416K, used 444406K [0x00000000d5580000, 0x00000000f4f80000, 0x0000000100000000)
  eden space 400384K, 100% used [0x00000000d5580000,0x00000000edc80000,0x00000000edc80000)
  from space 44032K, 99% used [0x00000000f1980000,0x00000000f447d9e8,0x00000000f4480000)
  to   space 58880K, 0% used [0x00000000edc80000,0x00000000edc80000,0x00000000f1600000)
 ParOldGen       total 152576K, used 100271K [0x0000000080000000, 0x0000000089500000, 0x00000000d5580000)
  object space 152576K, 65% used [0x0000000080000000,0x00000000861ebec8,0x0000000089500000)
 Metaspace       used 78709K, capacity 84196K, committed 84376K, reserved 1122304K
  class space    used 10832K, capacity 12091K, committed 12208K, reserved 1048576K
Event: 51.683 GC heap after
Heap after GC invocations=21 (full 4):
 PSYoungGen      total 459264K, used 36253K [0x00000000d5580000, 0x00000000f8580000, 0x0000000100000000)
  eden space 400384K, 0% used [0x00000000d5580000,0x00000000d5580000,0x00000000edc80000)
  from space 58880K, 61% used [0x00000000edc80000,0x00000000effe77e0,0x00000000f1600000)
  to   space 60928K, 0% used [0x00000000f4a00000,0x00000000f4a00000,0x00000000f8580000)
 ParOldGen       total 152576K, used 141784K [0x0000000080000000, 0x0000000089500000, 0x00000000d5580000)
  object space 152576K, 92% used [0x0000000080000000,0x0000000088a76068,0x0000000089500000)
 Metaspace       used 78709K, capacity 84196K, committed 84376K, reserved 1122304K
  class space    used 10832K, capacity 12091K, committed 12208K, reserved 1048576K
}
Event: 51.683 GC heap before
{Heap before GC invocations=22 (full 5):
 PSYoungGen      total 459264K, used 36253K [0x00000000d5580000, 0x00000000f8580000, 0x0000000100000000)
  eden space 400384K, 0% used [0x00000000d5580000,0x00000000d5580000,0x00000000edc80000)
  from space 58880K, 61% used [0x00000000edc80000,0x00000000effe77e0,0x00000000f1600000)
  to   space 60928K, 0% used [0x00000000f4a00000,0x00000000f4a00000,0x00000000f8580000)
 ParOldGen       total 152576K, used 141784K [0x0000000080000000, 0x0000000089500000, 0x00000000d5580000)
  object space 152576K, 92% used [0x0000000080000000,0x0000000088a76068,0x0000000089500000)
 Metaspace       used 78709K, capacity 84196K, committed 84376K, reserved 1122304K
  class space    used 10832K, capacity 12091K, committed 12208K, reserved 1048576K
Event: 53.367 GC heap after
Heap after GC invocations=22 (full 5):
 PSYoungGen      total 459264K, used 16448K [0x00000000d5580000, 0x00000000f8580000, 0x0000000100000000)
  eden space 400384K, 0% used [0x00000000d5580000,0x00000000d5580000,0x00000000edc80000)
  from space 58880K, 27% used [0x00000000edc80000,0x00000000eec90210,0x00000000f1600000)
  to   space 60928K, 0% used [0x00000000f4a00000,0x00000000f4a00000,0x00000000f8580000)
 ParOldGen       total 250368K, used 152132K [0x0000000080000000, 0x000000008f480000, 0x00000000d5580000)
  object space 250368K, 60% used [0x0000000080000000,0x00000000894912b8,0x000000008f480000)
 Metaspace       used 78709K, capacity 84196K, committed 84376K, reserved 1122304K
  class space    used 10832K, capacity 12091K, committed 12208K, reserved 1048576K
}

Deoptimization events (10 events):
Event: 53.869 Thread 0x00000000609aa000 Uncommon trap: reason=speculate_class_check action=maybe_recompile pc=0x0000000004cfa2e8 method=java.util.EnumMap.get(Ljava/lang/Object;)Ljava/lang/Object; @ 14
Event: 53.869 Thread 0x00000000609aa000 Uncommon trap: reason=speculate_class_check action=maybe_recompile pc=0x0000000004cfa2e8 method=java.util.EnumMap.get(Ljava/lang/Object;)Ljava/lang/Object; @ 14
Event: 54.992 Thread 0x00000000609aa000 Uncommon trap: reason=unstable_if action=reinterpret pc=0x0000000004cd22b8 method=com.android.utils.PositionXmlParser$DomBuilder.getCurrentPosition()Lcom/android/utils/PositionXmlParser$Position; @ 65
Event: 54.992 Thread 0x00000000609aa000 Uncommon trap: reason=unstable_if action=reinterpret pc=0x0000000004bebed8 method=com.android.utils.PositionXmlParser$DomBuilder.getCurrentPosition()Lcom/android/utils/PositionXmlParser$Position; @ 65
Event: 54.992 Thread 0x00000000609aa000 Uncommon trap: reason=unstable_if action=reinterpret pc=0x0000000004cb7b84 method=com.android.utils.PositionXmlParser$DomBuilder.getCurrentPosition()Lcom/android/utils/PositionXmlParser$Position; @ 65
Event: 55.006 Thread 0x00000000609aa000 Uncommon trap: reason=unstable_if action=reinterpret pc=0x00000000034754a0 method=com.sun.org.apache.xerces.internal.impl.XMLEntityScanner.scanContent(Lcom/sun/org/apache/xerces/internal/xni/XMLString;)I @ 670
Event: 55.039 Thread 0x00000000609aa000 Uncommon trap: reason=unstable_if action=reinterpret pc=0x0000000002df2268 method=com.android.utils.PositionXmlParser.getXmlString([BLjava/lang/String;)Ljava/lang/String; @ 295
Event: 55.116 Thread 0x00000000609aa000 Uncommon trap: reason=unstable_if action=reinterpret pc=0x0000000004b7bc70 method=com.sun.org.apache.xerces.internal.impl.XMLDocumentFragmentScannerImpl$FragmentContentDriver.next()I @ 76
Event: 55.127 Thread 0x00000000609aa000 Uncommon trap: reason=unstable_if action=reinterpret pc=0x0000000002863870 method=com.android.utils.PositionXmlParser$DomBuilder.flushText()V @ 57
Event: 55.152 Thread 0x00000000609aa000 Uncommon trap: reason=unstable_if action=reinterpret pc=0x0000000004d7c864 method=com.sun.org.apache.xerces.internal.impl.XMLEntityScanner.scanContent(Lcom/sun/org/apache/xerces/internal/xni/XMLString;)I @ 418

Classes redefined (0 events):
No events

Internal exceptions (10 events):
Event: 41.784 Thread 0x000000005b14a000 Exception <a 'java/lang/ClassNotFoundException': groovy/util/slurpersupport/GPathResultCustomizer> (0x00000000d6df1198) thrown at [C:\src\AOSP-openjdk-git\hotspot\src\share\vm\classfile\systemDictionary.cpp, line 210]
Event: 41.785 Thread 0x000000005b14a000 Exception <a 'java/lang/ClassNotFoundException': groovy/util/slurpersupport/NodeChildCustomizer> (0x00000000d6e1dca0) thrown at [C:\src\AOSP-openjdk-git\hotspot\src\share\vm\classfile\systemDictionary.cpp, line 210]
Event: 41.789 Thread 0x000000005b14a000 Exception <a 'java/lang/ClassNotFoundException': groovy/util/slurpersupport/AttributesBeanInfo> (0x00000000d6f161e8) thrown at [C:\src\AOSP-openjdk-git\hotspot\src\share\vm\classfile\systemDictionary.cpp, line 210]
Event: 41.790 Thread 0x000000005b14a000 Exception <a 'java/lang/ClassNotFoundException': groovy/util/slurpersupport/NodeChildrenBeanInfo> (0x00000000d6f2d8f0) thrown at [C:\src\AOSP-openjdk-git\hotspot\src\share\vm\classfile\systemDictionary.cpp, line 210]
Event: 41.790 Thread 0x000000005b14a000 Exception <a 'java/lang/ClassNotFoundException': groovy/util/slurpersupport/NodeChildrenCustomizer> (0x00000000d6f455a0) thrown at [C:\src\AOSP-openjdk-git\hotspot\src\share\vm\classfile\systemDictionary.cpp, line 210]
Event: 41.791 Thread 0x000000005b14a000 Exception <a 'java/lang/ClassNotFoundException': groovy/util/slurpersupport/AttributesCustomizer> (0x00000000d8504020) thrown at [C:\src\AOSP-openjdk-git\hotspot\src\share\vm\classfile\systemDictionary.cpp, line 210]
Event: 41.794 Thread 0x000000005b14a000 Exception <a 'java/lang/ClassNotFoundException': groovy/util/slurpersupport/AttributeBeanInfo> (0x00000000d85e3398) thrown at [C:\src\AOSP-openjdk-git\hotspot\src\share\vm\classfile\systemDictionary.cpp, line 210]
Event: 41.794 Thread 0x000000005b14a000 Exception <a 'java/lang/ClassNotFoundException': groovy/util/slurpersupport/AttributeCustomizer> (0x00000000d85fa3f8) thrown at [C:\src\AOSP-openjdk-git\hotspot\src\share\vm\classfile\systemDictionary.cpp, line 210]
Event: 53.525 Thread 0x00000000609aa000 Implicit null exception at 0x00000000035ec8ce to 0x00000000035ed576
Event: 53.881 Thread 0x00000000609aa000 Exception <a 'java/lang/NoSuchMethodError': java.lang.Object.lambda$codePoints$1()Ljava/util/Spliterator$OfInt;> (0x00000000d79cde28) thrown at [C:\src\AOSP-openjdk-git\hotspot\src\share\vm\interpreter\linkResolver.cpp, line 620]

Events (10 events):
Event: 55.127 Thread 0x00000000609aa000 Uncommon trap: trap_request=0xffffff65 fr.pc=0x0000000002863870
Event: 55.127 Thread 0x00000000609aa000 DEOPT PACKING pc=0x0000000002863870 sp=0x0000000070dca9e0
Event: 55.127 Thread 0x00000000609aa000 DEOPT UNPACKING pc=0x000000000277557b sp=0x0000000070dca9d8 mode 2
Event: 55.128 loading class com/sun/org/apache/xerces/internal/dom/CDATASectionImpl
Event: 55.128 loading class org/w3c/dom/CDATASection
Event: 55.128 loading class org/w3c/dom/CDATASection done
Event: 55.128 loading class com/sun/org/apache/xerces/internal/dom/CDATASectionImpl done
Event: 55.152 Thread 0x00000000609aa000 Uncommon trap: trap_request=0xffffff65 fr.pc=0x0000000004d7c864
Event: 55.152 Thread 0x00000000609aa000 DEOPT PACKING pc=0x0000000004d7c864 sp=0x0000000070dca990
Event: 55.152 Thread 0x00000000609aa000 DEOPT UNPACKING pc=0x000000000277557b sp=0x0000000070dca938 mode 2


Dynamic libraries:
0x000000013fe00000 - 0x000000013fe31000 	C:\Program Files\Android\Android Studio\jre\bin\java.exe
0x0000000077840000 - 0x00000000779df000 	C:\Windows\SYSTEM32\ntdll.dll
0x0000000077620000 - 0x0000000077740000 	C:\Windows\system32\kernel32.dll
0x000007fefd6e0000 - 0x000007fefd747000 	C:\Windows\system32\KERNELBASE.dll
0x000007fefea00000 - 0x000007fefeadb000 	C:\Windows\system32\ADVAPI32.dll
0x000007feff900000 - 0x000007feff99f000 	C:\Windows\system32\msvcrt.dll
0x000007feff610000 - 0x000007feff62f000 	C:\Windows\SYSTEM32\sechost.dll
0x000007feff4e0000 - 0x000007feff60d000 	C:\Windows\system32\RPCRT4.dll
0x0000000077740000 - 0x000000007783b000 	C:\Windows\system32\USER32.dll
0x000007fefec00000 - 0x000007fefec68000 	C:\Windows\system32\GDI32.dll
0x000007fefe5d0000 - 0x000007fefe5de000 	C:\Windows\system32\LPK.dll
0x000007fefd750000 - 0x000007fefd81b000 	C:\Windows\system32\USP10.dll
0x000007fefbc80000 - 0x000007fefbe75000 	C:\Windows\WinSxS\amd64_microsoft.windows.common-controls_6595b64144ccf1df_6.0.7601.24483_none_e372d88f30fbb845\COMCTL32.dll
0x000007fefeae0000 - 0x000007fefeb51000 	C:\Windows\system32\SHLWAPI.dll
0x000007feff4b0000 - 0x000007feff4de000 	C:\Windows\system32\IMM32.DLL
0x000007feff1a0000 - 0x000007feff2ab000 	C:\Windows\system32\MSCTF.dll
0x0000000071b30000 - 0x0000000071c02000 	C:\Program Files\Android\Android Studio\jre\jre\bin\msvcr100.dll
0x000000006b4e0000 - 0x000000006bd2b000 	C:\Program Files\Android\Android Studio\jre\jre\bin\server\jvm.dll
0x000007fef4970000 - 0x000007fef4979000 	C:\Windows\system32\WSOCK32.dll
0x000007feff9a0000 - 0x000007feff9ed000 	C:\Windows\system32\WS2_32.dll
0x000007fefe7c0000 - 0x000007fefe7c8000 	C:\Windows\system32\NSI.dll
0x000007fef93e0000 - 0x000007fef941b000 	C:\Windows\system32\WINMM.dll
0x000007fefc450000 - 0x000007fefc45c000 	C:\Windows\system32\VERSION.dll
0x00000000779e0000 - 0x00000000779e7000 	C:\Windows\system32\PSAPI.DLL
0x000007fefada0000 - 0x000007fefadaf000 	C:\Program Files\Android\Android Studio\jre\jre\bin\verify.dll
0x000007fef1830000 - 0x000007fef1859000 	C:\Program Files\Android\Android Studio\jre\jre\bin\java.dll
0x000007fef1810000 - 0x000007fef1826000 	C:\Program Files\Android\Android Studio\jre\jre\bin\zip.dll
0x000007fefd840000 - 0x000007fefe5cb000 	C:\Windows\system32\SHELL32.dll
0x000007feff2b0000 - 0x000007feff4b0000 	C:\Windows\system32\ole32.dll
0x000007fefd3a0000 - 0x000007fefd3af000 	C:\Windows\system32\profapi.dll
0x000007fef17d0000 - 0x000007fef17ea000 	C:\Program Files\Android\Android Studio\jre\jre\bin\net.dll
0x000007fefcab0000 - 0x000007fefcb05000 	C:\Windows\system32\mswsock.dll
0x000007fefcb60000 - 0x000007fefcb67000 	C:\Windows\System32\wship6.dll
0x000007fef17b0000 - 0x000007fef17c3000 	C:\Program Files\Android\Android Studio\jre\jre\bin\nio.dll
0x000007feeadc0000 - 0x000007feeade7000 	C:\Users\Ogiw\.gradle\native\f6784746aeab05261644944871eae4fe03e0ef1612fff0a4a95f87b438bc6780\windows-amd64\native-platform.dll
0x000007fef79a0000 - 0x000007fef79a3000 	C:\Windows\system32\api-ms-win-core-synch-l1-2-0.DLL
0x000007fefab70000 - 0x000007fefab7d000 	C:\Program Files\Android\Android Studio\jre\jre\bin\management.dll
0x000007fefcd40000 - 0x000007fefcd58000 	C:\Windows\system32\CRYPTSP.dll
0x000007fefc800000 - 0x000007fefc847000 	C:\Windows\system32\rsaenh.dll
0x000007fefd410000 - 0x000007fefd42f000 	C:\Windows\system32\USERENV.dll
0x000007fefd330000 - 0x000007fefd33f000 	C:\Windows\system32\CRYPTBASE.dll
0x000007fefb0a0000 - 0x000007fefb0c7000 	C:\Windows\system32\IPHLPAPI.DLL
0x000007fefb110000 - 0x000007fefb11b000 	C:\Windows\system32\WINNSI.DLL
0x000007fefaf60000 - 0x000007fefaf78000 	C:\Windows\system32\dhcpcsvc.DLL
0x000007fefaf40000 - 0x000007fefaf51000 	C:\Windows\system32\dhcpcsvc6.DLL
0x000007fefd1b0000 - 0x000007fefd207000 	C:\Windows\system32\apphelp.dll

VM Arguments:
jvm_args: -Xmx2048m -Dfile.encoding=windows-1252 -Duser.country=US -Duser.language=en -Duser.variant 
java_command: org.gradle.launcher.daemon.bootstrap.GradleDaemon 6.5
java_class_path (initial): C:\Users\Ogiw\.gradle\wrapper\dists\gradle-6.5-all\2oz4ud9k3tuxjg84bbf55q0tn\gradle-6.5\lib\gradle-launcher-6.5.jar
Launcher Type: SUN_STANDARD

Environment Variables:
JAVA_HOME=C:\Program Files\Java\jdk1.8.0_281
PATH=C:\Program Files\Common Files\Oracle\Java\javapath;C:\Program Files (x86)\Common Files\Oracle\Java\javapath;C:\Program Files (x86)\Common Files\Intel\Shared Files\cpp\bin\Intel64;C:\Program Files\WinRAR;C:\Windows\system32;C:\Windows;C:\Windows\System32\Wbem;C:\Windows\System32\WindowsPowerShell\v1.0\;C:\adb;C:\Program Files\WIDCOMM\Bluetooth Software\;C:\Program Files\WIDCOMM\Bluetooth Software\syswow64;C:\Program Files\Gradle\gradle-6.5\bin;C:\Program Files\Java\jdk1.8.0_281\bin;C:\Program Files\Java\jre1.8.0_281\bin;C:\Users\Ogiw\AppData\Local\Android\Sdk\platform-tools;C:\Program Files\Git\cmd
USERNAME=Ogiw
OS=Windows_NT
PROCESSOR_IDENTIFIER=Intel64 Family 6 Model 42 Stepping 7, GenuineIntel



---------------  S Y S T E M  ---------------

OS: Windows 7 , 64 bit Build 7601 (6.1.7601.24560)

CPU:total 4 (initial active 4) (2 cores per cpu, 2 threads per core) family 6 model 42 stepping 7, cmov, cx8, fxsr, mmx, sse, sse2, sse3, ssse3, sse4.1, sse4.2, popcnt, avx, clmul, ht, tsc, tscinvbit

Memory: 4k page, physical 4103372k(338688k free), swap 4101472k(4956k free)

vm_info: OpenJDK 64-Bit Server VM (25.242-b01) for windows-amd64 JRE (1.8.0_242-release-1644-b01), built by "builder" with MS VC++ 10.0 (VS2010)

time: Mon Apr 19 13:45:35 2021
timezone: SE Asia Standard Time
elapsed time: 55 seconds (0d 0h 0m 55s)

