#
# There is insufficient memory for the Java Runtime Environment to continue.
# Native memory allocation (malloc) failed to allocate 32744 bytes for ChunkPool::allocate
# Possible reasons:
#   The system is out of physical RAM or swap space
#   The process is running with CompressedOops enabled, and the Java Heap may be blocking the growth of the native heap
# Possible solutions:
#   Reduce memory load on the system
#   Increase physical memory or swap space
#   Check if swap backing store is full
#   Decrease Java heap size (-Xmx/-Xms)
#   Decrease number of Java threads
#   Decrease Java thread stack sizes (-Xss)
#   Set larger code cache with -XX:ReservedCodeCacheSize=
#   JVM is running with Unscaled Compressed Oops mode in which the Java heap is
#     placed in the first 4GB address space. The Java Heap base address is the
#     maximum limit for the native heap growth. Please use -XX:HeapBaseMinAddress
#     to set the Java Heap base and to place the Java Heap above 4GB virtual address.
# This output file may be truncated or incomplete.
#
#  Out of Memory Error (allocation.cpp:272), pid=3404, tid=0x000000000000116c
#
# JRE version: OpenJDK Runtime Environment (8.0_242-b01) (build 1.8.0_242-release-1644-b01)
# Java VM: OpenJDK 64-Bit Server VM (25.242-b01 mixed mode windows-amd64 compressed oops)
# Failed to write core dump. Minidumps are not enabled by default on client versions of Windows
#

---------------  T H R E A D  ---------------

Current thread (0x0000000058bcf000):  JavaThread "C1 CompilerThread2" daemon [_thread_in_native, id=4460, stack(0x0000000059680000,0x0000000059780000)]

Stack: [0x0000000059680000,0x0000000059780000]
[error occurred during error reporting (printing stack bounds), id 0xc0000005]

Native frames: (J=compiled Java code, j=interpreted, Vv=VM code, C=native code)


Current CompileTask:
C1: 208709 18725   !   3      
[error occurred during error reporting (printing current compile task), id 0xe0000001]


---------------  P R O C E S S  ---------------

Java Threads: ( => current thread )
  0x000000006051e000 JavaThread "stdout" [_thread_in_native, id=7456, stack(0x0000000074d00000,0x0000000074e00000)]
  0x000000006051d800 JavaThread "stderr" [_thread_in_native, id=7452, stack(0x0000000074700000,0x0000000074800000)]
  0x000000006051c800 JavaThread "stdout" [_thread_in_native, id=7428, stack(0x0000000074b80000,0x0000000074c80000)]
  0x000000006051c000 JavaThread "stderr" [_thread_in_native, id=7424, stack(0x000000006c7a0000,0x000000006c8a0000)]
  0x000000006051b000 JavaThread "stdout" [_thread_in_native, id=7416, stack(0x0000000074970000,0x0000000074a70000)]
  0x000000006051a800 JavaThread "stderr" [_thread_in_native, id=7412, stack(0x0000000074800000,0x0000000074900000)]
  0x0000000060519800 JavaThread "stdout" [_thread_in_native, id=7400, stack(0x0000000074570000,0x0000000074670000)]
  0x0000000060519000 JavaThread "stderr" [_thread_in_native, id=7388, stack(0x00000000742f0000,0x00000000743f0000)]
  0x0000000060518000 JavaThread "pool-4-thread-1" [_thread_blocked, id=7372, stack(0x0000000074120000,0x0000000074220000)]
  0x0000000060517800 JavaThread "MarlinRenderer Disposer" daemon [_thread_blocked, id=5044, stack(0x0000000073ed0000,0x0000000073fd0000)]
  0x000000005f6ee800 JavaThread "Java2D Disposer" daemon [_thread_blocked, id=5700, stack(0x0000000073fe0000,0x00000000740e0000)]
  0x000000005f6ee000 JavaThread "WorkerExecutor Queue Thread 4" [_thread_blocked, id=4124, stack(0x0000000073730000,0x0000000073830000)]
  0x000000005f6eb800 JavaThread "WorkerExecutor Queue Thread 3" [_thread_blocked, id=3200, stack(0x00000000739b0000,0x0000000073ab0000)]
  0x000000005c1a4000 JavaThread "WorkerExecutor Queue Thread 2" [_thread_blocked, id=6912, stack(0x0000000073880000,0x0000000073980000)]
  0x000000005ed0b000 JavaThread "WorkerExecutor Queue" [_thread_blocked, id=5796, stack(0x0000000072330000,0x0000000072430000)]
  0x000000005bae4000 JavaThread "Cache worker for execution history cache (C:\Users\Ogiw\Documents\GitHub\Signal-Android\.gradle\6.5\executionHistory)" [_thread_blocked, id=3652, stack(0x0000000073600000,0x0000000073700000)]
  0x000000005bae3000 JavaThread "Execution worker for ':' Thread 3" [_thread_blocked, id=6436, stack(0x0000000071d50000,0x0000000071e50000)]
  0x000000005bae2800 JavaThread "Execution worker for ':' Thread 2" [_thread_blocked, id=6296, stack(0x0000000073500000,0x0000000073600000)]
  0x000000005bae1800 JavaThread "Execution worker for ':'" [_thread_in_vm, id=4408, stack(0x00000000721d0000,0x00000000722d0000)]
  0x000000005bae1000 JavaThread "Cache worker for file content cache (C:\Users\Ogiw\Documents\GitHub\Signal-Android\.gradle\6.5\fileContent)" [_thread_blocked, id=6352, stack(0x0000000072030000,0x0000000072130000)]
  0x000000005bae0000 JavaThread "Exec process Thread 9" [_thread_blocked, id=404, stack(0x0000000071e90000,0x0000000071f90000)]
  0x000000005badf800 JavaThread "Exec process Thread 8" [_thread_blocked, id=1508, stack(0x0000000071c50000,0x0000000071d50000)]
  0x000000005bade800 JavaThread "Exec process Thread 7" [_thread_blocked, id=2024, stack(0x0000000071aa0000,0x0000000071ba0000)]
  0x000000005bade000 JavaThread "Cache worker for Build Output Cleanup Cache (C:\Users\Ogiw\Documents\GitHub\Signal-Android\.gradle\buildOutputCleanup)" [_thread_blocked, id=4712, stack(0x0000000071920000,0x0000000071a20000)]
  0x000000005badd000 JavaThread "jar transforms Thread 378" [_thread_blocked, id=3552, stack(0x0000000070d90000,0x0000000070e90000)]
  0x000000005be66800 JavaThread "jar transforms Thread 377" [_thread_blocked, id=2984, stack(0x000000006da80000,0x000000006db80000)]
  0x000000005be66000 JavaThread "jar transforms Thread 376" [_thread_blocked, id=3156, stack(0x00000000714d0000,0x00000000715d0000)]
  0x000000005be65000 JavaThread "jar transforms Thread 375" [_thread_blocked, id=5256, stack(0x0000000070800000,0x0000000070900000)]
  0x000000005be64800 JavaThread "jar transforms Thread 374" [_thread_blocked, id=5640, stack(0x0000000070650000,0x0000000070750000)]
  0x000000005be63800 JavaThread "jar transforms Thread 373" [_thread_blocked, id=6404, stack(0x000000006d3b0000,0x000000006d4b0000)]
  0x000000005be63000 JavaThread "jar transforms Thread 372" [_thread_blocked, id=5424, stack(0x000000006deb0000,0x000000006dfb0000)]
  0x000000005be62000 JavaThread "jar transforms Thread 371" [_thread_blocked, id=196, stack(0x000000006d980000,0x000000006da80000)]
  0x000000005be61800 JavaThread "jar transforms Thread 370" [_thread_blocked, id=6524, stack(0x000000006d810000,0x000000006d910000)]
  0x000000005be60800 JavaThread "jar transforms Thread 369" [_thread_blocked, id=3500, stack(0x000000006d680000,0x000000006d780000)]
  0x000000005be60000 JavaThread "jar transforms Thread 368" [_thread_blocked, id=3408, stack(0x000000006d4d0000,0x000000006d5d0000)]
  0x000000005b98c000 JavaThread "jar transforms Thread 367" [_thread_blocked, id=6452, stack(0x000000006cfe0000,0x000000006d0e0000)]
  0x000000005b98b000 JavaThread "jar transforms Thread 366" [_thread_blocked, id=6264, stack(0x000000006d290000,0x000000006d390000)]
  0x000000005b98a800 JavaThread "jar transforms Thread 365" [_thread_blocked, id=3308, stack(0x000000006d140000,0x000000006d240000)]
  0x000000005b989800 JavaThread "jar transforms Thread 364" [_thread_blocked, id=4080, stack(0x000000006cea0000,0x000000006cfa0000)]
  0x000000005b989000 JavaThread "jar transforms Thread 363" [_thread_blocked, id=6028, stack(0x000000006cce0000,0x000000006cde0000)]
  0x000000005b988000 JavaThread "jar transforms Thread 362" [_thread_blocked, id=3252, stack(0x000000006c9f0000,0x000000006caf0000)]
  0x000000005b987800 JavaThread "jar transforms Thread 361" [_thread_blocked, id=5036, stack(0x000000006cb70000,0x000000006cc70000)]
  0x000000005b986800 JavaThread "jar transforms Thread 360" [_thread_blocked, id=4940, stack(0x000000006c380000,0x000000006c480000)]
  0x000000005b986000 JavaThread "jar transforms Thread 359" [_thread_blocked, id=3144, stack(0x000000006c8a0000,0x000000006c9a0000)]
  0x000000005b985000 JavaThread "jar transforms Thread 358" [_thread_blocked, id=6364, stack(0x0000000069020000,0x0000000069120000)]
  0x0000000060a39800 JavaThread "jar transforms Thread 357" [_thread_blocked, id=3176, stack(0x000000006c6a0000,0x000000006c7a0000)]
  0x0000000060a39000 JavaThread "jar transforms Thread 356" [_thread_blocked, id=2016, stack(0x000000006c4c0000,0x000000006c5c0000)]
  0x0000000060a38000 JavaThread "jar transforms Thread 355" [_thread_blocked, id=2836, stack(0x000000006c240000,0x000000006c340000)]
  0x0000000060a37800 JavaThread "jar transforms Thread 354" [_thread_blocked, id=3148, stack(0x000000006bf60000,0x000000006c060000)]
  0x0000000060a36800 JavaThread "jar transforms Thread 353" [_thread_blocked, id=2652, stack(0x000000006c060000,0x000000006c160000)]
  0x0000000060a36000 JavaThread "jar transforms Thread 352" [_thread_blocked, id=5712, stack(0x000000006bd50000,0x000000006be50000)]
  0x0000000060a35000 JavaThread "jar transforms Thread 351" [_thread_blocked, id=3180, stack(0x000000006be60000,0x000000006bf60000)]
  0x0000000060a34800 JavaThread "jar transforms Thread 350" [_thread_blocked, id=2088, stack(0x000000006bba0000,0x000000006bca0000)]
  0x0000000060a33800 JavaThread "jar transforms Thread 349" [_thread_blocked, id=3432, stack(0x000000006ba80000,0x000000006bb80000)]
  0x0000000060a33000 JavaThread "jar transforms Thread 348" [_thread_blocked, id=3664, stack(0x000000006b510000,0x000000006b610000)]
  0x000000005ba9c000 JavaThread "jar transforms Thread 347" [_thread_blocked, id=4652, stack(0x000000006b900000,0x000000006ba00000)]
  0x000000005ba9b000 JavaThread "jar transforms Thread 346" [_thread_blocked, id=3428, stack(0x000000006b7a0000,0x000000006b8a0000)]
  0x000000005ba9a800 JavaThread "jar transforms Thread 345" [_thread_blocked, id=4624, stack(0x000000006b680000,0x000000006b780000)]
  0x000000005ba99800 JavaThread "jar transforms Thread 344" [_thread_blocked, id=5452, stack(0x000000006b3d0000,0x000000006b4d0000)]
  0x000000005ba99000 JavaThread "jar transforms Thread 343" [_thread_blocked, id=4864, stack(0x000000006a850000,0x000000006a950000)]
  0x000000005ba98000 JavaThread "jar transforms Thread 342" [_thread_blocked, id=6180, stack(0x000000006b2a0000,0x000000006b3a0000)]
  0x000000005ba97800 JavaThread "jar transforms Thread 341" [_thread_blocked, id=4040, stack(0x000000006b0d0000,0x000000006b1d0000)]
  0x000000005ba96800 JavaThread "jar transforms Thread 340" [_thread_blocked, id=4380, stack(0x000000006aee0000,0x000000006afe0000)]
  0x000000005ba96000 JavaThread "jar transforms Thread 339" [_thread_blocked, id=2968, stack(0x000000006ad20000,0x000000006ae20000)]
  0x000000005ba95000 JavaThread "jar transforms Thread 338" [_thread_blocked, id=5896, stack(0x000000006abf0000,0x000000006acf0000)]
  0x0000000059b06000 JavaThread "jar transforms Thread 337" [_thread_blocked, id=4600, stack(0x000000006aa60000,0x000000006ab60000)]
  0x0000000059b05000 JavaThread "jar transforms Thread 336" [_thread_blocked, id=3756, stack(0x000000006a950000,0x000000006aa50000)]
  0x0000000059b04800 JavaThread "jar transforms Thread 335" [_thread_blocked, id=2440, stack(0x000000006a680000,0x000000006a780000)]
  0x0000000059b03800 JavaThread "jar transforms Thread 334" [_thread_blocked, id=3080, stack(0x000000006a550000,0x000000006a650000)]
  0x0000000059b03000 JavaThread "jar transforms Thread 333" [_thread_blocked, id=5676, stack(0x000000006a450000,0x000000006a550000)]
  0x0000000059b02000 JavaThread "jar transforms Thread 332" [_thread_blocked, id=1632, stack(0x000000006a310000,0x000000006a410000)]
  0x0000000059b01800 JavaThread "jar transforms Thread 331" [_thread_blocked, id=5340, stack(0x000000006a1a0000,0x000000006a2a0000)]
  0x0000000059b00800 JavaThread "jar transforms Thread 330" [_thread_blocked, id=4572, stack(0x000000006a0a0000,0x000000006a1a0000)]
  0x0000000059b00000 JavaThread "jar transforms Thread 329" [_thread_blocked, id=5540, stack(0x0000000069f70000,0x000000006a070000)]
  0x0000000059aff000 JavaThread "jar transforms Thread 328" [_thread_blocked, id=6112, stack(0x0000000069d30000,0x0000000069e30000)]
  0x000000005abb3800 JavaThread "jar transforms Thread 327" [_thread_blocked, id=4192, stack(0x0000000069e30000,0x0000000069f30000)]
  0x000000005abb3000 JavaThread "jar transforms Thread 326" [_thread_blocked, id=4364, stack(0x0000000068ba0000,0x0000000068ca0000)]
  0x000000005abb2000 JavaThread "jar transforms Thread 325" [_thread_blocked, id=4304, stack(0x0000000069b90000,0x0000000069c90000)]
  0x000000005abb1800 JavaThread "jar transforms Thread 324" [_thread_blocked, id=3068, stack(0x0000000069990000,0x0000000069a90000)]
  0x000000005abb0800 JavaThread "jar transforms Thread 323" [_thread_blocked, id=5160, stack(0x0000000068810000,0x0000000068910000)]
  0x000000005abb0000 JavaThread "jar transforms Thread 322" [_thread_blocked, id=6948, stack(0x00000000695e0000,0x00000000696e0000)]
  0x000000005abaf000 JavaThread "jar transforms Thread 321" [_thread_blocked, id=6272, stack(0x0000000069830000,0x0000000069930000)]
  0x000000005abae800 JavaThread "jar transforms Thread 320" [_thread_blocked, id=6184, stack(0x00000000696e0000,0x00000000697e0000)]
  0x000000005abad800 JavaThread "jar transforms Thread 319" [_thread_blocked, id=4000, stack(0x0000000069360000,0x0000000069460000)]
  0x000000005abad000 JavaThread "jar transforms Thread 318" [_thread_blocked, id=1936, stack(0x0000000069460000,0x0000000069560000)]
  0x000000005aaa3800 JavaThread "jar transforms Thread 317" [_thread_blocked, id=5620, stack(0x0000000069250000,0x0000000069350000)]
  0x000000005aaa3000 JavaThread "jar transforms Thread 316" [_thread_blocked, id=4956, stack(0x0000000068dd0000,0x0000000068ed0000)]
  0x000000005aaa2000 JavaThread "jar transforms Thread 315" [_thread_blocked, id=5940, stack(0x0000000069120000,0x0000000069220000)]
  0x000000005aaa1800 JavaThread "jar transforms Thread 314" [_thread_blocked, id=3768, stack(0x0000000068f20000,0x0000000069020000)]
  0x000000005aaa0800 JavaThread "jar transforms Thread 313" [_thread_blocked, id=1272, stack(0x0000000068cc0000,0x0000000068dc0000)]
  0x000000005aaa0000 JavaThread "jar transforms Thread 312" [_thread_blocked, id=5560, stack(0x0000000068a90000,0x0000000068b90000)]
  0x000000005aa9f000 JavaThread "jar transforms Thread 311" [_thread_blocked, id=4276, stack(0x0000000068920000,0x0000000068a20000)]
  0x000000005aa9e800 JavaThread "jar transforms Thread 310" [_thread_blocked, id=6096, stack(0x0000000068710000,0x0000000068810000)]
  0x000000005aa9d800 JavaThread "jar transforms Thread 309" [_thread_blocked, id=4356, stack(0x0000000067920000,0x0000000067a20000)]
  0x000000005aa9d000 JavaThread "jar transforms Thread 308" [_thread_blocked, id=3824, stack(0x0000000068580000,0x0000000068680000)]
  0x000000005e634800 JavaThread "jar transforms Thread 307" [_thread_blocked, id=3960, stack(0x0000000067480000,0x0000000067580000)]
  0x000000005e633800 JavaThread "jar transforms Thread 306" [_thread_blocked, id=752, stack(0x0000000068450000,0x0000000068550000)]
  0x000000005e633000 JavaThread "jar transforms Thread 305" [_thread_blocked, id=6248, stack(0x0000000067a50000,0x0000000067b50000)]
  0x000000005e632000 JavaThread "jar transforms Thread 304" [_thread_blocked, id=4820, stack(0x0000000066d10000,0x0000000066e10000)]
  0x000000005e631800 JavaThread "jar transforms Thread 303" [_thread_blocked, id=4656, stack(0x0000000066ad0000,0x0000000066bd0000)]
  0x000000005e630800 JavaThread "jar transforms Thread 302" [_thread_blocked, id=3720, stack(0x0000000067820000,0x0000000067920000)]
  0x000000005e630000 JavaThread "jar transforms Thread 301" [_thread_blocked, id=3400, stack(0x0000000067700000,0x0000000067800000)]
  0x000000005e62f000 JavaThread "jar transforms Thread 300" [_thread_blocked, id=1552, stack(0x0000000067580000,0x0000000067680000)]
  0x000000005e62e800 JavaThread "jar transforms Thread 299" [_thread_blocked, id=4756, stack(0x0000000067350000,0x0000000067450000)]
  0x000000005e62d800 JavaThread "jar transforms Thread 298" [_thread_blocked, id=5356, stack(0x00000000671b0000,0x00000000672b0000)]
  0x000000005e4f2000 JavaThread "jar transforms Thread 297" [_thread_blocked, id=4196, stack(0x0000000066ff0000,0x00000000670f0000)]
  0x000000005e4f1000 JavaThread "jar transforms Thread 296" [_thread_blocked, id=2932, stack(0x0000000066e10000,0x0000000066f10000)]
  0x000000005e4f0800 JavaThread "jar transforms Thread 295" [_thread_blocked, id=2844, stack(0x0000000066bd0000,0x0000000066cd0000)]
  0x000000005e4ef800 JavaThread "jar transforms Thread 294" [_thread_blocked, id=3712, stack(0x0000000066880000,0x0000000066980000)]
  0x000000005e4ef000 JavaThread "jar transforms Thread 293" [_thread_blocked, id=5192, stack(0x0000000066990000,0x0000000066a90000)]
  0x000000005e4ee000 JavaThread "jar transforms Thread 292" [_thread_blocked, id=6232, stack(0x0000000065440000,0x0000000065540000)]
  0x000000005e4ed800 JavaThread "jar transforms Thread 291" [_thread_blocked, id=2108, stack(0x00000000664b0000,0x00000000665b0000)]
  0x000000005e4ec800 JavaThread "jar transforms Thread 290" [_thread_blocked, id=3244, stack(0x0000000066740000,0x0000000066840000)]
  0x000000005e4ec000 JavaThread "jar transforms Thread 289" [_thread_blocked, id=4836, stack(0x00000000665b0000,0x00000000666b0000)]
  0x000000005e4eb000 JavaThread "jar transforms Thread 288" [_thread_blocked, id=3728, stack(0x0000000065d30000,0x0000000065e30000)]
  0x000000005ed0c800 JavaThread "jar transforms Thread 287" [_thread_blocked, id=6884, stack(0x0000000066340000,0x0000000066440000)]
  0x000000005ed08000 JavaThread "jar transforms Thread 286" [_thread_blocked, id=4036, stack(0x0000000066170000,0x0000000066270000)]
  0x000000005ed07800 JavaThread "jar transforms Thread 285" [_thread_blocked, id=6776, stack(0x0000000065fc0000,0x00000000660c0000)]
  0x000000005ed0a800 JavaThread "jar transforms Thread 284" [_thread_blocked, id=6008, stack(0x0000000065e60000,0x0000000065f60000)]
  0x000000005ed06800 JavaThread "jar transforms Thread 283" [_thread_blocked, id=5760, stack(0x0000000065bc0000,0x0000000065cc0000)]
  0x000000005ed09000 JavaThread "jar transforms Thread 282" [_thread_blocked, id=4052, stack(0x0000000065760000,0x0000000065860000)]
  0x000000005c1a8000 JavaThread "jar transforms Thread 281" [_thread_blocked, id=5488, stack(0x0000000065a30000,0x0000000065b30000)]
  0x000000005c1ab000 JavaThread "jar transforms Thread 280" [_thread_blocked, id=6136, stack(0x0000000065880000,0x0000000065980000)]
  0x000000005c1aa000 JavaThread "jar transforms Thread 279" [_thread_blocked, id=5636, stack(0x0000000065660000,0x0000000065760000)]
  0x000000005c1a6800 JavaThread "jar transforms Thread 278" [_thread_blocked, id=2632, stack(0x0000000065550000,0x0000000065650000)]
  0x000000005c1a5000 JavaThread "jar transforms Thread 277" [_thread_blocked, id=4888, stack(0x0000000065340000,0x0000000065440000)]
  0x000000005c1a7000 JavaThread "jar transforms Thread 276" [_thread_blocked, id=1588, stack(0x0000000064d80000,0x0000000064e80000)]
  0x000000005c1a9800 JavaThread "jar transforms Thread 275" [_thread_blocked, id=948, stack(0x00000000651d0000,0x00000000652d0000)]
  0x000000005ee3f000 JavaThread "jar transforms Thread 274" [_thread_blocked, id=7072, stack(0x0000000065060000,0x0000000065160000)]
  0x000000005ee3e800 JavaThread "jar transforms Thread 273" [_thread_blocked, id=2124, stack(0x0000000064ea0000,0x0000000064fa0000)]
  0x000000005ee3d800 JavaThread "jar transforms Thread 272" [_thread_blocked, id=2896, stack(0x0000000064c20000,0x0000000064d20000)]
  0x000000005ee3d000 JavaThread "jar transforms Thread 271" [_thread_blocked, id=1012, stack(0x0000000064b20000,0x0000000064c20000)]
  0x000000005ee3c000 JavaThread "jar transforms Thread 270" [_thread_blocked, id=828, stack(0x00000000649b0000,0x0000000064ab0000)]
  0x000000005ee3b800 JavaThread "jar transforms Thread 269" [_thread_blocked, id=5092, stack(0x0000000064850000,0x0000000064950000)]
  0x000000005ee3a800 JavaThread "jar transforms Thread 268" [_thread_blocked, id=5724, stack(0x0000000064730000,0x0000000064830000)]
  0x000000005ee3a000 JavaThread "jar transforms Thread 267" [_thread_blocked, id=6868, stack(0x0000000063d10000,0x0000000063e10000)]
  0x000000005b640000 JavaThread "jar transforms Thread 266" [_thread_blocked, id=6160, stack(0x00000000643e0000,0x00000000644e0000)]
  0x000000005b640800 JavaThread "jar transforms Thread 265" [_thread_blocked, id=4280, stack(0x0000000064540000,0x0000000064640000)]
  0x000000005b63c000 JavaThread "jar transforms Thread 264" [_thread_blocked, id=4048, stack(0x00000000642d0000,0x00000000643d0000)]
  0x000000005b636000 JavaThread "jar transforms Thread 263" [_thread_blocked, id=5140, stack(0x0000000064130000,0x0000000064230000)]
  0x000000005b637800 JavaThread "jar transforms Thread 262" [_thread_blocked, id=6400, stack(0x0000000063fa0000,0x00000000640a0000)]
  0x000000005b634800 JavaThread "jar transforms Thread 261" [_thread_blocked, id=5624, stack(0x0000000063e20000,0x0000000063f20000)]
  0x000000005b63e800 JavaThread "jar transforms Thread 260" [_thread_blocked, id=3488, stack(0x0000000063bf0000,0x0000000063cf0000)]
  0x000000005b633800 JavaThread "jar transforms Thread 259" [_thread_blocked, id=3564, stack(0x0000000063ab0000,0x0000000063bb0000)]
  0x000000005b635000 JavaThread "jar transforms Thread 258" [_thread_blocked, id=4112, stack(0x0000000063260000,0x0000000063360000)]
  0x000000005f559800 JavaThread "jar transforms Thread 257" [_thread_blocked, id=6332, stack(0x0000000062fa0000,0x00000000630a0000)]
  0x000000005f55e000 JavaThread "jar transforms Thread 256" [_thread_blocked, id=4808, stack(0x00000000634b0000,0x00000000635b0000)]
  0x000000005f55d000 JavaThread "jar transforms Thread 255" [_thread_blocked, id=6608, stack(0x0000000063360000,0x0000000063460000)]
  0x000000005f55c800 JavaThread "Build operations Thread 4" [_thread_blocked, id=6792, stack(0x0000000061580000,0x0000000061680000)]
  0x000000005f560000 JavaThread "Build operations Thread 3" [_thread_blocked, id=1220, stack(0x000000005d650000,0x000000005d750000)]
  0x000000005f55b800 JavaThread "Build operations Thread 2" [_thread_blocked, id=1644, stack(0x000000005c770000,0x000000005c870000)]
  0x000000005f55e800 JavaThread "jar transforms Thread 254" [_thread_blocked, id=3760, stack(0x0000000061800000,0x0000000061900000)]
  0x000000005f55b000 JavaThread "jar transforms Thread 253" [_thread_blocked, id=6540, stack(0x0000000063110000,0x0000000063210000)]
  0x000000005f55a000 JavaThread "Build operations" [_thread_blocked, id=5496, stack(0x0000000063690000,0x0000000063790000)]
  0x000000005fb73000 JavaThread "Cache worker for cache directory md-rule (C:\Users\Ogiw\.gradle\caches\6.5\md-rule)" [_thread_blocked, id=6300, stack(0x00000000616b0000,0x00000000617b0000)]
  0x000000005fb72800 JavaThread "Cache worker for cache directory md-supplier (C:\Users\Ogiw\.gradle\caches\6.5\md-supplier)" [_thread_blocked, id=1596, stack(0x0000000061480000,0x0000000061580000)]
  0x000000005fb71800 JavaThread "Cache worker for checksums cache (C:\Users\Ogiw\Documents\GitHub\Signal-Android\.gradle\checksums)" [_thread_blocked, id=4288, stack(0x000000005c990000,0x000000005ca90000)]
  0x000000005fb71000 JavaThread "Cache worker for file hash cache (C:\Users\Ogiw\Documents\GitHub\Signal-Android\.gradle\6.5\fileHashes)" [_thread_blocked, id=5180, stack(0x0000000061370000,0x0000000061470000)]
  0x000000005fb6d000 JavaThread "Thread-323" [_thread_blocked, id=5868, stack(0x000000005fd50000,0x000000005fe50000)]
  0x000000005fb74000 JavaThread "Stdin handler" [_thread_blocked, id=5876, stack(0x000000005d3c0000,0x000000005d4c0000)]
  0x000000005fb6f800 JavaThread "Asynchronous log dispatcher for DefaultDaemonConnection: socket connection from /127.0.0.1:51968 to /127.0.0.1:52006" [_thread_blocked, id=6732, stack(0x000000005d2a0000,0x000000005d3a0000)]
  0x000000005fb6e000 JavaThread "Cancel handler" [_thread_blocked, id=3168, stack(0x0000000059140000,0x0000000059240000)]
  0x000000005fb6e800 JavaThread "Handler for socket connection from /127.0.0.1:51968 to /127.0.0.1:52006" [_thread_in_native, id=6316, stack(0x0000000059360000,0x0000000059460000)]
  0x000000005ed06000 JavaThread "Daemon worker Thread 2" [_thread_blocked, id=5288, stack(0x000000005d950000,0x000000005da50000)]
  0x000000005ed09800 JavaThread "Daemon Thread 2" [_thread_blocked, id=6764, stack(0x000000005cc80000,0x000000005cd80000)]
  0x000000005b63f000 JavaThread "Memory manager" [_thread_blocked, id=1336, stack(0x0000000062a10000,0x0000000062b10000)]
  0x000000005b638000 JavaThread "Cache worker for file content cache (C:\Users\Ogiw\.gradle\caches\6.5\fileContent)" [_thread_blocked, id=3820, stack(0x0000000062310000,0x0000000062410000)]
  0x000000005b636800 JavaThread "Cache worker for execution history cache (C:\Users\Ogiw\.gradle\caches\6.5\executionHistory)" [_thread_blocked, id=4404, stack(0x0000000061940000,0x0000000061a40000)]
  0x000000005b633000 JavaThread "Cache worker for file hash cache (C:\Users\Ogiw\.gradle\caches\6.5\fileHashes)" [_thread_blocked, id=4852, stack(0x000000005da50000,0x000000005db50000)]
  0x000000005b632000 JavaThread "File lock request listener" [_thread_in_native, id=3124, stack(0x000000005d540000,0x000000005d640000)]
  0x000000005b60c800 JavaThread "Cache worker for journal cache (C:\Users\Ogiw\.gradle\caches\journal-1)" [_thread_blocked, id=3304, stack(0x0000000059570000,0x0000000059670000)]
  0x000000005b4da800 JavaThread "Daemon periodic checks" [_thread_blocked, id=6832, stack(0x000000005cac0000,0x000000005cbc0000)]
  0x000000005b4d6800 JavaThread "Incoming local TCP Connector on port 51968" [_thread_in_native, id=2220, stack(0x000000005c880000,0x000000005c980000)]
  0x000000005b404000 JavaThread "Daemon health stats" [_thread_blocked, id=4384, stack(0x000000005c540000,0x000000005c640000)]
  0x0000000058c40800 JavaThread "Service Thread" daemon [_thread_blocked, id=1080, stack(0x00000000598a0000,0x00000000599a0000)]
=>0x0000000058bcf000 JavaThread "C1 CompilerThread2" daemon [_thread_in_native, id=4460, stack(0x0000000059680000,0x0000000059780000)]
  0x00000000576fe800 JavaThread "C2 CompilerThread1" daemon [_thread_in_native, id=2236, stack(0x0000000059470000,0x0000000059570000)]
  0x0000000058bcb000 JavaThread "C2 CompilerThread0" daemon [_thread_blocked, id=4532, stack(0x0000000059240000,0x0000000059340000)]
  0x0000000058bc8800 JavaThread "Attach Listener" daemon [_thread_blocked, id=6656, stack(0x0000000058990000,0x0000000058a90000)]
  0x00000000576f4800 JavaThread "Signal Dispatcher" daemon [_thread_blocked, id=3696, stack(0x0000000059040000,0x0000000059140000)]
  0x00000000576dc000 JavaThread "Finalizer" daemon [_thread_blocked, id=5404, stack(0x0000000058ac0000,0x0000000058bc0000)]
  0x00000000576d5000 JavaThread "Reference Handler" daemon [_thread_blocked, id=5336, stack(0x0000000058850000,0x0000000058950000)]
  0x00000000020ee800 JavaThread "main" [_thread_blocked, id=3856, stack(0x00000000024d0000,0x00000000025d0000)]

Other Threads:
  0x000000005768d800 VMThread [stack: 0x00000000586d0000,0x00000000587d0000] [id=5664]
  0x0000000058c41800 WatcherThread [stack: 0x00000000599b0000,0x0000000059ab0000] [id=6372]

VM state:not at safepoint (normal execution)

VM Mutex/Monitor currently owned by a thread: None

heap address: 0x0000000080000000, size: 2048 MB, Compressed Oops mode: 32-bit
Narrow klass base: 0x0000000000000000, Narrow klass shift: 0
Compressed class space size: 1073741824 Address: 0x0000000016d00000

Heap:
 PSYoungGen      total 425984K, used 26477K [0x00000000d5580000, 0x00000000f1780000, 0x0000000100000000)
  eden space 395776K, 6% used [0x00000000d5580000,0x00000000d6f5b7a0,0x00000000ed800000)
  from space 30208K, 0% used [0x00000000ed800000,0x00000000ed800000,0x00000000ef580000)
  to   space 23040K, 0% used [0x00000000ef580000,0x00000000ef580000,0x00000000f0c00000)
 ParOldGen       total 272384K, used 149742K [0x0000000080000000, 0x0000000090a00000, 0x00000000d5580000)
  object space 272384K, 54% used [0x0000000080000000,0x000000008923b8f8,0x0000000090a00000)
 Metaspace       used 90905K, capacity 97928K, committed 98072K, reserved 1134592K
  class space    used 12090K, capacity 13607K, committed 13616K, reserved 1048576K

Card table byte_map: [0x0000000011c60000,0x0000000012070000] byte_map_base: 0x0000000011860000

Marking Bits: (ParMarkBitMap*) 0x000000006833f030
 Begin Bits: [0x0000000012900000, 0x0000000014900000)
 End Bits:   [0x0000000014900000, 0x0000000016900000)

Polling page: 0x0000000000140000

CodeCache: size=245760Kb used=50268Kb max_used=50276Kb free=195491Kb
 bounds [0x00000000028a0000, 0x0000000005a00000, 0x00000000118a0000]
 total_blobs=16296 nmethods=15345 adapters=863
 compilation: enabled

Compilation events (10 events):
Event: 208.698 Thread 0x0000000058bcf000 18719       3       kotlin.collections.ArraysKt___ArraysKt::getOrNull (30 bytes)
Event: 208.699 Thread 0x0000000058bcf000 nmethod 18719 0x00000000059eb9d0 code [0x00000000059ebba0, 0x00000000059ec218]
Event: 208.699 Thread 0x0000000058bcf000 18720       3       kotlin.collections.ArraysKt___ArraysKt::getLastIndex (12 bytes)
Event: 208.699 Thread 0x0000000058bcf000 nmethod 18720 0x00000000059eb550 code [0x00000000059eb6c0, 0x00000000059eb8e8]
Event: 208.699 Thread 0x0000000058bcf000 18722       3       kotlin.reflect.jvm.internal.impl.protobuf.GeneratedMessageLite$ExtensionDescriptor::getLiteJavaType (8 bytes)
Event: 208.699 Thread 0x0000000058bcf000 nmethod 18722 0x00000000059e9c50 code [0x00000000059e9da0, 0x00000000059e9f90]
Event: 208.699 Thread 0x0000000058bcf000 18714       3       kotlin.text.StringsKt__StringsJVMKt::replace (72 bytes)
Event: 208.700 Thread 0x00000000576fe800 nmethod 18724 0x00000000059f5790 code [0x00000000059f58e0, 0x00000000059f5a68]
Event: 208.700 Thread 0x0000000058bcf000 nmethod 18714 0x00000000059ea850 code [0x00000000059eaa40, 0x00000000059eb1a8]
Event: 208.700 Thread 0x0000000058bcf000 18725   !   3       kotlin.reflect.jvm.internal.impl.metadata.jvm.JvmProtoBuf$StringTableTypes$Record::<init> (759 bytes)

GC Heap History (10 events):
Event: 33.435 GC heap before
{Heap before GC invocations=17 (full 4):
 PSYoungGen      total 425984K, used 30181K [0x00000000d5580000, 0x00000000f1780000, 0x0000000100000000)
  eden space 395776K, 0% used [0x00000000d5580000,0x00000000d5580000,0x00000000ed800000)
  from space 30208K, 99% used [0x00000000ed800000,0x00000000ef579428,0x00000000ef580000)
  to   space 23040K, 0% used [0x00000000ef580000,0x00000000ef580000,0x00000000f0c00000)
 ParOldGen       total 93184K, used 92769K [0x0000000080000000, 0x0000000085b00000, 0x00000000d5580000)
  object space 93184K, 99% used [0x0000000080000000,0x0000000085a98620,0x0000000085b00000)
 Metaspace       used 74084K, capacity 79060K, committed 79256K, reserved 1116160K
  class space    used 10417K, capacity 11617K, committed 11696K, reserved 1048576K
Event: 34.537 GC heap after
Heap after GC invocations=17 (full 4):
 PSYoungGen      total 425984K, used 27544K [0x00000000d5580000, 0x00000000f1780000, 0x0000000100000000)
  eden space 395776K, 0% used [0x00000000d5580000,0x00000000d5580000,0x00000000ed800000)
  from space 30208K, 91% used [0x00000000ed800000,0x00000000ef2e6308,0x00000000ef580000)
  to   space 23040K, 0% used [0x00000000ef580000,0x00000000ef580000,0x00000000f0c00000)
 ParOldGen       total 93184K, used 92763K [0x0000000080000000, 0x0000000085b00000, 0x00000000d5580000)
  object space 93184K, 99% used [0x0000000080000000,0x0000000085a96ce8,0x0000000085b00000)
 Metaspace       used 74084K, capacity 79060K, committed 79256K, reserved 1116160K
  class space    used 10417K, capacity 11617K, committed 11696K, reserved 1048576K
}
Event: 129.388 GC heap before
{Heap before GC invocations=18 (full 5):
 PSYoungGen      total 425984K, used 423320K [0x00000000d5580000, 0x00000000f1780000, 0x0000000100000000)
  eden space 395776K, 100% used [0x00000000d5580000,0x00000000ed800000,0x00000000ed800000)
  from space 30208K, 91% used [0x00000000ed800000,0x00000000ef2e6308,0x00000000ef580000)
  to   space 23040K, 0% used [0x00000000ef580000,0x00000000ef580000,0x00000000f0c00000)
 ParOldGen       total 93184K, used 92763K [0x0000000080000000, 0x0000000085b00000, 0x00000000d5580000)
  object space 93184K, 99% used [0x0000000080000000,0x0000000085a96ce8,0x0000000085b00000)
 Metaspace       used 80672K, capacity 86662K, committed 86808K, reserved 1124352K
  class space    used 10994K, capacity 12330K, committed 12336K, reserved 1048576K
Event: 132.256 GC heap after
Heap after GC invocations=18 (full 5):
 PSYoungGen      total 425984K, used 36076K [0x00000000d5580000, 0x00000000f1780000, 0x0000000100000000)
  eden space 395776K, 9% used [0x00000000d5580000,0x00000000d78bb3f0,0x00000000ed800000)
  from space 30208K, 0% used [0x00000000ed800000,0x00000000ed800000,0x00000000ef580000)
  to   space 23040K, 0% used [0x00000000ef580000,0x00000000ef580000,0x00000000f0c00000)
 ParOldGen       total 181760K, used 93076K [0x0000000080000000, 0x000000008b180000, 0x00000000d5580000)
  object space 181760K, 51% used [0x0000000080000000,0x0000000085ae52e8,0x000000008b180000)
 Metaspace       used 80672K, capacity 86662K, committed 86808K, reserved 1124352K
  class space    used 10994K, capacity 12330K, committed 12336K, reserved 1048576K
}
Event: 192.945 GC heap before
{Heap before GC invocations=19 (full 5):
 PSYoungGen      total 425984K, used 395776K [0x00000000d5580000, 0x00000000f1780000, 0x0000000100000000)
  eden space 395776K, 100% used [0x00000000d5580000,0x00000000ed800000,0x00000000ed800000)
  from space 30208K, 0% used [0x00000000ed800000,0x00000000ed800000,0x00000000ef580000)
  to   space 23040K, 0% used [0x00000000ef580000,0x00000000ef580000,0x00000000f0c00000)
 ParOldGen       total 181760K, used 93076K [0x0000000080000000, 0x000000008b180000, 0x00000000d5580000)
  object space 181760K, 51% used [0x0000000080000000,0x0000000085ae52e8,0x000000008b180000)
 Metaspace       used 82037K, capacity 88250K, committed 88600K, reserved 1126400K
  class space    used 11080K, capacity 12466K, committed 12592K, reserved 1048576K
Event: 193.107 GC heap after
Heap after GC invocations=19 (full 5):
 PSYoungGen      total 418816K, used 23038K [0x00000000d5580000, 0x00000000f1780000, 0x0000000100000000)
  eden space 395776K, 0% used [0x00000000d5580000,0x00000000d5580000,0x00000000ed800000)
  from space 23040K, 99% used [0x00000000ef580000,0x00000000f0bff8e8,0x00000000f0c00000)
  to   space 30208K, 0% used [0x00000000ed800000,0x00000000ed800000,0x00000000ef580000)
 ParOldGen       total 181760K, used 130788K [0x0000000080000000, 0x000000008b180000, 0x00000000d5580000)
  object space 181760K, 71% used [0x0000000080000000,0x0000000087fb92d8,0x000000008b180000)
 Metaspace       used 82037K, capacity 88250K, committed 88600K, reserved 1126400K
  class space    used 11080K, capacity 12466K, committed 12592K, reserved 1048576K
}
Event: 207.599 GC heap before
{Heap before GC invocations=20 (full 5):
 PSYoungGen      total 418816K, used 418814K [0x00000000d5580000, 0x00000000f1780000, 0x0000000100000000)
  eden space 395776K, 100% used [0x00000000d5580000,0x00000000ed800000,0x00000000ed800000)
  from space 23040K, 99% used [0x00000000ef580000,0x00000000f0bff8e8,0x00000000f0c00000)
  to   space 30208K, 0% used [0x00000000ed800000,0x00000000ed800000,0x00000000ef580000)
 ParOldGen       total 181760K, used 130788K [0x0000000080000000, 0x000000008b180000, 0x00000000d5580000)
  object space 181760K, 71% used [0x0000000080000000,0x0000000087fb92d8,0x000000008b180000)
 Metaspace       used 89583K, capacity 96616K, committed 96920K, reserved 1132544K
  class space    used 11932K, capacity 13447K, committed 13488K, reserved 1048576K
Event: 207.707 GC heap after
Heap after GC invocations=20 (full 5):
 PSYoungGen      total 425984K, used 30180K [0x00000000d5580000, 0x00000000f1780000, 0x0000000100000000)
  eden space 395776K, 0% used [0x00000000d5580000,0x00000000d5580000,0x00000000ed800000)
  from space 30208K, 99% used [0x00000000ed800000,0x00000000ef579118,0x00000000ef580000)
  to   space 23040K, 0% used [0x00000000ef580000,0x00000000ef580000,0x00000000f0c00000)
 ParOldGen       total 181760K, used 180297K [0x0000000080000000, 0x000000008b180000, 0x00000000d5580000)
  object space 181760K, 99% used [0x0000000080000000,0x000000008b0125a8,0x000000008b180000)
 Metaspace       used 89583K, capacity 96616K, committed 96920K, reserved 1132544K
  class space    used 11932K, capacity 13447K, committed 13488K, reserved 1048576K
}
Event: 207.707 GC heap before
{Heap before GC invocations=21 (full 6):
 PSYoungGen      total 425984K, used 30180K [0x00000000d5580000, 0x00000000f1780000, 0x0000000100000000)
  eden space 395776K, 0% used [0x00000000d5580000,0x00000000d5580000,0x00000000ed800000)
  from space 30208K, 99% used [0x00000000ed800000,0x00000000ef579118,0x00000000ef580000)
  to   space 23040K, 0% used [0x00000000ef580000,0x00000000ef580000,0x00000000f0c00000)
 ParOldGen       total 181760K, used 180297K [0x0000000080000000, 0x000000008b180000, 0x00000000d5580000)
  object space 181760K, 99% used [0x0000000080000000,0x000000008b0125a8,0x000000008b180000)
 Metaspace       used 89583K, capacity 96616K, committed 96920K, reserved 1132544K
  class space    used 11932K, capacity 13447K, committed 13488K, reserved 1048576K
Event: 208.369 GC heap after
Heap after GC invocations=21 (full 6):
 PSYoungGen      total 425984K, used 0K [0x00000000d5580000, 0x00000000f1780000, 0x0000000100000000)
  eden space 395776K, 0% used [0x00000000d5580000,0x00000000d5580000,0x00000000ed800000)
  from space 30208K, 0% used [0x00000000ed800000,0x00000000ed800000,0x00000000ef580000)
  to   space 23040K, 0% used [0x00000000ef580000,0x00000000ef580000,0x00000000f0c00000)
 ParOldGen       total 272384K, used 149742K [0x0000000080000000, 0x0000000090a00000, 0x00000000d5580000)
  object space 272384K, 54% used [0x0000000080000000,0x000000008923b8f8,0x0000000090a00000)
 Metaspace       used 89583K, capacity 96616K, committed 96920K, reserved 1132544K
  class space    used 11932K, capacity 13447K, committed 13488K, reserved 1048576K
}

Deoptimization events (10 events):
Event: 206.883 Thread 0x000000005bae1800 Uncommon trap: reason=class_check action=maybe_recompile pc=0x00000000058b1db4 method=com.sun.org.apache.xerces.internal.dom.AttrImpl.getOwnerElement()Lorg/w3c/dom/Element; @ 15
Event: 206.883 Thread 0x000000005bae1800 Uncommon trap: reason=unstable_if action=reinterpret pc=0x00000000058bc1f8 method=com.sun.org.apache.xerces.internal.dom.ParentNode.internalInsertBefore(Lorg/w3c/dom/Node;Lorg/w3c/dom/Node;Z)Lorg/w3c/dom/Node; @ 572
Event: 206.883 Thread 0x000000005bae1800 Uncommon trap: reason=speculate_class_check action=maybe_recompile pc=0x0000000003589630 method=com.sun.org.apache.xerces.internal.dom.ElementImpl.getNodeName()Ljava/lang/String; @ 8
Event: 206.886 Thread 0x000000005bae1800 Uncommon trap: reason=unstable_if action=reinterpret pc=0x00000000058b1d08 method=com.sun.org.apache.xerces.internal.dom.AttrImpl.setValue(Ljava/lang/String;)V @ 74
Event: 206.921 Thread 0x000000005bae1800 Uncommon trap: reason=unstable_if action=reinterpret pc=0x00000000049ad2d8 method=java.lang.Class.getSimpleName()Ljava/lang/String; @ 4
Event: 206.925 Thread 0x000000005bae1800 Uncommon trap: reason=class_check action=maybe_recompile pc=0x000000000519f008 method=java.util.concurrent.ConcurrentHashMap.putVal(Ljava/lang/Object;Ljava/lang/Object;Z)Ljava/lang/Object; @ 192
Event: 206.926 Thread 0x000000005bae1800 Uncommon trap: reason=unstable_if action=reinterpret pc=0x000000000325a7bc method=java.util.concurrent.ConcurrentHashMap.get(Ljava/lang/Object;)Ljava/lang/Object; @ 152
Event: 206.991 Thread 0x000000005bae1800 Uncommon trap: reason=unstable_if action=reinterpret pc=0x0000000002d17a0c method=sun.nio.cs.SingleByte$Encoder.encodeArrayLoop(Ljava/nio/CharBuffer;Ljava/nio/ByteBuffer;)Ljava/nio/charset/CoderResult; @ 70
Event: 207.131 Thread 0x000000005bae1800 Uncommon trap: reason=unstable_if action=reinterpret pc=0x0000000002f8672c method=java.lang.String.lastIndexOf([CII[CIII)I @ 17
Event: 207.404 Thread 0x000000005bae1800 Uncommon trap: reason=unstable_if action=reinterpret pc=0x00000000055dd0a8 method=sun.misc.URLClassPath$1.next()Z @ 56

Classes redefined (0 events):
No events

Internal exceptions (10 events):
Event: 204.364 Thread 0x000000005bae3000 Implicit null exception at 0x0000000005790c37 to 0x0000000005793035
Event: 205.120 Thread 0x000000005bae3000 Exception <a 'java/lang/NoSuchMethodError': <clinit>> (0x00000000ea6faab0) thrown at [C:\src\AOSP-openjdk-git\hotspot\src\share\vm\prims\jni.cpp, line 1615]
Event: 205.121 Thread 0x000000005bae3000 Exception <a 'java/lang/NoSuchMethodError': <clinit>> (0x00000000ea70af90) thrown at [C:\src\AOSP-openjdk-git\hotspot\src\share\vm\prims\jni.cpp, line 1615]
Event: 205.123 Thread 0x000000005bae3000 Exception <a 'java/lang/NoSuchMethodError': <clinit>> (0x00000000ea71e740) thrown at [C:\src\AOSP-openjdk-git\hotspot\src\share\vm\prims\jni.cpp, line 1615]
Event: 206.397 Thread 0x000000005bae1800 Exception <a 'sun/nio/fs/WindowsException'> (0x00000000eb5e2d78) thrown at [C:\src\AOSP-openjdk-git\hotspot\src\share\vm\prims\jni.cpp, line 710]
Event: 206.397 Thread 0x000000005bae1800 Exception <a 'sun/nio/fs/WindowsException'> (0x00000000eb5e3e40) thrown at [C:\src\AOSP-openjdk-git\hotspot\src\share\vm\prims\jni.cpp, line 710]
Event: 206.397 Thread 0x000000005bae1800 Exception <a 'sun/nio/fs/WindowsException'> (0x00000000eb5e49e8) thrown at [C:\src\AOSP-openjdk-git\hotspot\src\share\vm\prims\jni.cpp, line 710]
Event: 206.397 Thread 0x000000005bae1800 Exception <a 'sun/nio/fs/WindowsException'> (0x00000000eb5e5a80) thrown at [C:\src\AOSP-openjdk-git\hotspot\src\share\vm\prims\jni.cpp, line 710]
Event: 206.397 Thread 0x000000005bae1800 Exception <a 'sun/nio/fs/WindowsException'> (0x00000000eb5e65c8) thrown at [C:\src\AOSP-openjdk-git\hotspot\src\share\vm\prims\jni.cpp, line 710]
Event: 206.397 Thread 0x000000005bae1800 Exception <a 'sun/nio/fs/WindowsException'> (0x00000000eb5e7640) thrown at [C:\src\AOSP-openjdk-git\hotspot\src\share\vm\prims\jni.cpp, line 710]

Events (10 events):
Event: 208.641 loading class kotlin/reflect/jvm/internal/impl/serialization/deserialization/descriptors/DeserializedMemberScope$classNames$2
Event: 208.641 loading class kotlin/reflect/jvm/internal/impl/serialization/deserialization/descriptors/DeserializedMemberScope$classNames$2 done
Event: 208.642 loading class kotlin/reflect/jvm/internal/impl/serialization/deserialization/descriptors/DeserializedClassDescriptor$DeserializedClassMemberScope$allDescriptors$1
Event: 208.642 loading class kotlin/reflect/jvm/internal/impl/serialization/deserialization/descriptors/DeserializedClassDescriptor$DeserializedClassMemberScope$allDescriptors$1 done
Event: 208.642 loading class kotlin/reflect/jvm/internal/impl/serialization/deserialization/descriptors/DeserializedClassDescriptor$DeserializedClassMemberScope$refinedSupertypes$1
Event: 208.642 loading class kotlin/reflect/jvm/internal/impl/serialization/deserialization/descriptors/DeserializedClassDescriptor$DeserializedClassMemberScope$refinedSupertypes$1 done
Event: 208.644 loading class kotlin/reflect/jvm/internal/UtilKt
Event: 208.644 loading class kotlin/reflect/jvm/internal/UtilKt done
Event: 208.661 loading class kotlin/reflect/jvm/internal/impl/resolve/scopes/InnerClassesScopeWrapper
Event: 208.661 loading class kotlin/reflect/jvm/internal/impl/resolve/scopes/InnerClassesScopeWrapper done


Dynamic libraries:
0x000000013f6e0000 - 0x000000013f711000 	C:\Program Files\Android\Android Studio\jre\bin\java.exe
0x00000000772b0000 - 0x000000007744f000 	C:\Windows\SYSTEM32\ntdll.dll
0x0000000077190000 - 0x00000000772b0000 	C:\Windows\system32\kernel32.dll
0x000007fefcec0000 - 0x000007fefcf27000 	C:\Windows\system32\KERNELBASE.dll
0x000007fefee40000 - 0x000007fefef1b000 	C:\Windows\system32\ADVAPI32.dll
0x000007fefd380000 - 0x000007fefd41f000 	C:\Windows\system32\msvcrt.dll
0x000007fefd1d0000 - 0x000007fefd1ef000 	C:\Windows\SYSTEM32\sechost.dll
0x000007fefde90000 - 0x000007fefdfbd000 	C:\Windows\system32\RPCRT4.dll
0x0000000077090000 - 0x000000007718b000 	C:\Windows\system32\USER32.dll
0x000007fefdd40000 - 0x000007fefdda8000 	C:\Windows\system32\GDI32.dll
0x000007fefdd30000 - 0x000007fefdd3e000 	C:\Windows\system32\LPK.dll
0x000007fefef20000 - 0x000007fefefeb000 	C:\Windows\system32\USP10.dll
0x000007fefb6f0000 - 0x000007fefb8e5000 	C:\Windows\WinSxS\amd64_microsoft.windows.common-controls_6595b64144ccf1df_6.0.7601.24483_none_e372d88f30fbb845\COMCTL32.dll
0x000007fefd1f0000 - 0x000007fefd261000 	C:\Windows\system32\SHLWAPI.dll
0x000007fefed50000 - 0x000007fefed7e000 	C:\Windows\system32\IMM32.DLL
0x000007fefd270000 - 0x000007fefd37b000 	C:\Windows\system32\MSCTF.dll
0x00000000711c0000 - 0x0000000071292000 	C:\Program Files\Android\Android Studio\jre\jre\bin\msvcr100.dll
0x0000000067b70000 - 0x00000000683bb000 	C:\Program Files\Android\Android Studio\jre\jre\bin\server\jvm.dll
0x000007fef4370000 - 0x000007fef4379000 	C:\Windows\system32\WSOCK32.dll
0x000007fefd6a0000 - 0x000007fefd6ed000 	C:\Windows\system32\WS2_32.dll
0x000007fefd1c0000 - 0x000007fefd1c8000 	C:\Windows\system32\NSI.dll
0x000007fef8ff0000 - 0x000007fef902b000 	C:\Windows\system32\WINMM.dll
0x000007fefbec0000 - 0x000007fefbecc000 	C:\Windows\system32\VERSION.dll
0x0000000077450000 - 0x0000000077457000 	C:\Windows\system32\PSAPI.DLL
0x000007fefb430000 - 0x000007fefb43f000 	C:\Program Files\Android\Android Studio\jre\jre\bin\verify.dll
0x000007fef6e40000 - 0x000007fef6e69000 	C:\Program Files\Android\Android Studio\jre\jre\bin\java.dll
0x000007fef6e20000 - 0x000007fef6e36000 	C:\Program Files\Android\Android Studio\jre\jre\bin\zip.dll
0x000007fefdfc0000 - 0x000007fefed4b000 	C:\Windows\system32\SHELL32.dll
0x000007feff0d0000 - 0x000007feff2d0000 	C:\Windows\system32\ole32.dll
0x000007fefce00000 - 0x000007fefce0f000 	C:\Windows\system32\profapi.dll
0x000007fef5c40000 - 0x000007fef5c5a000 	C:\Program Files\Android\Android Studio\jre\jre\bin\net.dll
0x000007fefc570000 - 0x000007fefc5c5000 	C:\Windows\system32\mswsock.dll
0x000007fefc740000 - 0x000007fefc747000 	C:\Windows\System32\wship6.dll
0x000007fef5c20000 - 0x000007fef5c33000 	C:\Program Files\Android\Android Studio\jre\jre\bin\nio.dll
0x000007fef2d60000 - 0x000007fef2d87000 	C:\Users\Ogiw\.gradle\native\f6784746aeab05261644944871eae4fe03e0ef1612fff0a4a95f87b438bc6780\windows-amd64\native-platform.dll
0x000007fef88a0000 - 0x000007fef88a3000 	C:\Windows\system32\api-ms-win-core-synch-l1-2-0.DLL
0x000007fef9680000 - 0x000007fef968d000 	C:\Program Files\Android\Android Studio\jre\jre\bin\management.dll
0x000007fefc5d0000 - 0x000007fefc5e8000 	C:\Windows\system32\CRYPTSP.dll
0x000007fefc280000 - 0x000007fefc2c7000 	C:\Windows\system32\rsaenh.dll
0x000007fefcf50000 - 0x000007fefcf6f000 	C:\Windows\system32\USERENV.dll
0x000007fefcda0000 - 0x000007fefcdaf000 	C:\Windows\system32\CRYPTBASE.dll
0x000007fefa580000 - 0x000007fefa5a7000 	C:\Windows\system32\IPHLPAPI.DLL
0x000007fefa5f0000 - 0x000007fefa5fb000 	C:\Windows\system32\WINNSI.DLL
0x000007fefa440000 - 0x000007fefa458000 	C:\Windows\system32\dhcpcsvc.DLL
0x000007fefa420000 - 0x000007fefa431000 	C:\Windows\system32\dhcpcsvc6.DLL
0x000007fefcc20000 - 0x000007fefcc77000 	C:\Windows\system32\apphelp.dll
0x000007fee5d80000 - 0x000007fee5f1c000 	C:\Program Files\Android\Android Studio\jre\jre\bin\awt.dll
0x000007fefafa0000 - 0x000007fefafb8000 	C:\Windows\system32\dwmapi.dll
0x000007fefeff0000 - 0x000007feff0cc000 	C:\Windows\system32\OLEAUT32.dll
0x000007fee59b0000 - 0x000007fee5d74000 	C:\Windows\system32\d2d1.dll

VM Arguments:
jvm_args: -Xmx2048m -Dfile.encoding=windows-1252 -Duser.country=US -Duser.language=en -Duser.variant 
java_command: org.gradle.launcher.daemon.bootstrap.GradleDaemon 6.5
java_class_path (initial): C:\Users\Ogiw\.gradle\wrapper\dists\gradle-6.5-all\2oz4ud9k3tuxjg84bbf55q0tn\gradle-6.5\lib\gradle-launcher-6.5.jar
Launcher Type: SUN_STANDARD

Environment Variables:
JAVA_HOME=C:\Program Files\Java\jdk1.8.0_281
PATH=C:\Program Files\Common Files\Oracle\Java\javapath;C:\Program Files (x86)\Common Files\Oracle\Java\javapath;C:\Program Files (x86)\Common Files\Intel\Shared Files\cpp\bin\Intel64;C:\Program Files\WinRAR;C:\Windows\system32;C:\Windows;C:\Windows\System32\Wbem;C:\Windows\System32\WindowsPowerShell\v1.0\;C:\adb;C:\Program Files\WIDCOMM\Bluetooth Software\;C:\Program Files\WIDCOMM\Bluetooth Software\syswow64;C:\Program Files\Gradle\gradle-6.5\bin;C:\Program Files\Java\jdk1.8.0_281\bin;C:\Program Files\Java\jre1.8.0_281\bin;C:\Users\Ogiw\AppData\Local\Android\Sdk\platform-tools;C:\Program Files\Git\cmd
USERNAME=Ogiw
OS=Windows_NT
PROCESSOR_IDENTIFIER=Intel64 Family 6 Model 42 Stepping 7, GenuineIntel



---------------  S Y S T E M  ---------------

OS: Windows 7 , 64 bit Build 7601 (6.1.7601.24560)

CPU:total 4 (initial active 4) (2 cores per cpu, 2 threads per core) family 6 model 42 stepping 7, cmov, cx8, fxsr, mmx, sse, sse2, sse3, ssse3, sse4.1, sse4.2, popcnt, avx, clmul, ht, tsc, tscinvbit

Memory: 4k page, physical 4103372k(330552k free), swap 4101472k(4808k free)

vm_info: OpenJDK 64-Bit Server VM (25.242-b01) for windows-amd64 JRE (1.8.0_242-release-1644-b01), built by "builder" with MS VC++ 10.0 (VS2010)

time: Mon Apr 19 12:58:01 2021
timezone: SE Asia Standard Time
elapsed time: 208 seconds (0d 0h 3m 28s)

