#
# There is insufficient memory for the Java Runtime Environment to continue.
# Native memory allocation (malloc) failed to allocate 1368432 bytes for Chunk::new
# Possible reasons:
#   The system is out of physical RAM or swap space
#   The process is running with CompressedOops enabled, and the Java Heap may be blocking the growth of the native heap
# Possible solutions:
#   Reduce memory load on the system
#   Increase physical memory or swap space
#   Check if swap backing store is full
#   Decrease Java heap size (-Xmx/-Xms)
#   Decrease number of Java threads
#   Decrease Java thread stack sizes (-Xss)
#   Set larger code cache with -XX:ReservedCodeCacheSize=
#   JVM is running with Unscaled Compressed Oops mode in which the Java heap is
#     placed in the first 4GB address space. The Java Heap base address is the
#     maximum limit for the native heap growth. Please use -XX:HeapBaseMinAddress
#     to set the Java Heap base and to place the Java Heap above 4GB virtual address.
# This output file may be truncated or incomplete.
#
#  Out of Memory Error (allocation.cpp:389), pid=14020, tid=0x0000000000003720
#
# JRE version: OpenJDK Runtime Environment (8.0_242-b01) (build 1.8.0_242-release-1644-b01)
# Java VM: OpenJDK 64-Bit Server VM (25.242-b01 mixed mode windows-amd64 compressed oops)
# Failed to write core dump. Minidumps are not enabled by default on client versions of Windows
#

---------------  T H R E A D  ---------------

Current thread (0x0000000058c40800):  JavaThread "C2 CompilerThread0" daemon [_thread_in_native, id=14112, stack(0x00000000590b0000,0x00000000591b0000)]

Stack: [0x00000000590b0000,0x00000000591b0000]
[error occurred during error reporting (printing stack bounds), id 0xc0000005]

Native frames: (J=compiled Java code, j=interpreted, Vv=VM code, C=native code)


Current CompileTask:
C2: 229774 29093       4       com.android.tools.r8.z.a.a.f::a (3630 bytes)


---------------  P R O C E S S  ---------------

Java Threads: ( => current thread )
  0x000000005e3dc000 JavaThread "WorkerExecutor Queue Thread 5" [_thread_blocked, id=11632, stack(0x0000000065810000,0x0000000065910000)]
  0x000000005ebbc000 JavaThread "WorkerExecutor Queue Thread 4" [_thread_blocked, id=8572, stack(0x0000000063d70000,0x0000000063e70000)]
  0x000000005ebb9000 JavaThread "WorkerExecutor Queue Thread 3" [_thread_blocked, id=11124, stack(0x000000005cba0000,0x000000005cca0000)]
  0x00000000621dd000 JavaThread "Cache worker for Java compile cache (C:\Users\Ogiw\Documents\GitHub\Signal-Android\.gradle\6.5\javaCompile)" [_thread_blocked, id=4848, stack(0x0000000060f10000,0x0000000061010000)]
  0x00000000621dc000 JavaThread "Cache worker for Java compile cache (C:\Users\Ogiw\.gradle\caches\6.5\javaCompile)" [_thread_blocked, id=4768, stack(0x000000005c440000,0x000000005c540000)]
  0x000000005e3d6800 JavaThread "stdout" [_thread_in_native, id=4728, stack(0x000000006d7d0000,0x000000006d8d0000)]
  0x000000005e3d6000 JavaThread "stderr" [_thread_in_native, id=13376, stack(0x0000000073750000,0x0000000073850000)]
  0x000000005e3d5000 JavaThread "pool-2-thread-1" [_thread_blocked, id=5680, stack(0x0000000071630000,0x0000000071730000)]
  0x000000005ebb6000 JavaThread "WorkerExecutor Queue" [_thread_blocked, id=11700, stack(0x0000000073240000,0x0000000073340000)]
  0x00000000622bb000 JavaThread "Cache worker for execution history cache (C:\Users\Ogiw\Documents\GitHub\Signal-Android\.gradle\6.5\executionHistory)" [_thread_blocked, id=8612, stack(0x0000000072cb0000,0x0000000072db0000)]
  0x00000000622ba800 JavaThread "Execution worker for ':' Thread 3" [_thread_in_Java, id=14196, stack(0x0000000072b80000,0x0000000072c80000)]
  0x00000000622b9800 JavaThread "Execution worker for ':' Thread 2" [_thread_blocked, id=14008, stack(0x0000000071900000,0x0000000071a00000)]
  0x00000000622b9000 JavaThread "Execution worker for ':'" [_thread_blocked, id=13388, stack(0x0000000071750000,0x0000000071850000)]
  0x00000000622b8000 JavaThread "Cache worker for file content cache (C:\Users\Ogiw\Documents\GitHub\Signal-Android\.gradle\6.5\fileContent)" [_thread_blocked, id=11960, stack(0x000000006ac50000,0x000000006ad50000)]
  0x000000005be31000 JavaThread "Cache worker for Build Output Cleanup Cache (C:\Users\Ogiw\Documents\GitHub\Signal-Android\.gradle\buildOutputCleanup)" [_thread_blocked, id=14220, stack(0x000000006d060000,0x000000006d160000)]
  0x000000005ad08800 JavaThread "Build operations Thread 4" [_thread_blocked, id=11028, stack(0x0000000063c10000,0x0000000063d10000)]
  0x000000005ad07800 JavaThread "Build operations Thread 3" [_thread_blocked, id=5936, stack(0x0000000060a00000,0x0000000060b00000)]
  0x000000005ad05800 JavaThread "Build operations Thread 2" [_thread_blocked, id=6472, stack(0x00000000614a0000,0x00000000615a0000)]
  0x000000005ad0a000 JavaThread "Build operations" [_thread_blocked, id=6292, stack(0x0000000062ab0000,0x0000000062bb0000)]
  0x0000000058c59800 JavaThread "Memory manager" [_thread_blocked, id=5848, stack(0x000000005fbc0000,0x000000005fcc0000)]
  0x0000000058c51800 JavaThread "Cache worker for file content cache (C:\Users\Ogiw\.gradle\caches\6.5\fileContent)" [_thread_blocked, id=5452, stack(0x00000000604f0000,0x00000000605f0000)]
  0x0000000058c50000 JavaThread "Cache worker for execution history cache (C:\Users\Ogiw\.gradle\caches\6.5\executionHistory)" [_thread_blocked, id=6268, stack(0x000000005fcf0000,0x000000005fdf0000)]
  0x0000000058c4f000 JavaThread "Cache worker for cache directory md-rule (C:\Users\Ogiw\.gradle\caches\6.5\md-rule)" [_thread_blocked, id=14252, stack(0x000000005fab0000,0x000000005fbb0000)]
  0x0000000058c4e800 JavaThread "Cache worker for cache directory md-supplier (C:\Users\Ogiw\.gradle\caches\6.5\md-supplier)" [_thread_blocked, id=13828, stack(0x000000005f870000,0x000000005f970000)]
  0x0000000058c4d800 JavaThread "Cache worker for checksums cache (C:\Users\Ogiw\Documents\GitHub\Signal-Android\.gradle\checksums)" [_thread_blocked, id=13840, stack(0x000000005f6d0000,0x000000005f7d0000)]
  0x0000000058c4d000 JavaThread "Cache worker for file hash cache (C:\Users\Ogiw\Documents\GitHub\Signal-Android\.gradle\6.5\fileHashes)" [_thread_blocked, id=14308, stack(0x000000005db90000,0x000000005dc90000)]
  0x0000000058c4c000 JavaThread "Cache worker for file hash cache (C:\Users\Ogiw\.gradle\caches\6.5\fileHashes)" [_thread_blocked, id=14268, stack(0x000000005de40000,0x000000005df40000)]
  0x000000005b635800 JavaThread "File lock request listener" [_thread_in_native, id=5408, stack(0x000000005dcf0000,0x000000005ddf0000)]
  0x000000005b785800 JavaThread "Cache worker for journal cache (C:\Users\Ogiw\.gradle\caches\journal-1)" [_thread_blocked, id=12016, stack(0x000000005da30000,0x000000005db30000)]
  0x000000005b59b800 JavaThread "Thread-9" [_thread_blocked, id=13960, stack(0x000000005d670000,0x000000005d770000)]
  0x000000005b5b7000 JavaThread "Asynchronous log dispatcher for DefaultDaemonConnection: socket connection from /127.0.0.1:49803 to /127.0.0.1:49804" [_thread_blocked, id=6912, stack(0x000000005d470000,0x000000005d570000)]
  0x000000005b52e000 JavaThread "Daemon worker" [_thread_blocked, id=14044, stack(0x000000005d350000,0x000000005d450000)]
  0x000000005b527000 JavaThread "Cancel handler" [_thread_blocked, id=14164, stack(0x000000005d220000,0x000000005d320000)]
  0x000000005b511800 JavaThread "Handler for socket connection from /127.0.0.1:49803 to /127.0.0.1:49804" [_thread_in_native, id=11336, stack(0x000000005d030000,0x000000005d130000)]
  0x000000005b484000 JavaThread "Daemon" [_thread_blocked, id=5796, stack(0x000000005ccc0000,0x000000005cdc0000)]
  0x000000005b487000 JavaThread "Daemon periodic checks" [_thread_blocked, id=11856, stack(0x000000005c9c0000,0x000000005cac0000)]
  0x000000005b486000 JavaThread "Incoming local TCP Connector on port 49803" [_thread_in_native, id=14124, stack(0x00000000596b0000,0x00000000597b0000)]
  0x000000005b412800 JavaThread "Daemon health stats" [_thread_blocked, id=4724, stack(0x000000005c590000,0x000000005c690000)]
  0x0000000058cc5000 JavaThread "Service Thread" daemon [_thread_blocked, id=13568, stack(0x00000000595b0000,0x00000000596b0000)]
  0x0000000058c4b800 JavaThread "C1 CompilerThread2" daemon [_thread_blocked, id=13648, stack(0x0000000059420000,0x0000000059520000)]
  0x0000000058c4a800 JavaThread "C2 CompilerThread1" daemon [_thread_in_native, id=13988, stack(0x0000000059230000,0x0000000059330000)]
=>0x0000000058c40800 JavaThread "C2 CompilerThread0" daemon [_thread_in_native, id=14112, stack(0x00000000590b0000,0x00000000591b0000)]
  0x0000000057666800 JavaThread "Attach Listener" daemon [_thread_blocked, id=13620, stack(0x0000000058b40000,0x0000000058c40000)]
  0x000000005766f800 JavaThread "Signal Dispatcher" daemon [_thread_blocked, id=13460, stack(0x0000000058960000,0x0000000058a60000)]
  0x0000000057648800 JavaThread "Finalizer" daemon [_thread_blocked, id=13600, stack(0x0000000058850000,0x0000000058950000)]
  0x0000000057641800 JavaThread "Reference Handler" daemon [_thread_blocked, id=13936, stack(0x0000000058550000,0x0000000058650000)]
  0x000000000221e800 JavaThread "main" [_thread_blocked, id=13728, stack(0x0000000002390000,0x0000000002490000)]

Other Threads:
  0x00000000575fa000 VMThread [stack: 0x0000000058710000,0x0000000058810000] [id=13412]
  0x0000000058cce800 WatcherThread [stack: 0x00000000597e0000,0x00000000598e0000] [id=13732]

VM state:not at safepoint (normal execution)

VM Mutex/Monitor currently owned by a thread: None

heap address: 0x0000000080000000, size: 2048 MB, Compressed Oops mode: 32-bit
Narrow klass base: 0x0000000000000000, Narrow klass shift: 0
Compressed class space size: 1073741824 Address: 0x0000000016c70000

Heap:
 PSYoungGen      total 465920K, used 173166K [0x00000000d5580000, 0x0000000100000000, 0x0000000100000000)
  eden space 232960K, 72% used [0x00000000d5580000,0x00000000df9bccd0,0x00000000e3900000)
  from space 232960K, 2% used [0x00000000f1c80000,0x00000000f215ede8,0x0000000100000000)
  to   space 232960K, 0% used [0x00000000e3900000,0x00000000e3900000,0x00000000f1c80000)
 ParOldGen       total 814080K, used 598902K [0x0000000080000000, 0x00000000b1b00000, 0x00000000d5580000)
  object space 814080K, 73% used [0x0000000080000000,0x00000000a48dda48,0x00000000b1b00000)
 Metaspace       used 102231K, capacity 109206K, committed 109464K, reserved 1144832K
  class space    used 13513K, capacity 14985K, committed 15024K, reserved 1048576K

Card table byte_map: [0x0000000011b20000,0x0000000011f30000] byte_map_base: 0x0000000011720000

Marking Bits: (ParMarkBitMap*) 0x000000007134f030
 Begin Bits: [0x0000000012870000, 0x0000000014870000)
 End Bits:   [0x0000000014870000, 0x0000000016870000)

Polling page: 0x0000000000230000

CodeCache: size=245760Kb used=77438Kb max_used=77704Kb free=168321Kb
 bounds [0x0000000002760000, 0x00000000073c0000, 0x0000000011760000]
 total_blobs=21569 nmethods=20680 adapters=801
 compilation: enabled

Compilation events (10 events):
Event: 229.545 Thread 0x0000000058c4b800 29114 %     3       com.android.tools.r8.z.a.a.f::a @ 66 (6058 bytes)
Event: 229.593 Thread 0x0000000058c4b800 nmethod 29114% 0x000000000736b990 code [0x000000000736d000, 0x0000000007380238]
Event: 229.596 Thread 0x0000000058c4b800 29115       2       com.android.tools.r8.z.a.a.f::a (6058 bytes)
Event: 229.630 Thread 0x0000000058c4b800 nmethod 29115 0x000000000739c4d0 code [0x000000000739d1c0, 0x00000000073a6078]
Event: 229.632 Thread 0x0000000058c4b800 29116       1       com.android.tools.r8.ir.optimize.info.f::w (4 bytes)
Event: 229.633 Thread 0x0000000058c4b800 nmethod 29116 0x00000000038e5950 code [0x00000000038e5aa0, 0x00000000038e5bb0]
Event: 229.635 Thread 0x0000000058c4b800 29112       2       com.android.tools.r8.z.a.a.f::b (34 bytes)
Event: 229.636 Thread 0x0000000058c4b800 nmethod 29112 0x0000000002d41350 code [0x0000000002d414c0, 0x0000000002d41750]
Event: 229.646 Thread 0x0000000058c4b800 29118       2       com.android.tools.r8.utils.v1::c (17 bytes)
Event: 229.646 Thread 0x0000000058c4b800 nmethod 29118 0x0000000002bd5250 code [0x0000000002bd53c0, 0x0000000002bd5618]

GC Heap History (10 events):
Event: 221.955 GC heap before
{Heap before GC invocations=55 (full 8):
 PSYoungGen      total 465920K, used 305296K [0x00000000d5580000, 0x0000000100000000, 0x0000000100000000)
  eden space 232960K, 100% used [0x00000000d5580000,0x00000000e3900000,0x00000000e3900000)
  from space 232960K, 31% used [0x00000000f1c80000,0x00000000f6324378,0x0000000100000000)
  to   space 232960K, 0% used [0x00000000e3900000,0x00000000e3900000,0x00000000f1c80000)
 ParOldGen       total 599040K, used 426858K [0x0000000080000000, 0x00000000a4900000, 0x00000000d5580000)
  object space 599040K, 71% used [0x0000000080000000,0x000000009a0da8b8,0x00000000a4900000)
 Metaspace       used 102028K, capacity 108976K, committed 109208K, reserved 1142784K
  class space    used 13505K, capacity 14980K, committed 15024K, reserved 1048576K
Event: 222.089 GC heap after
Heap after GC invocations=55 (full 8):
 PSYoungGen      total 465920K, used 56300K [0x00000000d5580000, 0x0000000100000000, 0x0000000100000000)
  eden space 232960K, 0% used [0x00000000d5580000,0x00000000d5580000,0x00000000e3900000)
  from space 232960K, 24% used [0x00000000e3900000,0x00000000e6ffb3a8,0x00000000f1c80000)
  to   space 232960K, 0% used [0x00000000f1c80000,0x00000000f1c80000,0x0000000100000000)
 ParOldGen       total 599040K, used 456475K [0x0000000080000000, 0x00000000a4900000, 0x00000000d5580000)
  object space 599040K, 76% used [0x0000000080000000,0x000000009bdc6ff0,0x00000000a4900000)
 Metaspace       used 102028K, capacity 108976K, committed 109208K, reserved 1142784K
  class space    used 13505K, capacity 14980K, committed 15024K, reserved 1048576K
}
Event: 223.173 GC heap before
{Heap before GC invocations=56 (full 8):
 PSYoungGen      total 465920K, used 289260K [0x00000000d5580000, 0x0000000100000000, 0x0000000100000000)
  eden space 232960K, 100% used [0x00000000d5580000,0x00000000e3900000,0x00000000e3900000)
  from space 232960K, 24% used [0x00000000e3900000,0x00000000e6ffb3a8,0x00000000f1c80000)
  to   space 232960K, 0% used [0x00000000f1c80000,0x00000000f1c80000,0x0000000100000000)
 ParOldGen       total 599040K, used 456475K [0x0000000080000000, 0x00000000a4900000, 0x00000000d5580000)
  object space 599040K, 76% used [0x0000000080000000,0x000000009bdc6ff0,0x00000000a4900000)
 Metaspace       used 102085K, capacity 109048K, committed 109208K, reserved 1142784K
  class space    used 13505K, capacity 14980K, committed 15024K, reserved 1048576K
Event: 223.278 GC heap after
Heap after GC invocations=56 (full 8):
 PSYoungGen      total 465920K, used 65296K [0x00000000d5580000, 0x0000000100000000, 0x0000000100000000)
  eden space 232960K, 0% used [0x00000000d5580000,0x00000000d5580000,0x00000000e3900000)
  from space 232960K, 28% used [0x00000000f1c80000,0x00000000f5c443a8,0x0000000100000000)
  to   space 232960K, 0% used [0x00000000e3900000,0x00000000e3900000,0x00000000f1c80000)
 ParOldGen       total 599040K, used 479140K [0x0000000080000000, 0x00000000a4900000, 0x00000000d5580000)
  object space 599040K, 79% used [0x0000000080000000,0x000000009d3e9010,0x00000000a4900000)
 Metaspace       used 102085K, capacity 109048K, committed 109208K, reserved 1142784K
  class space    used 13505K, capacity 14980K, committed 15024K, reserved 1048576K
}
Event: 224.409 GC heap before
{Heap before GC invocations=57 (full 8):
 PSYoungGen      total 465920K, used 298256K [0x00000000d5580000, 0x0000000100000000, 0x0000000100000000)
  eden space 232960K, 100% used [0x00000000d5580000,0x00000000e3900000,0x00000000e3900000)
  from space 232960K, 28% used [0x00000000f1c80000,0x00000000f5c443a8,0x0000000100000000)
  to   space 232960K, 0% used [0x00000000e3900000,0x00000000e3900000,0x00000000f1c80000)
 ParOldGen       total 599040K, used 479140K [0x0000000080000000, 0x00000000a4900000, 0x00000000d5580000)
  object space 599040K, 79% used [0x0000000080000000,0x000000009d3e9010,0x00000000a4900000)
 Metaspace       used 102172K, capacity 109122K, committed 109208K, reserved 1142784K
  class space    used 13506K, capacity 14981K, committed 15024K, reserved 1048576K
Event: 224.537 GC heap after
Heap after GC invocations=57 (full 8):
 PSYoungGen      total 465920K, used 66452K [0x00000000d5580000, 0x0000000100000000, 0x0000000100000000)
  eden space 232960K, 0% used [0x00000000d5580000,0x00000000d5580000,0x00000000e3900000)
  from space 232960K, 28% used [0x00000000e3900000,0x00000000e79e5030,0x00000000f1c80000)
  to   space 232960K, 0% used [0x00000000f1c80000,0x00000000f1c80000,0x0000000100000000)
 ParOldGen       total 599040K, used 512065K [0x0000000080000000, 0x00000000a4900000, 0x00000000d5580000)
  object space 599040K, 85% used [0x0000000080000000,0x000000009f4105b8,0x00000000a4900000)
 Metaspace       used 102172K, capacity 109122K, committed 109208K, reserved 1142784K
  class space    used 13506K, capacity 14981K, committed 15024K, reserved 1048576K
}
Event: 225.798 GC heap before
{Heap before GC invocations=58 (full 8):
 PSYoungGen      total 465920K, used 299412K [0x00000000d5580000, 0x0000000100000000, 0x0000000100000000)
  eden space 232960K, 100% used [0x00000000d5580000,0x00000000e3900000,0x00000000e3900000)
  from space 232960K, 28% used [0x00000000e3900000,0x00000000e79e5030,0x00000000f1c80000)
  to   space 232960K, 0% used [0x00000000f1c80000,0x00000000f1c80000,0x0000000100000000)
 ParOldGen       total 599040K, used 512065K [0x0000000080000000, 0x00000000a4900000, 0x00000000d5580000)
  object space 599040K, 85% used [0x0000000080000000,0x000000009f4105b8,0x00000000a4900000)
 Metaspace       used 102183K, capacity 109122K, committed 109208K, reserved 1142784K
  class space    used 13507K, capacity 14981K, committed 15024K, reserved 1048576K
Event: 225.955 GC heap after
Heap after GC invocations=58 (full 8):
 PSYoungGen      total 465920K, used 46560K [0x00000000d5580000, 0x0000000100000000, 0x0000000100000000)
  eden space 232960K, 0% used [0x00000000d5580000,0x00000000d5580000,0x00000000e3900000)
  from space 232960K, 19% used [0x00000000f1c80000,0x00000000f49f8110,0x0000000100000000)
  to   space 232960K, 0% used [0x00000000e3900000,0x00000000e3900000,0x00000000f1c80000)
 ParOldGen       total 599040K, used 580112K [0x0000000080000000, 0x00000000a4900000, 0x00000000d5580000)
  object space 599040K, 96% used [0x0000000080000000,0x00000000a3684010,0x00000000a4900000)
 Metaspace       used 102183K, capacity 109122K, committed 109208K, reserved 1142784K
  class space    used 13507K, capacity 14981K, committed 15024K, reserved 1048576K
}
Event: 225.955 GC heap before
{Heap before GC invocations=59 (full 9):
 PSYoungGen      total 465920K, used 46560K [0x00000000d5580000, 0x0000000100000000, 0x0000000100000000)
  eden space 232960K, 0% used [0x00000000d5580000,0x00000000d5580000,0x00000000e3900000)
  from space 232960K, 19% used [0x00000000f1c80000,0x00000000f49f8110,0x0000000100000000)
  to   space 232960K, 0% used [0x00000000e3900000,0x00000000e3900000,0x00000000f1c80000)
 ParOldGen       total 599040K, used 580112K [0x0000000080000000, 0x00000000a4900000, 0x00000000d5580000)
  object space 599040K, 96% used [0x0000000080000000,0x00000000a3684010,0x00000000a4900000)
 Metaspace       used 102183K, capacity 109122K, committed 109208K, reserved 1142784K
  class space    used 13507K, capacity 14981K, committed 15024K, reserved 1048576K
Event: 229.025 GC heap after
Heap after GC invocations=59 (full 9):
 PSYoungGen      total 465920K, used 4987K [0x00000000d5580000, 0x0000000100000000, 0x0000000100000000)
  eden space 232960K, 0% used [0x00000000d5580000,0x00000000d5580000,0x00000000e3900000)
  from space 232960K, 2% used [0x00000000f1c80000,0x00000000f215ede8,0x0000000100000000)
  to   space 232960K, 0% used [0x00000000e3900000,0x00000000e3900000,0x00000000f1c80000)
 ParOldGen       total 814080K, used 598902K [0x0000000080000000, 0x00000000b1b00000, 0x00000000d5580000)
  object space 814080K, 73% used [0x0000000080000000,0x00000000a48dda48,0x00000000b1b00000)
 Metaspace       used 102183K, capacity 109122K, committed 109208K, reserved 1142784K
  class space    used 13507K, capacity 14981K, committed 15024K, reserved 1048576K
}

Deoptimization events (10 events):
Event: 224.092 Thread 0x00000000622ba800 Uncommon trap: reason=unstable_if action=reinterpret pc=0x000000000719452c method=com.android.tools.r8.graph.d.unsafeResolveMethodDueToDexFormat(Lcom/android/tools/r8/graph/d0;)Lcom/android/tools/r8/graph/o1; @ 50
Event: 224.840 Thread 0x00000000622ba800 Uncommon trap: reason=unstable_if action=reinterpret pc=0x00000000072cef5c method=com.android.tools.r8.shaking.Enqueuer.traceInvokeVirtual(Lcom/android/tools/r8/graph/d0;Lcom/android/tools/r8/graph/n1;Lcom/android/tools/r8/shaking/KeepReason;)Z @ 31
Event: 225.347 Thread 0x00000000622ba800 Uncommon trap: reason=class_check action=maybe_recompile pc=0x00000000072b0e90 method=com.android.tools.r8.shaking.Enqueuer.resolveMethod(Lcom/android/tools/r8/graph/d0;Lcom/android/tools/r8/shaking/KeepReason;Z)Lcom/android/tools/r8/graph/o1$j; @ 16
Event: 225.413 Thread 0x00000000622ba800 Uncommon trap: reason=unstable_if action=reinterpret pc=0x00000000069cea98 method=com.android.tools.r8.graph.Z$j.a(Lcom/android/tools/r8/graph/d0;)Z @ 13
Event: 229.044 Thread 0x00000000622ba800 Uncommon trap: reason=unstable_if action=reinterpret pc=0x00000000072a86dc method=com.android.tools.r8.graph.d.isStrictSubtypeOf(Lcom/android/tools/r8/graph/j0;Lcom/android/tools/r8/graph/j0;)Z @ 114
Event: 229.086 Thread 0x00000000622ba800 Uncommon trap: reason=class_check action=maybe_recompile pc=0x000000000728c8e8 method=com.android.tools.r8.z.a.a.f.a(Lcom/android/tools/r8/z/a/a/h;[Lcom/android/tools/r8/z/a/a/d;I)V @ 3585
Event: 229.101 Thread 0x00000000622ba800 Uncommon trap: reason=unstable_if action=reinterpret pc=0x000000000727b894 method=com.android.tools.r8.shaking.Enqueuer.shouldMarkLibraryMethodOverrideAsReachable(Lcom/android/tools/r8/graph/U0;)Z @ 65
Event: 229.236 Thread 0x00000000622ba800 Uncommon trap: reason=class_check action=maybe_recompile pc=0x000000000728d42c method=com.android.tools.r8.z.a.a.f.a(Lcom/android/tools/r8/z/a/a/h;[Lcom/android/tools/r8/z/a/a/d;I)V @ 1596
Event: 229.239 Thread 0x00000000622ba800 Uncommon trap: reason=class_check action=maybe_recompile pc=0x000000000728c8e8 method=com.android.tools.r8.z.a.a.f.a(Lcom/android/tools/r8/z/a/a/h;[Lcom/android/tools/r8/z/a/a/d;I)V @ 3585
Event: 229.491 Thread 0x00000000622ba800 Uncommon trap: reason=unstable_if action=reinterpret pc=0x00000000070d9b10 method=com.android.tools.r8.z.a.a.f.a(Lcom/android/tools/r8/z/a/a/u;Lcom/android/tools/r8/z/a/a/k;I)V @ 1749

Classes redefined (0 events):
No events

Internal exceptions (10 events):
Event: 193.346 Thread 0x00000000622ba800 Exception <a 'sun/nio/fs/WindowsException'> (0x00000000def70fa0) thrown at [C:\src\AOSP-openjdk-git\hotspot\src\share\vm\prims\jni.cpp, line 710]
Event: 193.346 Thread 0x00000000622ba800 Exception <a 'sun/nio/fs/WindowsException'> (0x00000000def71838) thrown at [C:\src\AOSP-openjdk-git\hotspot\src\share\vm\prims\jni.cpp, line 710]
Event: 193.346 Thread 0x00000000622ba800 Exception <a 'sun/nio/fs/WindowsException'> (0x00000000def720e0) thrown at [C:\src\AOSP-openjdk-git\hotspot\src\share\vm\prims\jni.cpp, line 710]
Event: 193.346 Thread 0x00000000622ba800 Exception <a 'sun/nio/fs/WindowsException'> (0x00000000def72a78) thrown at [C:\src\AOSP-openjdk-git\hotspot\src\share\vm\prims\jni.cpp, line 710]
Event: 201.818 Thread 0x00000000622ba800 Exception <a 'java/lang/IncompatibleClassChangeError': Found class java.lang.Object, but interface was expected> (0x00000000dc602170) thrown at [C:\src\AOSP-openjdk-git\hotspot\src\share\vm\interpreter\linkResolver.cpp, line 653]
Event: 208.793 Thread 0x00000000622ba800 Implicit null exception at 0x0000000006a9399c to 0x0000000006a9c6f9
Event: 211.160 Thread 0x00000000622ba800 Implicit null exception at 0x0000000006b760af to 0x0000000006b7bdb1
Event: 212.528 Thread 0x00000000622ba800 Implicit null exception at 0x0000000006c72e54 to 0x0000000006c73669
Event: 221.525 Thread 0x00000000622ba800 Implicit null exception at 0x0000000006faa14b to 0x0000000006fafbc5
Event: 224.092 Thread 0x00000000622ba800 Implicit null exception at 0x000000000719389b to 0x000000000719450d

Events (10 events):
Event: 229.653 Thread 0x00000000622ba800 DEOPT PACKING pc=0x00000000073a5431 sp=0x0000000072c7aa10
Event: 229.653 Thread 0x00000000622ba800 DEOPT UNPACKING pc=0x00000000027a75d0 sp=0x0000000072c7aa10 mode 0
Event: 229.668 Thread 0x00000000622ba800 DEOPT PACKING pc=0x00000000073a47c3 sp=0x0000000072c7aa10
Event: 229.668 Thread 0x00000000622ba800 DEOPT UNPACKING pc=0x00000000027a75d0 sp=0x0000000072c7aa18 mode 0
Event: 229.684 Thread 0x00000000622ba800 DEOPT PACKING pc=0x00000000073a5431 sp=0x0000000072c7a5e0
Event: 229.684 Thread 0x00000000622ba800 DEOPT UNPACKING pc=0x00000000027a75d0 sp=0x0000000072c7a5c0 mode 0
Event: 229.701 Thread 0x00000000622ba800 DEOPT PACKING pc=0x00000000073a5431 sp=0x0000000072c7aa10
Event: 229.701 Thread 0x00000000622ba800 DEOPT UNPACKING pc=0x00000000027a75d0 sp=0x0000000072c7aa10 mode 0
Event: 229.726 Thread 0x00000000622ba800 DEOPT PACKING pc=0x00000000073a5431 sp=0x0000000072c7aa10
Event: 229.726 Thread 0x00000000622ba800 DEOPT UNPACKING pc=0x00000000027a75d0 sp=0x0000000072c7aa10 mode 0


Dynamic libraries:
0x000000013f3f0000 - 0x000000013f421000 	C:\Program Files\Android\Android Studio\jre\bin\java.exe
0x00000000774b0000 - 0x000000007764f000 	C:\Windows\SYSTEM32\ntdll.dll
0x0000000077290000 - 0x00000000773b0000 	C:\Windows\system32\kernel32.dll
0x000007fefd0d0000 - 0x000007fefd137000 	C:\Windows\system32\KERNELBASE.dll
0x000007fefd620000 - 0x000007fefd6fb000 	C:\Windows\system32\ADVAPI32.dll
0x000007fefe830000 - 0x000007fefe8cf000 	C:\Windows\system32\msvcrt.dll
0x000007fefea60000 - 0x000007fefea7f000 	C:\Windows\SYSTEM32\sechost.dll
0x000007fefd960000 - 0x000007fefda8d000 	C:\Windows\system32\RPCRT4.dll
0x00000000773b0000 - 0x00000000774ab000 	C:\Windows\system32\USER32.dll
0x000007fefe9f0000 - 0x000007fefea58000 	C:\Windows\system32\GDI32.dll
0x000007fefead0000 - 0x000007fefeade000 	C:\Windows\system32\LPK.dll
0x000007fefee00000 - 0x000007fefeecb000 	C:\Windows\system32\USP10.dll
0x000007fefb630000 - 0x000007fefb825000 	C:\Windows\WinSxS\amd64_microsoft.windows.common-controls_6595b64144ccf1df_6.0.7601.24483_none_e372d88f30fbb845\COMCTL32.dll
0x000007fefd8e0000 - 0x000007fefd951000 	C:\Windows\system32\SHLWAPI.dll
0x000007fefedd0000 - 0x000007fefedfe000 	C:\Windows\system32\IMM32.DLL
0x000007feff690000 - 0x000007feff79b000 	C:\Windows\system32\MSCTF.dll
0x0000000071a60000 - 0x0000000071b32000 	C:\Program Files\Android\Android Studio\jre\jre\bin\msvcr100.dll
0x0000000070b80000 - 0x00000000713cb000 	C:\Program Files\Android\Android Studio\jre\jre\bin\server\jvm.dll
0x000007fefbb20000 - 0x000007fefbb29000 	C:\Windows\system32\WSOCK32.dll
0x000007fefea80000 - 0x000007fefeacd000 	C:\Windows\system32\WS2_32.dll
0x000007fefda90000 - 0x000007fefda98000 	C:\Windows\system32\NSI.dll
0x000007fef99d0000 - 0x000007fef9a0b000 	C:\Windows\system32\WINMM.dll
0x000007fefc0c0000 - 0x000007fefc0cc000 	C:\Windows\system32\VERSION.dll
0x0000000077660000 - 0x0000000077667000 	C:\Windows\system32\PSAPI.DLL
0x000007fefb620000 - 0x000007fefb62f000 	C:\Program Files\Android\Android Studio\jre\jre\bin\verify.dll
0x000007fef5500000 - 0x000007fef5529000 	C:\Program Files\Android\Android Studio\jre\jre\bin\java.dll
0x000007fef5490000 - 0x000007fef54a6000 	C:\Program Files\Android\Android Studio\jre\jre\bin\zip.dll
0x000007fefdaa0000 - 0x000007fefe82b000 	C:\Windows\system32\SHELL32.dll
0x000007fefd3c0000 - 0x000007fefd5c0000 	C:\Windows\system32\ole32.dll
0x000007fefd000000 - 0x000007fefd00f000 	C:\Windows\system32\profapi.dll
0x000007fef3840000 - 0x000007fef385a000 	C:\Program Files\Android\Android Studio\jre\jre\bin\net.dll
0x000007fefc8c0000 - 0x000007fefc915000 	C:\Windows\system32\mswsock.dll
0x000007fefc8b0000 - 0x000007fefc8b7000 	C:\Windows\System32\wship6.dll
0x000007fef3820000 - 0x000007fef3833000 	C:\Program Files\Android\Android Studio\jre\jre\bin\nio.dll
0x000007fef37a0000 - 0x000007fef37c7000 	C:\Users\Ogiw\.gradle\native\f6784746aeab05261644944871eae4fe03e0ef1612fff0a4a95f87b438bc6780\windows-amd64\native-platform.dll
0x000007fef7e80000 - 0x000007fef7e83000 	C:\Windows\system32\api-ms-win-core-synch-l1-2-0.DLL
0x000007fefb600000 - 0x000007fefb60d000 	C:\Program Files\Android\Android Studio\jre\jre\bin\management.dll
0x000007fefc920000 - 0x000007fefc938000 	C:\Windows\system32\CRYPTSP.dll
0x000007fefc510000 - 0x000007fefc557000 	C:\Windows\system32\rsaenh.dll
0x000007fefd180000 - 0x000007fefd19f000 	C:\Windows\system32\USERENV.dll
0x000007fefcfa0000 - 0x000007fefcfaf000 	C:\Windows\system32\CRYPTBASE.dll
0x000007fefa780000 - 0x000007fefa7a7000 	C:\Windows\system32\IPHLPAPI.DLL
0x000007fefa7f0000 - 0x000007fefa7fb000 	C:\Windows\system32\WINNSI.DLL
0x000007fefa630000 - 0x000007fefa648000 	C:\Windows\system32\dhcpcsvc.DLL
0x000007fefa610000 - 0x000007fefa621000 	C:\Windows\system32\dhcpcsvc6.DLL
0x000007fefce20000 - 0x000007fefce77000 	C:\Windows\system32\apphelp.dll
0x000007fef37d0000 - 0x000007fef37f4000 	C:\Program Files\Android\Android Studio\jre\jre\bin\sunec.dll
0x000007fef7ba0000 - 0x000007fef7bab000 	C:\Program Files\Android\Android Studio\jre\jre\bin\sunmscapi.dll
0x000007fefd250000 - 0x000007fefd3bd000 	C:\Windows\system32\CRYPT32.dll
0x000007fefd010000 - 0x000007fefd01f000 	C:\Windows\system32\MSASN1.dll

VM Arguments:
jvm_args: -Xmx2048m -Dfile.encoding=windows-1252 -Duser.country=US -Duser.language=en -Duser.variant 
java_command: org.gradle.launcher.daemon.bootstrap.GradleDaemon 6.5
java_class_path (initial): C:\Users\Ogiw\.gradle\wrapper\dists\gradle-6.5-all\2oz4ud9k3tuxjg84bbf55q0tn\gradle-6.5\lib\gradle-launcher-6.5.jar
Launcher Type: SUN_STANDARD

Environment Variables:
JAVA_HOME=C:\Program Files\Java\jdk1.8.0_281
PATH=C:\Program Files\Common Files\Oracle\Java\javapath;C:\Program Files (x86)\Common Files\Oracle\Java\javapath;C:\Program Files (x86)\Common Files\Intel\Shared Files\cpp\bin\Intel64;C:\Program Files\WinRAR;C:\Windows\system32;C:\Windows;C:\Windows\System32\Wbem;C:\Windows\System32\WindowsPowerShell\v1.0\;C:\adb;C:\Program Files\WIDCOMM\Bluetooth Software\;C:\Program Files\WIDCOMM\Bluetooth Software\syswow64;C:\Program Files\Gradle\gradle-6.5\bin;C:\Program Files\Java\jdk1.8.0_281\bin;C:\Program Files\Java\jre1.8.0_281\bin;C:\Users\Ogiw\AppData\Local\Android\Sdk\platform-tools;C:\Program Files\Git\cmd
USERNAME=Ogiw
OS=Windows_NT
PROCESSOR_IDENTIFIER=Intel64 Family 6 Model 42 Stepping 7, GenuineIntel



---------------  S Y S T E M  ---------------

OS: Windows 7 , 64 bit Build 7601 (6.1.7601.24560)

CPU:total 4 (initial active 4) (2 cores per cpu, 2 threads per core) family 6 model 42 stepping 7, cmov, cx8, fxsr, mmx, sse, sse2, sse3, ssse3, sse4.1, sse4.2, popcnt, avx, clmul, ht, tsc, tscinvbit

Memory: 4k page, physical 4103372k(356800k free), swap 4101472k(6068k free)

vm_info: OpenJDK 64-Bit Server VM (25.242-b01) for windows-amd64 JRE (1.8.0_242-release-1644-b01), built by "builder" with MS VC++ 10.0 (VS2010)

time: Mon Apr 19 10:29:37 2021
timezone: SE Asia Standard Time
elapsed time: 229 seconds (0d 0h 3m 49s)

