JvmtiExport can_access_local_variables 0
JvmtiExport can_hotswap_or_post_breakpoint 0
JvmtiExport can_post_on_exceptions 0
# 492 ciObject found
instanceKlass org/w3c/dom/CDATASection
instanceKlass java/util/stream/AbstractSpinedBuffer
instanceKlass java/util/stream/Node$Builder$OfInt
instanceKlass java/util/stream/Sink$OfInt
instanceKlass java/util/function/IntConsumer
instanceKlass java/util/stream/Node$Builder
instanceKlass java/util/stream/Node$OfDouble
instanceKlass java/util/stream/Node$OfLong
instanceKlass java/util/stream/Node$OfInt
instanceKlass java/util/stream/Node$OfPrimitive
instanceKlass java/util/stream/Nodes$EmptyNode
instanceKlass java/util/stream/Node
instanceKlass java/util/stream/Nodes
instanceKlass java/util/Spliterators$IntIteratorSpliterator
instanceKlass java/lang/CharSequence$1CodePointIterator
instanceKlass java/util/PrimitiveIterator$OfInt
instanceKlass java/util/PrimitiveIterator
instanceKlass java/util/stream/IntPipeline$$Lambda$729
instanceKlass java/lang/CharSequence$$Lambda$728
instanceKlass com/android/resources/FolderTypeRelationship
instanceKlass com/google/common/collect/LinkedListMultimap$ValueForKeyIterator
instanceKlass com/google/common/collect/LinkedListMultimap$DistinctKeyIterator
instanceKlass com/google/common/collect/TransformedIterator
instanceKlass com/google/common/collect/Multimaps$AsMap$EntrySet$1
instanceKlass com/google/common/collect/LinkedListMultimap$KeyList
instanceKlass com/android/ide/common/rendering/api/StyleItemResourceValue
instanceKlass com/android/ide/common/rendering/api/ResourceNamespace$Resolver
instanceKlass com/android/ide/common/rendering/api/TextResourceValue
instanceKlass com/android/ide/common/rendering/api/AttrResourceValue
instanceKlass com/android/ide/common/rendering/api/PluralsResourceValue
instanceKlass com/android/ide/common/rendering/api/ArrayResourceValue
instanceKlass com/android/ide/common/rendering/api/StyleableResourceValue
instanceKlass com/android/ide/common/rendering/api/StyleResourceValue
instanceKlass com/android/ide/common/rendering/api/ResourceValueImpl
instanceKlass com/android/ide/common/rendering/api/ResourceValue
instanceKlass com/android/ide/common/resources/ValueResourceNameValidator
instanceKlass com/android/resources/ResourceType$$Lambda$727
instanceKlass com/android/resources/ResourceType$$Lambda$726
instanceKlass com/google/common/collect/Sets$Accumulator$$Lambda$725
instanceKlass com/google/common/collect/Sets$Accumulator$$Lambda$724
instanceKlass com/google/common/collect/Sets$Accumulator$$Lambda$723
instanceKlass com/google/common/collect/Sets$Accumulator$$Lambda$722
instanceKlass com/google/common/collect/Sets$Accumulator
instanceKlass com/android/resources/ResourceType$$Lambda$721
instanceKlass com/android/utils/PositionXmlParser$Position
instanceKlass com/sun/org/apache/xerces/internal/util/EntityResolver2Wrapper
instanceKlass com/sun/org/apache/xerces/internal/dom/ParentNode$UserDataRecord
instanceKlass org/xml/sax/ext/DeclHandler
instanceKlass org/xml/sax/ext/LexicalHandler
instanceKlass com/android/utils/PositionXmlParser
instanceKlass com/android/ide/common/resources/ValueResourceParser2
instanceKlass com/android/utils/SdkUtils
instanceKlass com/android/ide/common/resources/FileResourceNameValidator
instanceKlass com/android/ide/common/resources/configuration/FolderConfiguration
instanceKlass com/android/ide/common/resources/ResourceSet$FolderData
instanceKlass com/android/build/gradle/tasks/MergeResources$$Lambda$720
instanceKlass com/android/build/gradle/internal/tasks/Blocks$ThrowingBlock
instanceKlass com/android/build/gradle/internal/aapt/WorkerExecutorResourceCompilationService
instanceKlass com/android/build/gradle/internal/workeractions/WorkerActionServiceRegistry$registerServiceAsCloseable$3
instanceKlass com/android/build/gradle/internal/workeractions/WorkerActionServiceRegistry$registerServiceAsCloseable$2
instanceKlass com/android/build/gradle/internal/workeractions/WorkerActionServiceRegistry$RegisteredService
instanceKlass com/android/build/gradle/internal/services/Aapt2DaemonBuildService$registerAaptService$1
instanceKlass com/android/build/gradle/internal/services/Aapt2DaemonManagerMaintainer
instanceKlass com/android/builder/internal/aapt/v2/Aapt2DaemonManager$Listener
instanceKlass com/android/builder/internal/aapt/v2/Aapt2DaemonManager
instanceKlass com/android/builder/internal/aapt/v2/Aapt2DaemonTimeouts
instanceKlass com/android/build/gradle/internal/services/Aapt2Daemon
instanceKlass com/google/common/io/Closer$SuppressingSuppressor
instanceKlass com/google/common/io/Closer$Suppressor
instanceKlass com/google/common/io/Closer
instanceKlass com/android/build/gradle/internal/tasks/Workers$WorkerExecutorAdapter
instanceKlass com/android/build/gradle/internal/tasks/Workers
instanceKlass com/android/build/gradle/internal/services/Aapt2WorkersBuildService$WorkerServiceInfo
instanceKlass com/android/build/gradle/internal/services/Aapt2WorkersBuildService$Params$Inject
instanceKlass com/android/ide/common/blame/MergingLog
instanceKlass com/google/common/collect/Table
instanceKlass com/android/ide/common/resources/DataItem
instanceKlass com/android/ide/common/resources/ResourceItem
instanceKlass com/android/ide/common/resources/configuration/Configurable
instanceKlass com/android/build/gradle/internal/LoggerWrapper$LoggerSupplier
instanceKlass com/android/ide/common/resources/configuration/ResourceQualifier
instanceKlass com/android/builder/png/VectorDrawableRenderer
instanceKlass com/android/build/gradle/tasks/MergeResources$$Lambda$719
instanceKlass java/util/Spliterators$1Adapter
instanceKlass java/nio/file/Files$$Lambda$718
instanceKlass java/nio/file/Files$2
instanceKlass com/android/utils/PathUtils
instanceKlass com/android/build/gradle/internal/tasks/NonIncrementalTaskKt
instanceKlass org/apache/log4j/Log4jLoggerFactory
instanceKlass org/apache/log4j/Category
instanceKlass javax/management/MBeanServerInvocationHandler
instanceKlass com/android/ide/common/workers/GradlePluginMBeans
instanceKlass com/android/build/gradle/internal/tasks/Blocks
instanceKlass com/android/build/gradle/internal/tasks/IncrementalTask$taskAction$$inlined$recordTaskAction$1
instanceKlass com/android/build/gradle/internal/tasks/Blocks$ThrowingBlockWithReturn
instanceKlass org/gradle/api/tasks/incremental/InputFileDetails
instanceKlass org/gradle/api/internal/changedetection/changes/StatefulIncrementalTaskInputs
instanceKlass org/gradle/internal/execution/history/changes/NonIncrementalInputChanges$$Lambda$717
instanceKlass org/gradle/work/FileChange
instanceKlass org/gradle/internal/execution/history/changes/NonIncrementalInputChanges
instanceKlass org/gradle/internal/execution/steps/CreateOutputsStep$1
instanceKlass org/gradle/internal/execution/impl/OutputFilterUtil$$Lambda$716
instanceKlass org/gradle/internal/execution/impl/OutputFilterUtil$SnapshotFilteringVisitor
instanceKlass org/gradle/internal/execution/impl/OutputFilterUtil
instanceKlass org/gradle/internal/fingerprint/overlap/OverlappingOutputs
instanceKlass sun/nio/cs/UTF_8$1
instanceKlass com/android/build/gradle/internal/dependency/AarTransform$Parameters$Inject
instanceKlass groovy/util/slurpersupport/GPathResult$6
instanceKlass groovy/util/slurpersupport/NodeIterator
instanceKlass groovy/lang/DelegatingMetaClass
instanceKlass groovy/util/slurpersupport/Node
instanceKlass groovy/xml/FactorySupport$2
instanceKlass groovy/xml/FactorySupport
instanceKlass org/gradle/internal/snapshot/FileSystemSnapshot$$Lambda$715
instanceKlass org/gradle/cache/internal/btree/FileBackedBlockStore$1
instanceKlass org/gradle/api/internal/provider/ValueSupplier$1
instanceKlass org/gradle/api/internal/artifacts/ivyservice/resolutionstrategy/DefaultCachePolicy$1
instanceKlass org/gradle/internal/component/model/DescriberSelector$DefaultDescriber
instanceKlass org/gradle/api/internal/artifacts/ivyservice/resolveengine/excludes/simple/DefaultExcludeEverything
instanceKlass org/gradle/api/internal/artifacts/ivyservice/resolveengine/excludes/simple/DefaultGroupSetExclude
instanceKlass org/gradle/api/internal/artifacts/ivyservice/resolveengine/excludes/factories/NormalizingExcludeFactory$$Lambda$714
instanceKlass com/android/build/gradle/internal/dependency/AndroidXDependencySubstitution$replaceOldSupportLibraries$1$1$1$3
instanceKlass org/gradle/api/internal/artifacts/ivyservice/ivyresolve/FilteredModuleComponentRepository$FilteringAccess$$Lambda$713
instanceKlass org/gradle/api/internal/artifacts/ivyservice/ivyresolve/FilteredModuleComponentRepository$FilteringAccess$$Lambda$712
instanceKlass org/gradle/api/internal/artifacts/ivyservice/ivyresolve/FilteredModuleComponentRepository$DefaultArtifactResolutionDetails
instanceKlass org/gradle/api/internal/artifacts/ivyservice/ivyresolve/FilteredModuleComponentRepository$FilteringAccess$$Lambda$711
instanceKlass org/gradle/api/internal/artifacts/ivyservice/ivyresolve/FilteredModuleComponentRepository$FilteringAccess$$Lambda$710
instanceKlass org/gradle/api/internal/artifacts/ivyservice/ivyresolve/FilteredModuleComponentRepository$FilteringAccess
instanceKlass org/gradle/api/internal/tasks/properties/FileParameterUtils$1
instanceKlass com/android/build/gradle/internal/dependency/AarToClassTransform$Params$Inject
instanceKlass org/gradle/api/internal/artifacts/transform/CacheableInvocation$$Lambda$709
instanceKlass org/gradle/api/internal/artifacts/ivyservice/resolveengine/artifact/BrokenResolvedArtifactSet
instanceKlass org/gradle/util/TextUtil$1
instanceKlass org/gradle/util/TextUtil
instanceKlass org/gradle/internal/component/AmbiguousConfigurationSelectionException$$Lambda$708
instanceKlass org/gradle/internal/logging/text/TreeFormatter$Node
instanceKlass org/gradle/internal/logging/text/TreeFormatter
instanceKlass org/gradle/internal/component/model/DescriberSelector$FallbackDescriber
instanceKlass org/gradle/internal/component/model/DescriberSelector
instanceKlass org/gradle/api/internal/artifacts/transform/AttributeMatchingVariantSelector$TraceDiscardedVariants
instanceKlass org/gradle/api/internal/artifacts/ivyservice/modulecache/artifacts/DefaultCachedArtifacts
instanceKlass org/gradle/api/internal/artifacts/ivyservice/modulecache/artifacts/AbstractArtifactsCache$ModuleArtifactsCacheEntry
instanceKlass org/gradle/api/internal/artifacts/ivyservice/modulecache/artifacts/ArtifactsAtRepositoryKey
instanceKlass org/gradle/internal/component/external/model/MetadataSourcedComponentArtifacts
instanceKlass org/gradle/internal/component/external/model/UrlBackedArtifactMetadata
instanceKlass org/gradle/api/internal/artifacts/ivyservice/resolveengine/projectresult/DefaultResolvedProjectConfiguration
instanceKlass org/gradle/api/internal/artifacts/ivyservice/resolveengine/projectresult/ResolvedProjectConfiguration
instanceKlass org/gradle/api/internal/artifacts/ivyservice/resolveengine/excludes/simple/DefaultGroupExclude
instanceKlass org/gradle/api/internal/artifacts/repositories/resolver/AbstractDependencyMetadataAdapter
instanceKlass org/gradle/internal/component/external/model/GradleDependencyMetadata
instanceKlass org/gradle/internal/component/external/model/LazyVariantBackedConfigurationMetadata$RuleAwareVariant
instanceKlass org/gradle/internal/component/external/model/AbstractVariantBackedConfigurationMetadata
instanceKlass org/gradle/internal/component/external/model/AbstractMutableModuleComponentResolveMetadata$ImmutableVariantImpl
instanceKlass org/gradle/internal/component/external/model/ComponentVariant
instanceKlass org/gradle/internal/component/external/model/AbstractMutableModuleComponentResolveMetadata$FileImpl
instanceKlass org/gradle/internal/component/external/model/ComponentVariant$File
instanceKlass org/gradle/internal/component/external/model/AbstractMutableModuleComponentResolveMetadata$DependencyImpl$$Lambda$707
instanceKlass org/gradle/internal/component/external/model/AbstractMutableModuleComponentResolveMetadata$DependencyImpl
instanceKlass org/gradle/internal/component/external/model/ComponentVariant$Dependency
instanceKlass org/gradle/internal/component/external/model/AbstractMutableModuleComponentResolveMetadata$MutableVariantImpl
instanceKlass org/gradle/internal/fingerprint/impl/PatternSetSnapshottingFilter$LogicalFileTreeElement
instanceKlass org/gradle/api/internal/artifacts/transform/CacheableInvocation$$Lambda$706
instanceKlass org/gradle/api/internal/artifacts/transform/CacheableInvocation$3
instanceKlass org/gradle/api/internal/artifacts/transform/CacheableInvocation$$Lambda$705
instanceKlass org/gradle/api/internal/artifacts/transform/CacheableInvocation$$Lambda$704
instanceKlass org/gradle/api/internal/artifacts/transform/CacheableInvocation$$Lambda$703
instanceKlass org/gradle/api/internal/artifacts/transform/TransformationChain$$Lambda$702
instanceKlass org/gradle/internal/fingerprint/impl/IgnoredPathFingerprintingStrategy$1
instanceKlass com/google/common/collect/ImmutableList$SerializedForm
instanceKlass org/gradle/api/internal/artifacts/transform/TransformingArtifactVisitor$$Lambda$701
instanceKlass org/gradle/api/internal/artifacts/transform/TransformingArtifactVisitor$$Lambda$700
instanceKlass org/gradle/api/internal/artifacts/transform/TransformingArtifactVisitor
instanceKlass org/gradle/api/internal/artifacts/transform/ImmutableTransformationWorkspaceProvider$$Lambda$699
instanceKlass org/gradle/api/internal/artifacts/transform/TransformCompletion
instanceKlass org/gradle/api/internal/artifacts/transform/TransformationOperation
instanceKlass org/gradle/api/internal/artifacts/transform/TransformingAsyncArtifactListener$$Lambda$698
instanceKlass org/gradle/api/internal/artifacts/transform/TransformingAsyncArtifactListener$$Lambda$697
instanceKlass java/lang/invoke/LambdaForm$DMH
instanceKlass org/gradle/api/internal/artifacts/transform/PrecomputedTransformationResult
instanceKlass org/gradle/api/internal/artifacts/transform/CacheableInvocation$1$$Lambda$696
instanceKlass org/gradle/api/internal/artifacts/transform/DefaultTransformerInvocationFactory$ImmutableTransformationWorkspaceIdentity
instanceKlass org/gradle/api/internal/artifacts/transform/TransformationResult
instanceKlass org/gradle/api/internal/artifacts/transform/TransformingAsyncArtifactListener
instanceKlass org/gradle/internal/component/local/model/OpaqueComponentArtifactIdentifier
instanceKlass com/android/build/gradle/tasks/MergeResources$$Lambda$695
instanceKlass org/gradle/internal/vfs/impl/DefaultVirtualFileSystem$$Lambda$694
instanceKlass org/gradle/api/internal/artifacts/ivyservice/resolveengine/graph/builder/LenientPlatformDependencyMetadata
instanceKlass org/gradle/api/internal/artifacts/ivyservice/ivyresolve/strategy/InverseVersionSelector
instanceKlass org/gradle/internal/typeconversion/NotationConverterToNotationParserAdapter$1
instanceKlass com/android/build/gradle/internal/dependency/ConstraintHandler$execute$1$1$1
instanceKlass com/android/build/gradle/internal/dependency/ConstraintHandler$execute$1$1
instanceKlass org/gradle/api/internal/artifacts/ivyservice/resolveengine/result/DetachedResolvedGraphDependency
instanceKlass org/gradle/api/internal/artifacts/ivyservice/resolveengine/result/StreamingResolutionResultBuilder$RootFactory$$Lambda$693
instanceKlass org/gradle/api/internal/artifacts/ivyservice/resolveengine/result/StreamingResolutionResultBuilder$RootFactory$$Lambda$692
instanceKlass com/android/build/gradle/internal/dependency/ConstraintHandler$execute$1
instanceKlass org/gradle/api/internal/provider/DefaultMapProperty$FixedSuppler
instanceKlass sun/net/DefaultProgressMeteringPolicy
instanceKlass sun/net/ProgressMeteringPolicy
instanceKlass sun/net/ProgressMonitor
instanceKlass com/sun/org/apache/xerces/internal/util/URI
instanceKlass com/android/build/gradle/internal/manifest/LazyManifestParserKt
instanceKlass org/gradle/internal/snapshot/CompleteDirectorySnapshot$$Lambda$691
instanceKlass org/gradle/internal/snapshot/CompleteDirectorySnapshot$$Lambda$690
instanceKlass com/android/build/gradle/internal/dependency/GenericTransformParameters$Inject
instanceKlass org/gradle/api/internal/artifacts/transform/TransformationNode$ChainedTransformationNode$1$$Lambda$689
instanceKlass org/gradle/api/internal/artifacts/transform/TransformationNode$ChainedTransformationNode$1$$Lambda$688
instanceKlass org/gradle/api/internal/artifacts/transform/TransformationNode$ChainedTransformationNode$1$$Lambda$687
instanceKlass org/gradle/internal/component/model/DependencyMetadataRules$$Lambda$686
instanceKlass org/gradle/internal/component/model/DependencyMetadataRules$$Lambda$685
instanceKlass org/gradle/internal/component/model/DependencyMetadataRules
instanceKlass org/gradle/internal/component/external/model/VariantMetadataRules$VariantAction
instanceKlass com/android/build/gradle/internal/dependency/AndroidXDependencySubstitution$replaceOldSupportLibraries$1$1$1
instanceKlass org/gradle/api/internal/artifacts/repositories/resolver/VariantMetadataAdapter
instanceKlass com/android/build/gradle/internal/dependency/AndroidXDependencySubstitution$replaceOldSupportLibraries$1$1
instanceKlass org/gradle/api/internal/artifacts/transform/TransformationNode$ArtifactTransformationStepBuildOperation$$Lambda$684
instanceKlass org/gradle/api/artifacts/DirectDependenciesMetadata
instanceKlass org/gradle/api/artifacts/DependenciesMetadata
instanceKlass org/gradle/api/internal/artifacts/transform/ExecuteScheduledTransformationStepBuildOperationType$1
instanceKlass org/gradle/api/internal/artifacts/transform/ExecuteScheduledTransformationStepBuildOperationType$Result
instanceKlass org/gradle/api/internal/artifacts/transform/ExecuteScheduledTransformationStepBuildOperationType
instanceKlass org/gradle/api/artifacts/VariantMetadata
instanceKlass org/gradle/api/internal/artifacts/transform/DefaultTransformerInvocationFactory$2$$Lambda$683
instanceKlass org/gradle/api/internal/artifacts/repositories/resolver/ComponentMetadataDetailsAdapter
instanceKlass sun/nio/fs/WindowsSecurityDescriptor
instanceKlass org/gradle/internal/component/model/MutableModuleSources$$Lambda$682
instanceKlass org/gradle/internal/Try$Success$1
instanceKlass java/lang/invoke/LambdaForm$DMH
instanceKlass org/gradle/api/internal/artifacts/transform/DefaultTransformerInvocationFactory$2$$Lambda$681
instanceKlass org/gradle/api/internal/artifacts/transform/DefaultTransformerInvocationFactory$TransformerExecution$$Lambda$680
instanceKlass org/gradle/api/internal/artifacts/transform/DefaultTransformerInvocationFactory$TransformerExecution$$Lambda$679
instanceKlass org/gradle/api/internal/artifacts/transform/DefaultTransformerInvocationFactory$2$1
instanceKlass org/gradle/api/internal/artifacts/transform/DefaultTransformerInvocationFactory$TransformerExecution
instanceKlass com/google/common/collect/ImmutableSortedMap$1
instanceKlass org/gradle/api/internal/artifacts/transform/DefaultTransformerInvocationFactory$2$$Lambda$678
instanceKlass org/gradle/api/internal/artifacts/transform/DefaultTransformerInvocationFactory$2
instanceKlass org/gradle/api/internal/artifacts/transform/DefaultTransformationWorkspace
instanceKlass org/gradle/api/internal/artifacts/transform/AbstractCachingTransformationWorkspaceProvider$$Lambda$677
instanceKlass org/gradle/api/internal/artifacts/transform/DefaultTransformerInvocationFactory$$Lambda$676
instanceKlass org/gradle/api/internal/artifacts/transform/TransformationWorkspaceProvider$TransformationWorkspaceAction
instanceKlass org/gradle/api/internal/artifacts/transform/TransformationStep$$Lambda$675
instanceKlass org/gradle/api/internal/artifacts/transform/CacheableInvocation$1
instanceKlass org/gradle/api/internal/artifacts/transform/TransformationStep$$Lambda$674
instanceKlass org/gradle/api/internal/artifacts/transform/DefaultTransformerInvocationFactory$1
instanceKlass org/gradle/api/internal/artifacts/transform/DefaultTransformerInvocationFactory$MutableTransformationWorkspaceIdentity
instanceKlass org/gradle/api/internal/artifacts/transform/TransformationStep$$Lambda$673
instanceKlass org/gradle/api/internal/artifacts/transform/DefaultTransformer$IsolatedParameters
instanceKlass org/gradle/api/internal/artifacts/transform/DefaultTransformer$FingerprintTransformInputsOperation$Result$1
instanceKlass org/gradle/api/internal/artifacts/ivyservice/dependencysubstitution/DefaultDependencySubstitutionApplicator
instanceKlass org/gradle/api/internal/artifacts/ivyservice/dependencysubstitution/CachingDependencySubstitutionApplicator
instanceKlass org/gradle/api/internal/artifacts/transform/DefaultTransformer$FingerprintTransformInputsOperation$Result
instanceKlass org/gradle/api/internal/artifacts/ivyservice/dependencysubstitution/DefaultDependencySubstitutions$ModuleMatchDependencySubstitutionAction
instanceKlass org/gradle/api/internal/artifacts/ivyservice/dependencysubstitution/DefaultDependencySubstitutions$1
instanceKlass org/gradle/api/internal/artifacts/transform/DefaultTransformer$FingerprintTransformInputsOperation$Details$1
instanceKlass org/gradle/api/internal/artifacts/ivyservice/dependencysubstitution/UnversionedModuleComponentSelector
instanceKlass org/gradle/api/internal/artifacts/transform/DefaultTransformer$FingerprintTransformInputsOperation$Details
instanceKlass org/gradle/api/internal/artifacts/transform/DefaultTransformer$2
instanceKlass org/gradle/api/internal/notations/ModuleNotationValidation
instanceKlass com/android/build/gradle/internal/dependency/JetifyTransform$Parameters$Inject
instanceKlass com/android/build/gradle/internal/dependency/AndroidXDependencySubstitution$replaceOldSupportLibraries$2$1$1
instanceKlass org/gradle/api/internal/artifacts/transform/TransformationStep$$Lambda$672
instanceKlass org/gradle/api/internal/artifacts/transform/TransformationStep$$Lambda$671
instanceKlass org/gradle/api/internal/artifacts/transform/TransformationSubject
instanceKlass org/gradle/api/internal/artifacts/transform/ExecuteScheduledTransformationStepBuildOperationDetails
instanceKlass org/gradle/api/internal/artifacts/transform/ExecuteScheduledTransformationStepBuildOperationType$Details
instanceKlass org/gradle/api/internal/artifacts/transform/TransformationNode$ArtifactTransformationStepBuildOperation
instanceKlass org/gradle/api/internal/artifacts/ivyservice/projectmodule/ProjectDependencyResolver$$Lambda$670
instanceKlass com/google/common/collect/ImmutableList$SerializedForm
instanceKlass org/gradle/internal/execution/steps/SkipUpToDateStep$2
instanceKlass org/gradle/internal/execution/steps/StoreExecutionStateStep$$Lambda$669
instanceKlass org/gradle/internal/execution/steps/SnapshotOutputsStep$1
instanceKlass org/gradle/internal/execution/steps/SnapshotOutputsStep$Operation$Result$1
instanceKlass org/gradle/internal/execution/steps/SnapshotOutputsStep$Operation$Result
instanceKlass org/gradle/api/internal/tasks/execution/ExecuteActionsTaskExecuter$TaskExecution$$Lambda$668
instanceKlass java/lang/invoke/LambdaForm$DMH
instanceKlass org/gradle/internal/execution/steps/SnapshotOutputsStep$$Lambda$667
instanceKlass org/gradle/internal/execution/steps/SnapshotOutputsStep$$Lambda$666
instanceKlass org/gradle/internal/execution/steps/SnapshotOutputsStep$$Lambda$665
instanceKlass org/gradle/internal/execution/steps/SnapshotOutputsStep$Operation$Details$1
instanceKlass org/gradle/internal/execution/steps/SnapshotOutputsStep$Operation$Details
instanceKlass org/gradle/internal/execution/steps/SnapshotOutputsStep$$Lambda$664
instanceKlass org/gradle/internal/execution/steps/ExecuteStep$$Lambda$663
instanceKlass org/gradle/internal/execution/steps/ExecuteStep$1
instanceKlass java/lang/FunctionalInterface
instanceKlass org/apache/commons/lang/ObjectUtils$Null
instanceKlass org/apache/commons/lang/exception/Nestable
instanceKlass org/apache/commons/lang/ObjectUtils
instanceKlass org/gradle/api/internal/artifacts/DefaultResolvedDependency$ResolvedArtifactComparator
instanceKlass org/gradle/api/internal/artifacts/ivyservice/ArtifactCollectingVisitor
instanceKlass org/gradle/api/internal/artifacts/ivyservice/resolveengine/oldresult/DefaultTransientConfigurationResults
instanceKlass org/gradle/api/internal/artifacts/DefaultResolvedDependency
instanceKlass org/gradle/api/internal/artifacts/DependencyGraphNodeResult
instanceKlass org/gradle/api/internal/artifacts/ivyservice/resolveengine/oldresult/TransientConfigurationResultsBuilder$$Lambda$662
instanceKlass org/gradle/cache/internal/BinaryStore$ReadAction
instanceKlass org/gradle/api/internal/artifacts/ivyservice/resolveengine/oldresult/TransientConfigurationResultsBuilder$$Lambda$661
instanceKlass org/gradle/api/artifacts/UnresolvedDependency
instanceKlass org/gradle/api/internal/artifacts/ivyservice/ErrorHandlingConfigurationResolver$1
instanceKlass org/gradle/api/internal/artifacts/ivyservice/ErrorHandlingConfigurationResolver$ErrorHandlingLenientConfiguration
instanceKlass org/gradle/api/internal/tasks/execution/ExecuteTaskActionBuildOperationType$2
instanceKlass org/gradle/api/internal/tasks/execution/ExecuteTaskActionBuildOperationType$1
instanceKlass org/gradle/api/internal/tasks/execution/ExecuteTaskActionBuildOperationType$Result
instanceKlass org/gradle/api/internal/tasks/execution/ExecuteTaskActionBuildOperationType$Details
instanceKlass org/gradle/api/internal/tasks/execution/ExecuteTaskActionBuildOperationType
instanceKlass org/gradle/api/internal/tasks/execution/ExecuteActionsTaskExecuter$3
instanceKlass org/gradle/internal/logging/compatbridge/LoggingManagerInternalCompatibilityBridge
instanceKlass org/gradle/api/internal/tasks/execution/ExecuteActionsTaskExecuter$TaskExecution$$Lambda$660
instanceKlass org/gradle/api/internal/tasks/execution/ExecuteActionsTaskExecuter$TaskExecution$$Lambda$659
instanceKlass org/gradle/internal/execution/steps/ExecuteStep$$Lambda$658
instanceKlass org/gradle/internal/execution/steps/ExecuteStep$$Lambda$657
instanceKlass org/gradle/internal/execution/steps/ResolveInputChangesStep$1$$Lambda$656
instanceKlass org/gradle/internal/execution/steps/ResolveInputChangesStep$1
instanceKlass org/gradle/internal/execution/InputChangesContext
instanceKlass org/gradle/internal/execution/steps/CancelExecutionStep$$Lambda$655
instanceKlass java/lang/invoke/LambdaForm$DMH
instanceKlass org/gradle/internal/execution/steps/CreateOutputsStep$$Lambda$654
instanceKlass org/gradle/internal/execution/UnitOfWork$OutputPropertyVisitor
instanceKlass org/gradle/internal/vfs/impl/DefaultVirtualFileSystem$$Lambda$653
instanceKlass org/gradle/internal/snapshot/SnapshotHierarchy$SnapshotVisitor
instanceKlass org/gradle/internal/vfs/impl/DefaultVirtualFileSystem$$Lambda$652
instanceKlass org/gradle/internal/execution/steps/BroadcastChangingOutputsStep$$Lambda$651
instanceKlass org/gradle/api/internal/tasks/execution/ExecuteActionsTaskExecuter$4
instanceKlass org/gradle/internal/execution/steps/ResolveChangesStep$$Lambda$650
instanceKlass org/gradle/internal/execution/history/changes/RebuildExecutionStateChanges
instanceKlass org/gradle/internal/snapshot/impl/FileSystemSnapshotFilter$FilteringVisitor
instanceKlass org/gradle/internal/snapshot/impl/FileSystemSnapshotFilter
instanceKlass org/gradle/internal/fingerprint/impl/PatternSetSnapshottingFilter$$Lambda$649
instanceKlass org/gradle/internal/snapshot/SnapshottingFilter$FileSystemSnapshotPredicate
instanceKlass org/gradle/api/internal/tasks/execution/statistics/TaskExecutionStatisticsEventAdapter$1
instanceKlass java/time/Instant$1
instanceKlass com/android/tools/build/gradle/internal/profile/GradleTaskExecutionType$1
instanceKlass com/google/common/base/Ascii
instanceKlass com/google/protobuf/GeneratedMessageV3$1
instanceKlass com/google/protobuf/GeneratedMessageV3$Builder$BuilderParentImpl
instanceKlass com/google/protobuf/SingleFieldBuilderV3
instanceKlass org/gradle/internal/fingerprint/impl/NameOnlyFingerprintingStrategy$1
instanceKlass org/gradle/api/internal/artifacts/ivyservice/ivyresolve/LocalModuleComponentRepository$RemoteAccess
instanceKlass org/gradle/api/internal/artifacts/ivyservice/ivyresolve/LocalModuleComponentRepository$LocalAccess
instanceKlass org/gradle/api/internal/artifacts/repositories/DefaultMavenLocalArtifactRepository$MavenLocalMetadataValidator
instanceKlass org/gradle/internal/resource/transport/file/FileTransport$FileCacheAwareExternalResourceAccessor
instanceKlass org/gradle/internal/deprecation/DeprecationMessageBuilder$ConfigurationDeprecationTypeSelector
instanceKlass java/time/zone/ZoneOffsetTransition
instanceKlass java/time/zone/Ser
instanceKlass java/time/zone/ZoneRulesProvider$1
instanceKlass java/time/zone/ZoneRulesProvider
instanceKlass java/time/Clock
instanceKlass com/android/build/gradle/internal/profile/TaskProfilingRecord$Companion
instanceKlass com/android/build/gradle/internal/profile/TaskProfilingRecord
instanceKlass com/android/build/gradle/internal/attribution/AttributionBuildListener$beforeExecute$1$1
instanceKlass org/gradle/execution/RunRootBuildWorkBuildOperationType$Details
instanceKlass org/gradle/api/internal/artifacts/transform/AttributeMatchingVariantSelector$$Lambda$648
instanceKlass org/gradle/internal/component/model/AttributeSelectionUtils
instanceKlass org/gradle/api/internal/attributes/DefaultAttributesSchema$ExtraAttributesEntry
instanceKlass org/gradle/api/internal/artifacts/transform/AttributeMatchingVariantSelector$$Lambda$647
instanceKlass com/android/build/gradle/tasks/ShaderCompile$$Lambda$646
instanceKlass com/android/build/gradle/tasks/ShaderCompile$$Lambda$645
instanceKlass com/android/build/gradle/internal/signing/SigningConfigProviderParams
instanceKlass com/android/build/gradle/internal/AndroidJarInput$getAndroidJar$1
instanceKlass com/android/build/gradle/internal/scope/SplitList$SplitAction
instanceKlass kotlin/jvm/internal/ArrayIterator
instanceKlass kotlin/jvm/internal/ArrayIteratorKt
instanceKlass kotlin/collections/ArraysKt___ArraysKt$asIterable$$inlined$Iterable$1
instanceKlass java/lang/SafeVarargs
instanceKlass com/android/build/api/variant/impl/VariantOutputImpl$SerializedForm
instanceKlass com/android/build/gradle/internal/TaskManager$$Lambda$644
instanceKlass com/android/build/gradle/tasks/AidlCompile$getAidlFrameworkProvider$1
instanceKlass com/android/build/gradle/internal/core/VariantSources$aidlSourceList$1
instanceKlass org/gradle/api/internal/artifacts/transform/DefaultTransformationDependency
instanceKlass org/gradle/api/internal/artifacts/transform/TransformationDependency
instanceKlass org/gradle/api/internal/artifacts/transform/DefaultTransformationNodeRegistry$ArtifactTransformKey
instanceKlass org/gradle/api/internal/artifacts/transform/DefaultTransformationNodeRegistry$$Lambda$643
instanceKlass org/gradle/api/internal/artifacts/ivyservice/resolveengine/artifact/ResolvedArtifactSet$LocalArtifactVisitor
instanceKlass org/gradle/api/internal/artifacts/transform/DefaultTransformationNodeRegistry$$Lambda$642
instanceKlass org/gradle/api/internal/artifacts/transform/DefaultExecutionGraphDependenciesResolver$1
instanceKlass org/gradle/api/internal/artifacts/transform/ArtifactTransformDependencies
instanceKlass org/gradle/api/internal/artifacts/transform/DefaultExecutionGraphDependenciesResolver
instanceKlass org/gradle/api/internal/artifacts/transform/ConsumerProvidedResolvedVariant
instanceKlass org/gradle/api/internal/artifacts/transform/ConsumerProvidedVariantFiles
instanceKlass org/gradle/api/internal/artifacts/transform/TransformationChain
instanceKlass org/gradle/api/internal/artifacts/transform/ConsumerVariantMatchResult$ConsumerVariant
instanceKlass org/gradle/api/internal/artifacts/ivyservice/resolveengine/artifact/DefaultVisitedArtifactResults$NoArtifactResults
instanceKlass org/gradle/api/internal/artifacts/transform/ConsumerProvidedVariantFinder$$Lambda$641
instanceKlass org/gradle/api/internal/artifacts/transform/ConsumerVariantMatchResult
instanceKlass org/gradle/api/internal/artifacts/transform/ConsumerProvidedVariantFinder$AttributeSpecificCache
instanceKlass org/gradle/api/internal/artifacts/result/AbstractDependencyResult
instanceKlass org/gradle/api/artifacts/result/ResolvedDependencyResult
instanceKlass org/gradle/api/internal/tasks/compile/CompilationSourceDirs$SourceRoots
instanceKlass org/gradle/api/internal/tasks/compile/CompilationSourceDirs
instanceKlass org/gradle/api/internal/artifacts/ivyservice/projectmodule/DefaultProjectLocalComponentProvider$1
instanceKlass org/gradle/api/internal/artifacts/dsl/ArtifactFile
instanceKlass org/gradle/execution/TaskNameResolver$1
instanceKlass org/gradle/util/NameMatcher
instanceKlass com/google/wireless/android/sdk/stats/GradleBuildProject$GradlePlugin$1
instanceKlass com/android/build/gradle/internal/profile/ProfileCleanupBuildService$collectProjectInfo$1
instanceKlass org/gradle/invocation/DefaultGradle$2
instanceKlass com/android/build/gradle/internal/profile/ProfileCleanupBuildService$projectEvaluated$1
instanceKlass org/gradle/configuration/internal/DefaultListenerBuildOperationDecorator$BuildOperationEmittingInvocationHandler$1$$Lambda$640
instanceKlass com/android/build/gradle/tasks/GenerateTestConfig$Companion
instanceKlass com/android/build/gradle/tasks/GenerateTestConfig$TestConfigProperties
instanceKlass com/android/build/gradle/internal/tasks/ProguardConfigurableTask$CreationAction$applyProguardRules$configurationFiles$1
instanceKlass com/android/build/gradle/internal/PostprocessingFeatures
instanceKlass com/android/build/gradle/internal/tasks/TestPreBuildTask$CreationAction$configure$2
instanceKlass com/android/build/gradle/internal/tasks/TestPreBuildTask$CreationAction$configure$1
instanceKlass com/android/build/gradle/internal/tasks/Info
instanceKlass org/gradle/internal/operations/BuildOperationDescriptor$1
instanceKlass com/google/crypto/tink/hybrid/HybridEncryptWrapper
instanceKlass com/google/crypto/tink/hybrid/HybridDecryptWrapper
instanceKlass com/google/crypto/tink/Registry$3
instanceKlass com/google/crypto/tink/aead/AeadWrapper
instanceKlass com/google/crypto/tink/mac/MacWrapper
instanceKlass com/google/crypto/tink/PrimitiveWrapper
instanceKlass com/google/crypto/tink/proto/AesCmacKeyOrBuilder
instanceKlass com/google/crypto/tink/Registry$4
instanceKlass com/google/crypto/tink/KeyManager
instanceKlass com/google/crypto/tink/Registry$2
instanceKlass com/google/crypto/tink/Registry$KeyDeriverContainer
instanceKlass com/google/crypto/tink/Registry$KeyManagerContainer
instanceKlass com/google/crypto/tink/Registry
instanceKlass com/google/crypto/tink/Mac
instanceKlass com/google/crypto/tink/proto/HmacKeyOrBuilder
instanceKlass com/google/crypto/tink/mac/MacConfig
instanceKlass com/google/crypto/tink/proto/XChaCha20Poly1305KeyOrBuilder
instanceKlass com/google/crypto/tink/proto/ChaCha20Poly1305KeyOrBuilder
instanceKlass com/google/crypto/tink/proto/KmsEnvelopeAeadKeyOrBuilder
instanceKlass com/google/crypto/tink/proto/KmsAeadKeyOrBuilder
instanceKlass com/google/crypto/tink/proto/AesEaxKeyOrBuilder
instanceKlass com/google/crypto/tink/proto/AesGcmKeyOrBuilder
instanceKlass com/google/crypto/tink/Aead
instanceKlass com/google/crypto/tink/proto/AesCtrHmacAeadKeyOrBuilder
instanceKlass com/google/crypto/tink/aead/AeadConfig
instanceKlass com/google/crypto/tink/proto/RegistryConfigOrBuilder
instanceKlass com/google/crypto/tink/HybridDecrypt
instanceKlass com/google/crypto/tink/proto/EciesAeadHkdfPrivateKeyOrBuilder
instanceKlass com/google/crypto/tink/KeyTypeManager$KeyFactory
instanceKlass com/google/crypto/tink/HybridEncrypt
instanceKlass com/google/crypto/tink/subtle/EciesAeadHkdfDemHelper
instanceKlass com/google/crypto/tink/KeyTypeManager$PrimitiveFactory
instanceKlass com/google/crypto/tink/proto/EciesAeadHkdfPublicKeyOrBuilder
instanceKlass com/google/crypto/tink/KeyTypeManager
instanceKlass com/google/crypto/tink/hybrid/HybridConfig
instanceKlass com/android/build/gradle/internal/tasks/SdkDependencyDataGeneratorTask$Companion
instanceKlass com/google/protobuf/ByteString
instanceKlass com/google/common/base/ExtraObjectsMethodsForWeb
instanceKlass com/android/build/gradle/internal/tasks/ExtractApksTask$Companion
instanceKlass com/android/build/gradle/internal/tasks/PackageBundleTask$CreationAction$configure$1
instanceKlass com/android/build/gradle/internal/tasks/PackageBundleTaskKt
instanceKlass com/android/build/gradle/internal/tasks/MergeNativeDebugMetadataTask$Companion$WhenMappings
instanceKlass com/android/build/gradle/internal/tasks/MergeNativeDebugMetadataTask$Companion
instanceKlass com/android/build/gradle/internal/tasks/PackageBundleTask$Companion
instanceKlass com/android/build/gradle/internal/tasks/PackageBundleTask$BundleFlags
instanceKlass com/android/build/gradle/internal/tasks/PackageBundleTask$BundleOptions
instanceKlass com/android/build/gradle/internal/component/DynamicFeatureCreationConfig
instanceKlass com/android/builder/packaging/JarCreator$Relocator
instanceKlass com/android/builder/packaging/JarCreator
instanceKlass com/android/build/gradle/internal/tasks/featuresplit/FeatureSetMetadata
instanceKlass com/android/build/gradle/internal/tasks/featuresplit/PackagedDependenciesWriterTaskKt$aarOrJarType$1
instanceKlass com/android/build/gradle/internal/tasks/featuresplit/PackagedDependenciesWriterTaskKt
instanceKlass com/android/build/gradle/internal/tasks/featuresplit/PackagedDependenciesWriterTask$CreationAction$configure$1
instanceKlass com/android/build/gradle/internal/tasks/ExtractNativeDebugMetadataTask$CreationAction$configure$1
instanceKlass org/gradle/api/internal/file/DefaultProjectLayout$1
instanceKlass com/android/build/gradle/internal/scope/BootClasspathBuilder$computeAdditionalAndRequestedOptionalLibraries$4$1
instanceKlass com/android/build/gradle/internal/scope/BootClasspathBuilder$computeAdditionalAndRequestedOptionalLibraries$6
instanceKlass com/android/build/gradle/internal/scope/BootClasspathBuilder$computeAdditionalAndRequestedOptionalLibraries$5
instanceKlass com/android/build/gradle/internal/scope/BootClasspathBuilder$computeAdditionalAndRequestedOptionalLibraries$4
instanceKlass com/android/build/gradle/internal/scope/BootClasspathBuilder$computeAdditionalAndRequestedOptionalLibraries$3
instanceKlass com/android/build/gradle/internal/scope/BootClasspathBuilder$computeAdditionalAndRequestedOptionalLibraries$2
instanceKlass com/android/build/gradle/internal/scope/BootClasspathBuilder$computeAdditionalAndRequestedOptionalLibraries$1
instanceKlass com/android/build/gradle/internal/scope/BootClasspathBuilder$CacheKey
instanceKlass com/android/build/gradle/internal/SdkDirectLoadingStrategy$DirectLoadComponents
instanceKlass com/android/sdklib/repository/targets/OptionalLibraryImpl
instanceKlass com/google/common/io/Files$3
instanceKlass com/google/common/collect/FluentIterable
instanceKlass com/google/common/io/LineProcessor
instanceKlass com/google/common/io/ByteSource
instanceKlass com/google/common/io/ByteSink
instanceKlass com/google/common/graph/SuccessorsFunction
instanceKlass com/google/common/collect/TreeTraverser
instanceKlass com/google/common/io/Files
instanceKlass com/android/sdklib/repository/targets/PlatformTarget$Library
instanceKlass com/android/sdklib/repository/targets/PlatformTarget
instanceKlass com/android/sdklib/IAndroidTarget
instanceKlass com/android/build/gradle/internal/PlatformComponents$Companion
instanceKlass com/android/build/gradle/internal/PlatformComponents
instanceKlass com/sun/xml/bind/v2/runtime/unmarshaller/DefaultIDResolver$1
instanceKlass com/sun/xml/bind/DatatypeConverterImpl
instanceKlass javax/xml/bind/DatatypeConverterInterface
instanceKlass org/xml/sax/helpers/AttributesImpl
instanceKlass com/sun/org/apache/xerces/internal/parsers/AbstractSAXParser$LocatorProxy
instanceKlass org/xml/sax/ext/Locator2
instanceKlass com/sun/org/apache/xerces/internal/util/ErrorHandlerWrapper
instanceKlass com/sun/org/apache/xerces/internal/xni/parser/XMLErrorHandler
instanceKlass com/sun/org/apache/xerces/internal/impl/ExternalSubsetResolver
instanceKlass com/sun/org/apache/xerces/internal/util/EntityResolverWrapper
instanceKlass org/xml/sax/ext/EntityResolver2
instanceKlass com/sun/xml/bind/v2/runtime/unmarshaller/TagName
instanceKlass com/sun/xml/bind/v2/runtime/unmarshaller/SAXConnector
instanceKlass com/sun/org/apache/xerces/internal/parsers/AbstractSAXParser$AttributesProxy
instanceKlass org/xml/sax/ext/Attributes2
instanceKlass org/xml/sax/AttributeList
instanceKlass org/xml/sax/Parser
instanceKlass javax/xml/parsers/SAXParser
instanceKlass com/sun/org/apache/xerces/internal/xs/PSVIProvider
instanceKlass org/xml/sax/helpers/XMLFilterImpl
instanceKlass javax/xml/transform/sax/SAXSource
instanceKlass com/android/repository/impl/meta/SchemaModuleUtil$$Lambda$639
instanceKlass java/lang/invoke/LambdaForm$DMH
instanceKlass com/sun/xml/bind/v2/runtime/unmarshaller/UnmarshallingContext$State
instanceKlass com/sun/xml/bind/v2/runtime/unmarshaller/Scope
instanceKlass javax/xml/bind/ValidationEventLocator
instanceKlass com/sun/xml/bind/v2/runtime/unmarshaller/LocatorExWrapper
instanceKlass org/xml/sax/helpers/LocatorImpl
instanceKlass com/sun/xml/bind/v2/runtime/Coordinator
instanceKlass com/sun/xml/bind/v2/runtime/unmarshaller/XmlVisitor$TextPredictor
instanceKlass javax/xml/bind/helpers/DefaultValidationEventHandler
instanceKlass org/xml/sax/helpers/DefaultHandler
instanceKlass org/xml/sax/DTDHandler
instanceKlass org/xml/sax/EntityResolver
instanceKlass com/sun/xml/bind/v2/runtime/unmarshaller/XmlVisitor
instanceKlass javax/xml/bind/UnmarshallerHandler
instanceKlass org/xml/sax/ContentHandler
instanceKlass com/sun/xml/bind/IDResolver
instanceKlass javax/xml/bind/helpers/AbstractUnmarshallerImpl
instanceKlass javax/xml/bind/ValidationEventHandler
instanceKlass com/sun/xml/bind/v2/runtime/NameList
instanceKlass com/sun/xml/bind/v2/runtime/property/ArrayERProperty$ReceiverImpl
instanceKlass com/sun/xml/bind/v2/runtime/unmarshaller/ChildLoader
instanceKlass com/sun/xml/bind/v2/runtime/unmarshaller/StructureLoader$1
instanceKlass com/sun/xml/bind/v2/runtime/property/UnmarshallerChain
instanceKlass javax/xml/bind/annotation/W3CDomHandler
instanceKlass javax/xml/bind/annotation/DomHandler
instanceKlass com/sun/xml/bind/v2/runtime/ElementBeanInfoImpl$1
instanceKlass javax/xml/bind/JAXBElement$GlobalScope
instanceKlass com/sun/xml/bind/v2/runtime/Utils$1
instanceKlass com/sun/xml/bind/v2/runtime/Utils
instanceKlass com/sun/xml/bind/v2/runtime/unmarshaller/Intercepter
instanceKlass com/sun/xml/bind/v2/runtime/unmarshaller/Patcher
instanceKlass com/sun/xml/bind/v2/runtime/unmarshaller/LocatorEx
instanceKlass com/sun/xml/bind/v2/ClassFactory
instanceKlass com/sun/xml/bind/v2/runtime/reflect/Lister$2
instanceKlass com/sun/xml/bind/v2/runtime/reflect/ListIterator
instanceKlass com/sun/xml/bind/v2/runtime/reflect/Lister
instanceKlass com/sun/xml/bind/v2/runtime/property/Utils$1
instanceKlass com/sun/xml/bind/v2/runtime/property/Utils
instanceKlass com/sun/xml/bind/v2/runtime/reflect/TransducedAccessor
instanceKlass com/sun/xml/bind/v2/runtime/Name
instanceKlass com/sun/xml/bind/v2/runtime/property/TagAndType
instanceKlass com/sun/xml/bind/v2/runtime/property/PropertyFactory$1
instanceKlass com/sun/xml/bind/v2/runtime/property/PropertyFactory
instanceKlass com/sun/xml/bind/v2/runtime/JaxBeanInfo$1
instanceKlass com/sun/xml/bind/v2/runtime/LifecycleMethods
instanceKlass com/sun/xml/bind/v2/runtime/property/PropertyImpl
instanceKlass com/sun/xml/bind/v2/runtime/property/Property
instanceKlass com/sun/xml/bind/v2/runtime/property/StructureLoaderBuilder
instanceKlass com/sun/xml/bind/v2/runtime/unmarshaller/Loader
instanceKlass com/sun/xml/bind/v2/runtime/FilterTransducer
instanceKlass com/sun/xml/bind/v2/util/FlattenIterator
instanceKlass com/android/sdklib/repository/meta/DetailsTypes$MavenType
instanceKlass java/lang/Package$1PackageInfoProxy
instanceKlass com/sun/xml/bind/api/impl/NameUtil
instanceKlass com/sun/xml/bind/api/impl/NameConverter
instanceKlass com/android/repository/impl/meta/Archive$HostConfig
instanceKlass com/sun/xml/bind/v2/model/impl/GetterSetterPropertySeed
instanceKlass com/android/repository/api/RepositorySource
instanceKlass javax/xml/bind/annotation/XmlSchemaType$DEFAULT
instanceKlass com/sun/xml/bind/v2/runtime/reflect/Utils$1
instanceKlass com/sun/xml/bind/v2/runtime/reflect/Utils
instanceKlass com/sun/xml/bind/v2/model/core/Adapter
instanceKlass javax/xml/bind/annotation/adapters/XmlAdapter
instanceKlass javax/xml/bind/annotation/adapters/XmlJavaTypeAdapter$DEFAULT
instanceKlass java/util/AbstractList$1
instanceKlass com/sun/xml/bind/v2/model/nav/ParameterizedTypeImpl
instanceKlass com/sun/xml/bind/v2/model/nav/ReflectionNavigator$BinderArg
instanceKlass com/sun/xml/bind/v2/model/impl/ElementInfoImpl$PropertyImpl
instanceKlass javax/xml/bind/annotation/XmlElementDecl$GLOBAL
instanceKlass com/sun/xml/bind/v2/model/impl/AttributePropertyInfoImpl$1
instanceKlass com/sun/xml/bind/v2/model/impl/PropertyInfoImpl$1
instanceKlass com/sun/xml/bind/v2/TODO
instanceKlass com/sun/xml/bind/v2/model/nav/ReflectionNavigator$10
instanceKlass com/sun/xml/bind/annotation/XmlLocation
instanceKlass javax/xml/bind/annotation/XmlSchemaTypes
instanceKlass javax/xml/bind/annotation/adapters/XmlJavaTypeAdapters
instanceKlass com/sun/xml/bind/v2/model/impl/Util
instanceKlass com/sun/xml/bind/v2/model/runtime/RuntimeTypeRef
instanceKlass com/sun/xml/bind/v2/model/impl/TypeRefImpl
instanceKlass com/sun/xml/bind/v2/model/core/TypeRef
instanceKlass com/sun/xml/bind/v2/model/impl/ClassInfoImpl$1
instanceKlass com/sun/xml/bind/v2/model/impl/FieldPropertySeed
instanceKlass com/sun/xml/bind/v2/model/impl/RuntimeClassInfoImpl$RuntimePropertySeed
instanceKlass javax/xml/bind/annotation/XmlElement$DEFAULT
instanceKlass com/sun/xml/bind/v2/model/nav/ReflectionNavigator$3
instanceKlass com/sun/xml/bind/AccessorFactoryImpl
instanceKlass com/sun/xml/bind/InternalAccessorFactory
instanceKlass javax/xml/bind/annotation/XmlAccessorOrder
instanceKlass com/sun/xml/bind/annotation/OverrideAnnotationOf
instanceKlass javax/xml/bind/annotation/XmlMixed
instanceKlass javax/xml/bind/annotation/XmlAnyElement
instanceKlass javax/xml/bind/annotation/XmlElements
instanceKlass javax/xml/bind/annotation/XmlAnyAttribute
instanceKlass javax/xml/bind/annotation/XmlList
instanceKlass javax/xml/bind/annotation/XmlElementWrapper
instanceKlass javax/xml/bind/annotation/XmlAttachmentRef
instanceKlass javax/xml/bind/annotation/XmlMimeType
instanceKlass javax/xml/bind/annotation/XmlInlineBinaryData
instanceKlass javax/xml/bind/annotation/XmlIDREF
instanceKlass javax/xml/bind/annotation/XmlID
instanceKlass javax/xml/bind/annotation/adapters/XmlJavaTypeAdapter
instanceKlass com/sun/xml/bind/AccessorFactory
instanceKlass com/sun/xml/bind/v2/model/runtime/RuntimeMapPropertyInfo
instanceKlass com/sun/xml/bind/v2/model/core/MapPropertyInfo
instanceKlass com/sun/xml/bind/v2/model/runtime/RuntimeElementPropertyInfo
instanceKlass com/sun/xml/bind/v2/model/core/ElementPropertyInfo
instanceKlass com/sun/xml/bind/v2/model/runtime/RuntimeValuePropertyInfo
instanceKlass com/sun/xml/bind/v2/model/core/ValuePropertyInfo
instanceKlass com/sun/xml/bind/v2/model/runtime/RuntimeAttributePropertyInfo
instanceKlass com/sun/xml/bind/v2/model/core/AttributePropertyInfo
instanceKlass com/sun/xml/bind/v2/model/runtime/RuntimeReferencePropertyInfo
instanceKlass com/sun/xml/bind/v2/model/runtime/RuntimePropertyInfo
instanceKlass com/sun/xml/bind/v2/runtime/reflect/Accessor
instanceKlass com/sun/xml/bind/v2/runtime/unmarshaller/Receiver
instanceKlass com/sun/xml/bind/v2/model/runtime/RuntimeNonElementRef
instanceKlass com/sun/xml/bind/v2/model/core/NonElementRef
instanceKlass com/sun/xml/bind/v2/model/impl/DummyPropertyInfo
instanceKlass com/sun/xml/bind/v2/model/core/ReferencePropertyInfo
instanceKlass com/sun/xml/bind/v2/model/impl/PropertyInfoImpl
instanceKlass com/sun/xml/bind/v2/model/core/PropertyInfo
instanceKlass com/sun/xml/bind/v2/model/impl/PropertySeed
instanceKlass com/sun/xml/bind/v2/model/annotation/AnnotationSource
instanceKlass javax/xml/bind/annotation/XmlType$DEFAULT
instanceKlass javax/xml/bind/annotation/XmlAccessorType
instanceKlass javax/xml/bind/annotation/XmlSeeAlso
instanceKlass com/sun/xml/bind/v2/model/annotation/ClassLocatable
instanceKlass com/sun/xml/bind/v2/model/annotation/MethodLocatable
instanceKlass javax/xml/bind/JAXBElement
instanceKlass com/android/repository/impl/meta/TypeDetails
instanceKlass com/sun/xml/bind/v2/model/nav/ReflectionNavigator$5
instanceKlass com/sun/xml/bind/v2/model/nav/ReflectionNavigator$4
instanceKlass com/sun/xml/bind/v2/model/impl/RegistryInfoImpl
instanceKlass com/sun/xml/bind/v2/model/annotation/SecureLoader
instanceKlass javax/xml/bind/annotation/XmlValue
instanceKlass javax/xml/bind/annotation/XmlType
instanceKlass javax/xml/bind/annotation/XmlTransient
instanceKlass javax/xml/bind/annotation/XmlSchemaType
instanceKlass javax/xml/bind/annotation/XmlRootElement
instanceKlass javax/xml/bind/annotation/XmlEnum
instanceKlass javax/xml/bind/annotation/XmlElementRefs
instanceKlass javax/xml/bind/annotation/XmlElementRef
instanceKlass javax/xml/bind/annotation/XmlElementDecl
instanceKlass javax/xml/bind/annotation/XmlElement
instanceKlass javax/xml/bind/annotation/XmlAttribute
instanceKlass com/sun/xml/bind/v2/model/annotation/Quick
instanceKlass com/sun/xml/bind/v2/model/annotation/Init
instanceKlass com/sun/xml/bind/v2/model/annotation/LocatableAnnotation
instanceKlass javax/xml/bind/annotation/XmlRegistry
instanceKlass com/sun/xml/bind/v2/model/core/Ref
instanceKlass com/sun/xml/bind/api/CompositeStructure
instanceKlass com/sun/xml/bind/v2/runtime/IllegalAnnotationsException$Builder
instanceKlass com/sun/xml/bind/v2/runtime/RuntimeUtil
instanceKlass com/sun/xml/bind/v2/model/impl/AnyTypeImpl
instanceKlass com/sun/xml/bind/v2/model/impl/TypeInfoSetImpl$1
instanceKlass com/sun/xml/bind/v2/model/impl/RuntimeBuiltinLeafInfoImpl$28
instanceKlass javax/xml/datatype/Duration
instanceKlass javax/xml/namespace/NamespaceContext
instanceKlass javax/xml/datatype/XMLGregorianCalendar
instanceKlass javax/xml/transform/Result
instanceKlass javax/activation/DataHandler
instanceKlass java/awt/datatransfer/Transferable
instanceKlass javax/activation/DataSource
instanceKlass java/awt/image/WritableRenderedImage
instanceKlass com/sun/xml/bind/v2/runtime/output/Pcdata
instanceKlass javax/xml/bind/ValidationEvent
instanceKlass java/awt/image/RenderedImage
instanceKlass javax/xml/datatype/DatatypeConstants$Field
instanceKlass javax/xml/datatype/DatatypeConstants
instanceKlass com/sun/xml/bind/v2/model/impl/RuntimeBuiltinLeafInfoImpl$1
instanceKlass com/sun/xml/bind/v2/model/impl/LeafInfoImpl
instanceKlass com/sun/xml/bind/v2/model/runtime/RuntimeBuiltinLeafInfo
instanceKlass com/sun/xml/bind/v2/model/core/BuiltinLeafInfo
instanceKlass com/sun/xml/bind/v2/model/impl/ModelBuilder$1
instanceKlass com/sun/xml/bind/v2/model/impl/Utils$1
instanceKlass com/sun/xml/bind/v2/model/nav/TypeVisitor
instanceKlass com/sun/xml/bind/v2/model/nav/ReflectionNavigator
instanceKlass com/sun/xml/bind/v2/model/nav/Navigator
instanceKlass com/sun/xml/bind/v2/model/impl/Utils
instanceKlass com/sun/xml/bind/WhiteSpaceProcessor
instanceKlass com/sun/xml/bind/v2/model/runtime/RuntimeTypeInfoSet
instanceKlass com/sun/xml/bind/v2/model/impl/TypeInfoSetImpl
instanceKlass com/sun/xml/bind/v2/model/runtime/RuntimeElementInfo
instanceKlass com/sun/xml/bind/v2/model/core/ElementInfo
instanceKlass com/sun/xml/bind/v2/model/runtime/RuntimeEnumLeafInfo
instanceKlass com/sun/xml/bind/v2/model/core/EnumLeafInfo
instanceKlass com/sun/xml/bind/v2/runtime/Transducer
instanceKlass com/sun/xml/bind/v2/model/runtime/RuntimeArrayInfo
instanceKlass com/sun/xml/bind/v2/runtime/Location
instanceKlass com/sun/xml/bind/v2/model/core/ArrayInfo
instanceKlass com/sun/xml/bind/v2/model/runtime/RuntimeElement
instanceKlass com/sun/xml/bind/v2/model/runtime/RuntimeClassInfo
instanceKlass com/sun/xml/bind/v2/model/impl/TypeInfoImpl
instanceKlass com/sun/xml/bind/v2/model/core/Element
instanceKlass com/sun/xml/bind/v2/model/core/ClassInfo
instanceKlass com/sun/xml/bind/v2/model/core/RegistryInfo
instanceKlass com/sun/xml/bind/v2/model/impl/ModelBuilder
instanceKlass com/sun/xml/bind/v2/model/impl/ModelBuilderI
instanceKlass com/sun/xml/bind/v2/runtime/NameBuilder
instanceKlass com/sun/istack/Pool$Impl
instanceKlass com/sun/xml/bind/v2/util/QNameMap$Entry
instanceKlass com/sun/xml/bind/v2/util/QNameMap
instanceKlass com/sun/xml/bind/v2/runtime/JAXBContextImpl$6
instanceKlass com/sun/xml/bind/v2/runtime/AttributeAccessor
instanceKlass com/sun/xml/bind/v2/model/core/ErrorHandler
instanceKlass javax/xml/bind/Marshaller
instanceKlass com/sun/xml/bind/v2/model/core/TypeInfoSet
instanceKlass com/sun/xml/bind/api/RawAccessor
instanceKlass com/sun/xml/bind/api/BridgeContext
instanceKlass javax/xml/bind/Unmarshaller
instanceKlass com/sun/xml/bind/api/ErrorListener
instanceKlass javax/xml/bind/JAXBIntrospector
instanceKlass javax/xml/bind/Binder
instanceKlass com/sun/xml/bind/unmarshaller/InfosetScanner
instanceKlass com/sun/xml/bind/v2/runtime/JaxBeanInfo
instanceKlass com/sun/xml/bind/api/Bridge
instanceKlass com/sun/xml/bind/v2/model/runtime/RuntimeLeafInfo
instanceKlass com/sun/xml/bind/v2/model/runtime/RuntimeNonElement
instanceKlass com/sun/xml/bind/v2/model/runtime/RuntimeTypeInfo
instanceKlass com/sun/xml/bind/v2/model/core/LeafInfo
instanceKlass com/sun/xml/bind/v2/model/core/MaybeElement
instanceKlass com/sun/xml/bind/v2/model/core/NonElement
instanceKlass com/sun/xml/bind/v2/model/core/TypeInfo
instanceKlass com/sun/xml/bind/v2/model/annotation/Locatable
instanceKlass com/sun/istack/Pool
instanceKlass com/sun/xml/bind/v2/model/annotation/AbstractInlineAnnotationReaderImpl
instanceKlass com/sun/xml/bind/v2/runtime/JAXBContextImpl$JAXBContextBuilder
instanceKlass com/sun/xml/bind/v2/util/TypeCast
instanceKlass com/sun/xml/bind/Util
instanceKlass com/sun/xml/bind/v2/model/annotation/RuntimeAnnotationReader
instanceKlass com/sun/xml/bind/v2/model/annotation/AnnotationReader
instanceKlass com/sun/xml/bind/v2/ContextFactory
instanceKlass javax/xml/bind/GetPropertyAction
instanceKlass javax/xml/bind/ContextFinder
instanceKlass javax/xml/bind/JAXBContext
instanceKlass org/xml/sax/XMLFilter
instanceKlass org/xml/sax/XMLReader
instanceKlass javax/xml/transform/Source
instanceKlass org/w3c/dom/ls/LSResourceResolver
instanceKlass org/xml/sax/ErrorHandler
instanceKlass com/android/repository/impl/meta/SchemaModuleUtil
instanceKlass com/android/repository/impl/generated/generic/v1/package-info
instanceKlass com/android/repository/impl/meta/TypeDetails$GenericType
instanceKlass com/android/repository/impl/meta/GenericFactory
instanceKlass com/android/repository/impl/generated/v1/package-info
instanceKlass com/android/repository/impl/meta/RevisionType
instanceKlass com/android/repository/impl/meta/RemotePackageImpl$ChannelRef
instanceKlass com/android/repository/api/Channel
instanceKlass com/android/repository/impl/meta/Archive$ArchiveFile
instanceKlass com/android/repository/impl/meta/Archive$PatchesType
instanceKlass com/android/repository/impl/meta/Archive
instanceKlass com/android/repository/api/License
instanceKlass com/android/repository/api/Dependency
instanceKlass com/android/repository/impl/meta/RepoPackageImpl$UsesLicense
instanceKlass com/android/repository/impl/meta/RepoPackageImpl$Archives
instanceKlass com/android/repository/impl/meta/RepoPackageImpl$Dependencies
instanceKlass com/android/repository/api/LocalPackage
instanceKlass com/android/repository/impl/meta/RepoPackageImpl
instanceKlass com/android/repository/api/RemotePackage
instanceKlass com/android/repository/api/RepoPackage
instanceKlass com/android/repository/api/Repository
instanceKlass com/android/repository/impl/meta/CommonFactory
instanceKlass com/android/repository/api/ProgressRunner
instanceKlass com/android/repository/api/RepoManager
instanceKlass com/android/sdklib/repository/generated/common/v1/package-info
instanceKlass com/android/sdklib/repository/meta/Library
instanceKlass com/android/sdklib/repository/IdDisplay
instanceKlass com/android/sdklib/repository/meta/SdkCommonFactory
instanceKlass com/android/sdklib/repository/generated/sysimg/v1/package-info
instanceKlass com/android/sdklib/repository/meta/DetailsTypes$SysImgDetailsType
instanceKlass com/android/sdklib/repository/meta/SysImgFactory
instanceKlass com/android/sdklib/repository/generated/repository/v1/package-info
instanceKlass com/android/sdklib/repository/meta/DetailsTypes$SourceDetailsType
instanceKlass com/android/sdklib/repository/meta/DetailsTypes$PlatformDetailsType$LayoutlibType
instanceKlass com/android/sdklib/repository/meta/DetailsTypes$PlatformDetailsType
instanceKlass com/android/sdklib/repository/meta/RepoFactory
instanceKlass javax/xml/bind/annotation/XmlNs
instanceKlass com/android/sdklib/repository/generated/addon/v1/package-info
instanceKlass javax/xml/bind/annotation/XmlSchema
instanceKlass com/android/repository/api/SchemaModule$SchemaModuleVersion
instanceKlass javax/xml/namespace/QName$1
instanceKlass javax/xml/namespace/QName
instanceKlass com/android/sdklib/repository/meta/DetailsTypes$ExtraDetailsType
instanceKlass com/android/sdklib/repository/meta/DetailsTypes$AddonDetailsType$Libraries
instanceKlass com/android/sdklib/repository/meta/DetailsTypes$AddonDetailsType
instanceKlass com/android/sdklib/repository/meta/DetailsTypes$ApiDetailsType
instanceKlass com/android/sdklib/repository/meta/AddonFactory
instanceKlass com/android/repository/api/SchemaModule
instanceKlass com/android/sdklib/repository/AndroidSdkHandler
instanceKlass com/android/repository/api/ProgressIndicatorAdapter
instanceKlass com/android/sdklib/repository/meta/DetailsTypes
instanceKlass com/android/build/gradle/internal/SdkParsingUtilsKt
instanceKlass com/android/build/gradle/internal/SupportToolsComponents$Companion
instanceKlass com/android/build/gradle/internal/SupportToolsComponents
instanceKlass kotlin/io/FilesKt__FilePathComponentsKt
instanceKlass com/android/build/gradle/internal/PlatformToolsComponents$Companion
instanceKlass com/android/build/gradle/internal/PlatformToolsComponents
instanceKlass com/android/build/gradle/internal/SdkDirectLoadingStrategy$Companion
instanceKlass com/android/build/gradle/internal/SdkDirectLoadingStrategy
instanceKlass sun/nio/fs/WindowsChannelFactory$Flags
instanceKlass sun/nio/fs/WindowsChannelFactory$1
instanceKlass sun/nio/fs/WindowsChannelFactory
instanceKlass com/android/sdklib/repository/legacy/remote/internal/DownloadCache
instanceKlass com/android/build/gradle/internal/SdkLibDataFactory$getSettingsController$1
instanceKlass com/android/repository/api/SettingsController
instanceKlass java/net/Proxy
instanceKlass com/android/repository/io/impl/FileSystemFileOp
instanceKlass com/android/repository/io/FileOp
instanceKlass com/android/repository/io/FileOpUtils
instanceKlass com/android/sdklib/repository/legacy/LegacyDownloader
instanceKlass com/android/repository/impl/downloader/LocalFileAwareDownloader
instanceKlass com/android/repository/api/Downloader
instanceKlass com/android/build/gradle/internal/SdkLibDataFactory
instanceKlass com/android/builder/sdk/SdkLibData
instanceKlass com/android/build/gradle/internal/errors/SyncIssueReporterImpl$GlobalSyncIssueService$Parameters$Inject
instanceKlass com/android/repository/api/ProgressIndicator
instanceKlass com/android/build/gradle/internal/SdkFullLoadingStrategy
instanceKlass com/android/build/gradle/internal/SdkComponentsBuildService$objcopyExecutableMapProvider$1
instanceKlass com/android/build/gradle/internal/SdkComponentsBuildService$stripExecutableFinderProvider$1
instanceKlass com/android/build/gradle/internal/SdkComponentsBuildService$ndkRevisionProvider$1
instanceKlass com/android/build/gradle/internal/SdkComponentsBuildService$ndkDirectoryProvider$1
instanceKlass com/android/build/gradle/internal/SdkComponentsBuildService$sdkDirectoryProvider$1
instanceKlass com/android/build/gradle/internal/SdkComponentsBuildService$supportBlasLibFolderProvider$1
instanceKlass com/android/build/gradle/internal/SdkComponentsBuildService$supportNativeLibFolderProvider$1
instanceKlass com/android/build/gradle/internal/SdkComponentsBuildService$renderScriptSupportJarProvider$1
instanceKlass com/android/build/gradle/internal/SdkComponentsBuildService$targetBootClasspathProvider$1
instanceKlass com/android/build/gradle/internal/SdkComponentsBuildService$targetAndroidVersionProvider$1
instanceKlass com/android/build/gradle/internal/SdkComponentsBuildService$optionalLibrariesProvider$1
instanceKlass com/android/build/gradle/internal/SdkComponentsBuildService$additionalLibrariesProvider$1
instanceKlass com/android/build/gradle/internal/SdkComponentsBuildService$aidlFrameworkProvider$1
instanceKlass com/android/build/gradle/internal/SdkComponentsBuildService$annotationsJarProvider$1
instanceKlass com/android/build/gradle/internal/SdkComponentsBuildService$androidJarProvider$1
instanceKlass com/android/build/gradle/internal/SdkComponentsBuildService$splitSelectExecutableProvider$1
instanceKlass com/android/build/gradle/internal/SdkComponentsBuildService$coreLambdaStubsProvider$1
instanceKlass com/android/build/gradle/internal/SdkComponentsBuildService$adbExecutableProvider$1
instanceKlass com/android/build/gradle/internal/SdkComponentsBuildService$aidlExecutableProvider$1
instanceKlass com/android/build/gradle/internal/SdkComponentsBuildService$buildToolsRevisionProvider$1
instanceKlass com/android/build/gradle/internal/SdkComponentsBuildService$buildToolInfoProvider$1
instanceKlass com/android/build/gradle/internal/SdkComponentsBuildService$sdkSetupCorrectly$1
instanceKlass com/android/build/gradle/internal/cxx/stripping/SymbolStripExecutableFinder
instanceKlass com/android/sdklib/OptionalLibrary
instanceKlass com/android/build/gradle/internal/ndk/NdkHandler
instanceKlass com/android/build/gradle/internal/cxx/configure/NdkLocator
instanceKlass com/android/build/gradle/internal/SdkHandler
instanceKlass com/android/build/gradle/internal/SdkLoadingStrategy
instanceKlass com/android/build/gradle/internal/SdkComponentsBuildService$Parameters$Inject
instanceKlass com/android/build/gradle/internal/scope/GlobalScope$$Lambda$638
instanceKlass com/android/build/gradle/internal/scope/GlobalScope$$Lambda$637
instanceKlass com/android/build/gradle/internal/scope/GlobalScope$$Lambda$636
instanceKlass com/android/build/gradle/internal/scope/GlobalScope$$Lambda$635
instanceKlass com/android/build/gradle/internal/scope/GlobalScope$$Lambda$634
instanceKlass com/android/build/gradle/internal/tasks/ProguardConfigurableTask$CreationAction$applyProguardConfigForNonTest$proguardConfigFiles$1
instanceKlass com/android/build/gradle/internal/tasks/R8Task$Companion
instanceKlass com/android/build/gradle/tasks/ProcessApplicationManifest$CreationAction$configure$4
instanceKlass com/android/build/gradle/tasks/ProcessApplicationManifest$sam$java_util_concurrent_Callable$0
instanceKlass com/android/build/gradle/tasks/ProcessApplicationManifest$CreationAction$configure$2
instanceKlass com/android/build/gradle/tasks/ProcessApplicationManifest$CreationAction$configure$1
instanceKlass com/android/build/gradle/tasks/ProcessApplicationManifest$Companion
instanceKlass com/android/build/gradle/tasks/CompatibleScreensManifest$CreationAction$configure$2
instanceKlass com/android/build/gradle/internal/tasks/AndroidReportTask$CreationAction$$Lambda$633
instanceKlass com/android/build/gradle/internal/tasks/AndroidReportTask$CreationAction$$Lambda$632
instanceKlass com/android/build/gradle/internal/TaskManager$$Lambda$631
instanceKlass com/android/build/gradle/internal/TaskManager$$Lambda$630
instanceKlass androidx/navigation/safeargs/gradle/SafeArgsPlugin$navigationFiles$1
instanceKlass androidx/navigation/safeargs/gradle/SafeArgsPlugin$rFilePackage$1
instanceKlass com/android/build/gradle/internal/errors/SyncIssueReporterImpl$WhenMappings
instanceKlass com/android/build/gradle/internal/ide/SyncIssueImpl
instanceKlass com/android/builder/model/SyncIssue
instanceKlass androidx/navigation/safeargs/gradle/SafeArgsPlugin$apply$1$task$1
instanceKlass com/android/build/gradle/internal/DependencyConfigurator$setBuildTypeStrategy$2
instanceKlass com/android/build/gradle/internal/dependency/AlternateDisambiguationRule
instanceKlass org/gradle/internal/snapshot/impl/MapEntrySnapshot
instanceKlass com/android/build/gradle/internal/DependencyConfigurator$setBuildTypeStrategy$1
instanceKlass com/android/build/gradle/internal/dependency/AlternateCompatibilityRule
instanceKlass org/gradle/util/GUtil$4
instanceKlass com/android/build/gradle/internal/TaskManager$$Lambda$629
instanceKlass org/gradle/api/internal/provider/AbstractProperty$1
instanceKlass org/gradle/api/internal/provider/AbstractCollectionProperty$PlusCollector
instanceKlass com/android/build/gradle/internal/tasks/D8MainDexListTask$CreationAction$2
instanceKlass com/android/build/gradle/internal/tasks/D8MainDexListTask$CreationAction$1
instanceKlass com/android/build/gradle/internal/core/VariantDslInfoImpl$instrumentationRunner$1
instanceKlass com/android/ide/common/build/GenericFilterConfiguration
instanceKlass com/android/build/gradle/internal/variant/ApplicationVariantFactory$populateMultiApkOutputs$1
instanceKlass com/android/build/api/attributes/ProductFlavorAttr$Impl
instanceKlass com/android/build/gradle/internal/variant/FlavorCombinationBuilder
instanceKlass com/android/build/gradle/internal/variant/DimensionCombinatorKt
instanceKlass com/google/wireless/android/sdk/stats/DeviceInfo$ApplicationBinaryInterface$1
instanceKlass org/codehaus/groovy/runtime/metaclass/ClosureMetaClass$3
instanceKlass com/android/build/gradle/internal/dsl/PostProcessingBlock$1
instanceKlass com/google/common/collect/AbstractMapBasedMultimap$Itr
instanceKlass com/google/common/collect/SetMultimap
instanceKlass com/android/builder/internal/ClassFieldImpl
instanceKlass org/gradle/process/internal/DefaultExecHandle$ExecResultImpl
instanceKlass org/gradle/process/internal/streams/ExecOutputHandleRunner
instanceKlass java/lang/ProcessImpl$2
instanceKlass net/rubygrapefruit/platform/internal/jni/WindowsHandleFunctions
instanceKlass java/lang/ProcessBuilder
instanceKlass org/gradle/internal/operations/CurrentBuildOperationPreservingRunnable
instanceKlass org/gradle/process/internal/ProcessBuilderFactory
instanceKlass org/gradle/process/internal/DefaultExecHandle$CompositeStreamsHandler
instanceKlass org/gradle/process/internal/ExecHandleRunner
instanceKlass org/gradle/process/internal/ExecHandleShutdownHookAction
instanceKlass net/rubygrapefruit/platform/internal/DefaultProcessLauncher
instanceKlass net/rubygrapefruit/platform/internal/WindowsProcessLauncher
instanceKlass net/rubygrapefruit/platform/internal/WrapperProcessLauncher
instanceKlass org/gradle/process/internal/DefaultExecHandle
instanceKlass org/gradle/process/internal/ProcessSettings
instanceKlass org/gradle/process/internal/streams/OutputStreamsForwarder
instanceKlass org/gradle/process/internal/ExecHandleListener
instanceKlass org/gradle/process/internal/streams/SafeStreams
instanceKlass org/gradle/process/internal/streams/EmptyStdInStreamsHandler
instanceKlass org/gradle/process/internal/ExecHandle
instanceKlass org/gradle/process/internal/StreamsHandler
instanceKlass androidx/navigation/safeargs/gradle/SafeArgsPluginKt$sam$org_gradle_api_Action$0
instanceKlass org/jetbrains/kotlin/gradle/dsl/KotlinProjectExtension
instanceKlass androidx/navigation/safeargs/gradle/SafeArgsPlugin
instanceKlass org/gradle/api/java/archives/ManifestMergeSpec
instanceKlass groovy/util/Node
instanceKlass org/gradle/api/internal/artifacts/ivyservice/projectmodule/DefaultProjectPublicationRegistry$ReferenceImpl
instanceKlass org/gradle/api/internal/artifacts/ivyservice/projectmodule/ProjectPublicationRegistry$Reference
instanceKlass org/gradle/api/internal/artifacts/ivyservice/projectmodule/DefaultProjectPublication
instanceKlass org/gradle/api/plugins/BasePlugin$2$$Lambda$628
instanceKlass org/gradle/api/plugins/BasePlugin$2$$Lambda$627
instanceKlass org/gradle/api/internal/tasks/DefaultTaskContainer$1
instanceKlass org/apache/maven/model/ActivationOS
instanceKlass org/apache/maven/model/ActivationFile
instanceKlass org/apache/maven/model/ActivationProperty
instanceKlass org/apache/maven/model/Activation
instanceKlass org/apache/maven/model/RepositoryPolicy
instanceKlass org/apache/maven/model/Site
instanceKlass org/apache/maven/model/Relocation
instanceKlass org/apache/maven/model/PatternSet
instanceKlass org/apache/maven/model/Extension
instanceKlass org/apache/maven/model/Notifier
instanceKlass org/apache/maven/model/DistributionManagement
instanceKlass org/apache/maven/model/DependencyManagement
instanceKlass org/apache/maven/model/Scm
instanceKlass org/apache/maven/model/CiManagement
instanceKlass org/apache/maven/model/License
instanceKlass org/apache/maven/model/Prerequisites
instanceKlass org/apache/maven/model/PluginContainer
instanceKlass org/apache/maven/model/Organization
instanceKlass org/apache/maven/model/Contributor
instanceKlass org/apache/maven/model/MailingList
instanceKlass org/apache/maven/model/IssueManagement
instanceKlass org/apache/maven/model/Parent
instanceKlass org/apache/maven/model/Reporting
instanceKlass org/apache/maven/model/InputLocation
instanceKlass org/apache/maven/model/ConfigurationContainer
instanceKlass org/gradle/api/publication/maven/internal/pom/PlexusLoggerAdapter
instanceKlass org/sonatype/maven/polyglot/execute/ExecuteManagerImpl
instanceKlass org/codehaus/plexus/logging/Logger
instanceKlass org/sonatype/maven/polyglot/execute/ExecuteTask
instanceKlass groovy/util/FactoryBuilderSupport$1
instanceKlass org/sonatype/maven/polyglot/execute/ExecuteManager
instanceKlass groovy/util/AbstractFactory
instanceKlass groovy/util/Factory
instanceKlass org/codehaus/plexus/personality/plexus/lifecycle/phase/Initializable
instanceKlass org/gradle/api/XmlProvider
instanceKlass org/apache/maven/model/Dependency
instanceKlass org/gradle/api/artifacts/maven/PublishFilter$1
instanceKlass org/apache/maven/model/ModelBase
instanceKlass org/apache/maven/project/ProjectBuildingRequest
instanceKlass org/apache/maven/model/RepositoryBase
instanceKlass org/apache/maven/project/MavenProject
instanceKlass org/gradle/api/publication/maven/internal/pom/DefaultMavenPom
instanceKlass org/gradle/api/publication/maven/internal/DefaultPomFilter
instanceKlass org/apache/maven/settings/TrackableBase
instanceKlass sun/misc/URLClassPath$JarLoader$3
instanceKlass org/apache/maven/wagon/proxy/ProxyInfo
instanceKlass org/apache/maven/wagon/authentication/AuthenticationInfo
instanceKlass org/apache/tools/ant/Project
instanceKlass org/apache/tools/ant/Location
instanceKlass org/gradle/internal/component/external/ivypublish/IvyModulePublishMetadata
instanceKlass org/gradle/api/artifacts/maven/PublishFilter
instanceKlass org/gradle/api/internal/ConfigureByMapAction
instanceKlass org/gradle/api/internal/plugins/UploadRule$1
instanceKlass org/gradle/plugins/signing/SigningExtension$13
instanceKlass org/gradle/plugins/signing/SigningExtension$12
instanceKlass org/gradle/plugins/signing/Sign$$Lambda$626
instanceKlass org/gradle/plugins/signing/Signature$3
instanceKlass org/gradle/plugins/signing/Signature$2
instanceKlass org/gradle/plugins/signing/Signature$1
instanceKlass org/gradle/plugins/signing/Sign$$Lambda$625
instanceKlass org/gradle/plugins/signing/Sign$$Lambda$624
instanceKlass org/gradle/plugins/signing/SigningExtension$4
instanceKlass org/gradle/plugins/signing/SigningExtension$3
instanceKlass org/gradle/plugins/signing/SigningExtension$2
instanceKlass org/gradle/api/internal/AbstractTask$5
instanceKlass org/gradle/plugins/signing/Sign$$Lambda$623
instanceKlass org/gradle/plugins/signing/SigningExtension$6
instanceKlass org/gradle/api/publish/internal/PublicationInternal$PublishedFile
instanceKlass org/gradle/api/publish/internal/versionmapping/VersionMappingStrategyInternal
instanceKlass org/gradle/api/publish/VersionMappingStrategy
instanceKlass org/gradle/api/publish/internal/PublicationInternal$DerivedArtifact
instanceKlass org/gradle/api/publish/PublicationArtifact
instanceKlass org/gradle/api/publish/internal/PublicationArtifactSet
instanceKlass org/gradle/plugins/ide/idea/model/Dependency
instanceKlass org/gradle/plugins/ide/idea/IdeaPlugin$21$1
instanceKlass org/gradle/plugins/ide/internal/generator/generator/PersistableConfigurationObjectGenerator
instanceKlass org/gradle/plugins/ide/internal/generator/generator/Generator
instanceKlass org/gradle/api/internal/AbstractTask$20
instanceKlass org/gradle/api/internal/artifacts/configurations/TasksFromDependentProjects$TaskDependencyChecker
instanceKlass org/gradle/api/internal/artifacts/repositories/DefaultMavenArtifactRepository$DefaultDescriber
instanceKlass java/math/BigDecimal$StringBuilderHelper
instanceKlass org/gradle/plugins/ide/idea/IdeaPlugin$31
instanceKlass org/gradle/language/scala/plugins/ScalaLanguagePlugin
instanceKlass org/gradle/plugins/ide/idea/IdeaPlugin$30
instanceKlass org/gradle/api/plugins/scala/ScalaBasePlugin
instanceKlass org/gradle/plugins/ide/idea/IdeaPlugin$20
instanceKlass org/gradle/plugins/ide/idea/IdeaPlugin$28
instanceKlass org/gradle/plugins/ide/idea/IdeaPlugin$27
instanceKlass org/gradle/plugins/ide/idea/IdeaPlugin$26
instanceKlass org/gradle/plugins/ide/idea/IdeaPlugin$25
instanceKlass org/gradle/plugins/ide/idea/IdeaPlugin$24
instanceKlass org/gradle/plugins/ide/idea/IdeaPlugin$23
instanceKlass org/gradle/plugins/ide/idea/IdeaPlugin$22
instanceKlass org/gradle/plugins/ide/idea/IdeaPlugin$21
instanceKlass org/gradle/plugins/ide/idea/IdeaPlugin$19
instanceKlass org/gradle/plugins/ide/internal/IdePlugin$4
instanceKlass org/gradle/plugins/ide/internal/IdePlugin$3
instanceKlass org/gradle/plugins/ide/internal/IdePlugin$6
instanceKlass org/gradle/plugins/ide/idea/internal/IdeaModuleMetadata
instanceKlass org/gradle/plugins/ide/idea/IdeaPlugin$18
instanceKlass org/gradle/plugins/ide/idea/IdeaPlugin$17
instanceKlass org/gradle/plugins/ide/idea/IdeaPlugin$16
instanceKlass org/gradle/plugins/ide/idea/IdeaPlugin$15
instanceKlass org/gradle/plugins/ide/idea/IdeaPlugin$14
instanceKlass org/gradle/plugins/ide/idea/IdeaPlugin$13
instanceKlass org/gradle/plugins/ide/idea/IdeaPlugin$12
instanceKlass com/google/common/collect/AbstractMapBasedMultimap$AsMap$AsMapIterator
instanceKlass org/gradle/plugins/ide/internal/configurer/HierarchicalElementDeduplicator$StatefulDeduplicator$1
instanceKlass org/gradle/plugins/ide/internal/configurer/HierarchicalElementDeduplicator$StatefulDeduplicator
instanceKlass org/gradle/plugins/ide/internal/configurer/DefaultUniqueProjectNameProvider$ProjectPathDeduplicationAdapter
instanceKlass org/gradle/plugins/ide/internal/configurer/HierarchicalElementDeduplicator
instanceKlass org/gradle/plugins/ide/idea/IdeaPlugin$11
instanceKlass org/gradle/plugins/ide/internal/generator/AbstractPersistableConfigurationObject
instanceKlass org/gradle/plugins/ide/internal/generator/generator/PersistableConfigurationObject
instanceKlass org/gradle/language/scala/ScalaPlatform
